[2022-01-02T03:30:50.090227+03:00] flutterwave/rave.NOTICE: Generating Reference Number.... [] []
[2022-01-02T03:30:50.093046+03:00] flutterwave/rave.NOTICE: Generated Reference Number....MY_NAME_5a22a7f270abc8879 [] []
[2022-01-02T03:30:50.093175+03:00] flutterwave/rave.NOTICE: Rave Class Initializes.... [] []
[2022-01-02T03:30:50.093369+03:00] flutterwave/rave.NOTICE: Generating Checksum.... [] []
[2022-01-02T03:30:57.117923+03:00] flutterwave/rave.NOTICE: Generating Reference Number.... [] []
[2022-01-02T03:30:57.120374+03:00] flutterwave/rave.NOTICE: Generated Reference Number....RV_61d0f2411d623 [] []
[2022-01-02T03:30:57.120905+03:00] flutterwave/rave.NOTICE: Rave Class Initializes.... [] []
[2022-01-02T03:30:57.120972+03:00] flutterwave/rave.NOTICE: Payment was canceled by user..RV_61d0f2411d623 [] []
[2022-01-02T03:31:46.727513+03:00] flutterwave/rave.NOTICE: Generating Reference Number.... [] []
[2022-01-02T03:31:46.730003+03:00] flutterwave/rave.NOTICE: Generated Reference Number....MY_NAME_5a22a7f270abc8879 [] []
[2022-01-02T03:31:46.730072+03:00] flutterwave/rave.NOTICE: Rave Class Initializes.... [] []
[2022-01-02T03:31:46.730135+03:00] flutterwave/rave.NOTICE: Generating Checksum.... [] []
[2022-01-02T03:32:22.388921+03:00] flutterwave/rave.NOTICE: Generating Reference Number.... [] []
[2022-01-02T03:32:22.391303+03:00] flutterwave/rave.NOTICE: Generated Reference Number....MY_NAME_5a22a7f270abc8879 [] []
[2022-01-02T03:32:22.391366+03:00] flutterwave/rave.NOTICE: Rave Class Initializes.... [] []
[2022-01-02T03:32:22.391427+03:00] flutterwave/rave.NOTICE: Generating Checksum.... [] []
[2022-01-02T03:32:34.324004+03:00] flutterwave/rave.NOTICE: Generating Reference Number.... [] []
[2022-01-02T03:32:34.326433+03:00] flutterwave/rave.NOTICE: Generated Reference Number....RV_61d0f2a24fb13 [] []
[2022-01-02T03:32:34.326511+03:00] flutterwave/rave.NOTICE: Rave Class Initializes.... [] []
[2022-01-02T03:32:34.326564+03:00] flutterwave/rave.NOTICE: Payment was canceled by user..RV_61d0f2a24fb13 [] []
[2022-01-02T03:40:21.506423+03:00] flutterwave/rave.NOTICE: Generating Reference Number.... [] []
[2022-01-02T03:40:21.508953+03:00] flutterwave/rave.NOTICE: Generated Reference Number....MY_NAME_5a22a7f270abc8879 [] []
[2022-01-02T03:40:21.509033+03:00] flutterwave/rave.NOTICE: Rave Class Initializes.... [] []
[2022-01-02T03:40:21.509096+03:00] flutterwave/rave.NOTICE: Generating Checksum.... [] []
[2022-01-02T04:10:04.154398+03:00] flutterwave/rave.NOTICE: Generating Reference Number.... [] []
[2022-01-02T04:10:04.156759+03:00] flutterwave/rave.NOTICE: Generated Reference Number....MY_NAME_5a22a7f270abc8879 [] []
[2022-01-02T04:10:04.156826+03:00] flutterwave/rave.NOTICE: Rave Class Initializes.... [] []
[2022-01-02T04:10:04.156900+03:00] flutterwave/rave.NOTICE: Generating Checksum.... [] []
[2022-01-02T04:35:54.491749+03:00] flutterwave/rave.NOTICE: Generating Reference Number.... [] []
[2022-01-02T04:35:54.496804+03:00] flutterwave/rave.NOTICE: Generated Reference Number....MY_NAME_5a22a7f270abc8879 [] []
[2022-01-02T04:35:54.496870+03:00] flutterwave/rave.NOTICE: Rave Class Initializes.... [] []
[2022-01-02T04:35:54.496933+03:00] flutterwave/rave.NOTICE: Generating Checksum.... [] []
[2022-01-02T05:58:11.633784+03:00] flutterwave/rave.NOTICE: Generating Reference Number.... [] []
[2022-01-02T05:58:11.686627+03:00] flutterwave/rave.NOTICE: Generated Reference Number....MY_NAME_5a22a7f270abc8879 [] []
[2022-01-02T05:58:11.686739+03:00] flutterwave/rave.NOTICE: Rave Class Initializes.... [] []
[2022-01-02T05:58:52.279955+03:00] flutterwave/rave.NOTICE: Generating Reference Number.... [] []
[2022-01-02T05:58:52.282441+03:00] flutterwave/rave.NOTICE: Generated Reference Number....MY_NAME_5a22a7f270abc8879 [] []
[2022-01-02T05:58:52.282507+03:00] flutterwave/rave.NOTICE: Rave Class Initializes.... [] []
[2022-01-02T06:01:03.247892+03:00] flutterwave/rave.NOTICE: Generating Reference Number.... [] []
[2022-01-02T06:01:03.251905+03:00] flutterwave/rave.NOTICE: Generated Reference Number....MY_NAME_5a22a7f270abc8879 [] []
[2022-01-02T06:01:03.252117+03:00] flutterwave/rave.NOTICE: Rave Class Initializes.... [] []
[2022-01-02T06:01:19.903647+03:00] flutterwave/rave.NOTICE: Generating Reference Number.... [] []
[2022-01-02T06:01:19.906098+03:00] flutterwave/rave.NOTICE: Generated Reference Number....MY_NAME_5a22a7f270abc8879 [] []
[2022-01-02T06:01:19.906165+03:00] flutterwave/rave.NOTICE: Rave Class Initializes.... [] []
[2022-01-02T06:01:28.433004+03:00] flutterwave/rave.NOTICE: Generating Reference Number.... [] []
[2022-01-02T06:01:28.436660+03:00] flutterwave/rave.NOTICE: Generated Reference Number....RV_61d115886a99e [] []
[2022-01-02T06:01:28.436739+03:00] flutterwave/rave.NOTICE: Rave Class Initializes.... [] []
[2022-01-02T06:01:28.436803+03:00] flutterwave/rave.NOTICE: Payment was canceled by user..RV_61d115886a99e [] []
[2022-01-02T06:03:51.137607+03:00] flutterwave/rave.NOTICE: Generating Reference Number.... [] []
[2022-01-02T06:03:51.140118+03:00] flutterwave/rave.NOTICE: Generated Reference Number....MY_NAME_5a22a7f270abc8879 [] []
[2022-01-02T06:03:51.140181+03:00] flutterwave/rave.NOTICE: Rave Class Initializes.... [] []
[2022-01-02T06:04:03.326838+03:00] flutterwave/rave.NOTICE: Generating Reference Number.... [] []
[2022-01-02T06:04:03.330706+03:00] flutterwave/rave.NOTICE: Generated Reference Number....MY_NAME_5a22a7f270abc8879 [] []
[2022-01-02T06:04:03.330825+03:00] flutterwave/rave.NOTICE: Rave Class Initializes.... [] []
[2022-01-02T06:17:39.018335+03:00] flutterwave/rave.NOTICE: Generating Reference Number.... [] []
[2022-01-02T06:17:39.020869+03:00] flutterwave/rave.NOTICE: Generated Reference Number....MY_NAME_5a22a7f270abc8879 [] []
[2022-01-02T06:17:39.020937+03:00] flutterwave/rave.NOTICE: Rave Class Initializes.... [] []
