[2022-01-01T19:45:54.302560+03:00] flutterwave/rave.NOTICE: Generating Reference Number.... [] []
[2022-01-01T19:45:54.307905+03:00] flutterwave/rave.NOTICE: Generated Reference Number....MY_NAME_5a22a7f270abc8879 [] []
[2022-01-01T19:45:54.308065+03:00] flutterwave/rave.NOTICE: Rave Class Initializes.... [] []
[2022-01-01T20:25:36.042451+03:00] flutterwave/rave.NOTICE: Generating Reference Number.... [] []
[2022-01-01T20:25:36.046433+03:00] flutterwave/rave.NOTICE: Generated Reference Number....MY_NAME_5a22a7f270abc8879 [] []
[2022-01-01T20:25:36.046536+03:00] flutterwave/rave.NOTICE: Rave Class Initializes.... [] []
[2022-01-01T20:25:36.046874+03:00] flutterwave/rave.NOTICE: Generating Checksum.... [] []
[2022-01-01T20:27:12.943480+03:00] flutterwave/rave.NOTICE: Generating Reference Number.... [] []
[2022-01-01T20:27:12.946652+03:00] flutterwave/rave.NOTICE: Generated Reference Number....MY_NAME_5a22a7f270abc8879 [] []
[2022-01-01T20:27:12.946726+03:00] flutterwave/rave.NOTICE: Rave Class Initializes.... [] []
[2022-01-01T20:27:12.946802+03:00] flutterwave/rave.NOTICE: Generating Checksum.... [] []
[2022-01-01T20:27:45.054184+03:00] flutterwave/rave.NOTICE: Generating Reference Number.... [] []
[2022-01-01T20:27:45.059580+03:00] flutterwave/rave.NOTICE: Generated Reference Number....MY_NAME_5a22a7f270abc8879 [] []
[2022-01-01T20:27:45.059701+03:00] flutterwave/rave.NOTICE: Rave Class Initializes.... [] []
[2022-01-01T20:27:45.059807+03:00] flutterwave/rave.NOTICE: Generating Checksum.... [] []
[2022-01-01T20:27:55.992709+03:00] flutterwave/rave.NOTICE: Generating Reference Number.... [] []
[2022-01-01T20:27:55.995045+03:00] flutterwave/rave.NOTICE: Generated Reference Number....RV_61d08f1bf2ed7 [] []
[2022-01-01T20:27:55.995120+03:00] flutterwave/rave.NOTICE: Rave Class Initializes.... [] []
[2022-01-01T20:30:06.418375+03:00] flutterwave/rave.NOTICE: Generating Reference Number.... [] []
[2022-01-01T20:30:06.424498+03:00] flutterwave/rave.NOTICE: Generated Reference Number....RV_61d08f9e67a1e [] []
[2022-01-01T20:30:06.424576+03:00] flutterwave/rave.NOTICE: Rave Class Initializes.... [] []
[2022-01-01T20:30:06.424637+03:00] flutterwave/rave.NOTICE: Payment was canceled by user..RV_61d08f9e67a1e [] []
[2022-01-01T20:32:25.940342+03:00] flutterwave/rave.NOTICE: Generating Reference Number.... [] []
[2022-01-01T20:32:25.942800+03:00] flutterwave/rave.NOTICE: Generated Reference Number....RV_61d09029e62c3 [] []
[2022-01-01T20:32:25.942995+03:00] flutterwave/rave.NOTICE: Rave Class Initializes.... [] []
[2022-01-01T20:32:25.943175+03:00] flutterwave/rave.NOTICE: Payment was canceled by user..RV_61d09029e62c3 [] []
[2022-01-01T20:33:15.905782+03:00] flutterwave/rave.NOTICE: Generating Reference Number.... [] []
[2022-01-01T20:33:15.907649+03:00] flutterwave/rave.NOTICE: Generated Reference Number....RV_61d0905bdd974 [] []
[2022-01-01T20:33:15.907713+03:00] flutterwave/rave.NOTICE: Rave Class Initializes.... [] []
[2022-01-01T20:33:15.907766+03:00] flutterwave/rave.NOTICE: Payment was canceled by user..RV_61d0905bdd974 [] []
[2022-01-01T20:36:36.156806+03:00] flutterwave/rave.NOTICE: Generating Reference Number.... [] []
[2022-01-01T20:36:36.159080+03:00] flutterwave/rave.NOTICE: Generated Reference Number....RV_61d0912426d5c [] []
[2022-01-01T20:36:36.159140+03:00] flutterwave/rave.NOTICE: Rave Class Initializes.... [] []
[2022-01-01T20:36:36.159192+03:00] flutterwave/rave.NOTICE: Payment was canceled by user..RV_61d0912426d5c [] []
[2022-01-01T20:37:02.627133+03:00] flutterwave/rave.NOTICE: Generating Reference Number.... [] []
[2022-01-01T20:37:02.629950+03:00] flutterwave/rave.NOTICE: Generated Reference Number....RV_61d0913e99caa [] []
[2022-01-01T20:37:02.630026+03:00] flutterwave/rave.NOTICE: Rave Class Initializes.... [] []
[2022-01-01T20:37:02.630082+03:00] flutterwave/rave.NOTICE: Payment was canceled by user..RV_61d0913e99caa [] []
[2022-01-01T20:37:14.232976+03:00] flutterwave/rave.NOTICE: Generating Reference Number.... [] []
[2022-01-01T20:37:14.234961+03:00] flutterwave/rave.NOTICE: Generated Reference Number....RV_61d0914a395c2 [] []
[2022-01-01T20:37:14.235111+03:00] flutterwave/rave.NOTICE: Rave Class Initializes.... [] []
[2022-01-01T20:37:14.235173+03:00] flutterwave/rave.NOTICE: Payment was canceled by user..RV_61d0914a395c2 [] []
[2022-01-01T20:37:47.449487+03:00] flutterwave/rave.NOTICE: Generating Reference Number.... [] []
[2022-01-01T20:37:47.451355+03:00] flutterwave/rave.NOTICE: Generated Reference Number....RV_61d0916b6e30d [] []
[2022-01-01T20:37:47.451420+03:00] flutterwave/rave.NOTICE: Rave Class Initializes.... [] []
[2022-01-01T20:37:47.451475+03:00] flutterwave/rave.NOTICE: Payment was canceled by user..RV_61d0916b6e30d [] []
[2022-01-01T20:40:12.258072+03:00] flutterwave/rave.NOTICE: Generating Reference Number.... [] []
[2022-01-01T20:40:12.260370+03:00] flutterwave/rave.NOTICE: Generated Reference Number....RV_61d091fc3f905 [] []
[2022-01-01T20:40:12.260432+03:00] flutterwave/rave.NOTICE: Rave Class Initializes.... [] []
[2022-01-01T20:40:12.260482+03:00] flutterwave/rave.NOTICE: Payment was canceled by user..RV_61d091fc3f905 [] []
[2022-01-01T20:40:44.180282+03:00] flutterwave/rave.NOTICE: Generating Reference Number.... [] []
[2022-01-01T20:40:44.183369+03:00] flutterwave/rave.NOTICE: Generated Reference Number....RV_61d0921c2cc38 [] []
[2022-01-01T20:40:44.183432+03:00] flutterwave/rave.NOTICE: Rave Class Initializes.... [] []
[2022-01-01T20:40:44.183486+03:00] flutterwave/rave.NOTICE: Payment was canceled by user..RV_61d0921c2cc38 [] []
[2022-01-01T20:41:03.976530+03:00] flutterwave/rave.NOTICE: Generating Reference Number.... [] []
[2022-01-01T20:41:03.978379+03:00] flutterwave/rave.NOTICE: Generated Reference Number....RV_61d0922feedbe [] []
[2022-01-01T20:41:03.978455+03:00] flutterwave/rave.NOTICE: Rave Class Initializes.... [] []
[2022-01-01T20:41:03.978514+03:00] flutterwave/rave.NOTICE: Payment was canceled by user..RV_61d0922feedbe [] []
[2022-01-01T20:41:06.949932+03:00] flutterwave/rave.NOTICE: Generating Reference Number.... [] []
[2022-01-01T20:41:06.951795+03:00] flutterwave/rave.NOTICE: Generated Reference Number....RV_61d09232e85e4 [] []
[2022-01-01T20:41:06.951873+03:00] flutterwave/rave.NOTICE: Rave Class Initializes.... [] []
[2022-01-01T20:41:06.951927+03:00] flutterwave/rave.NOTICE: Payment was canceled by user..RV_61d09232e85e4 [] []
[2022-01-01T20:41:08.209930+03:00] flutterwave/rave.NOTICE: Generating Reference Number.... [] []
[2022-01-01T20:41:08.211768+03:00] flutterwave/rave.NOTICE: Generated Reference Number....RV_61d0923433b26 [] []
[2022-01-01T20:41:08.211842+03:00] flutterwave/rave.NOTICE: Rave Class Initializes.... [] []
[2022-01-01T20:41:08.211895+03:00] flutterwave/rave.NOTICE: Payment was canceled by user..RV_61d0923433b26 [] []
[2022-01-01T20:41:58.856402+03:00] flutterwave/rave.NOTICE: Generating Reference Number.... [] []
[2022-01-01T20:41:58.858769+03:00] flutterwave/rave.NOTICE: Generated Reference Number....MY_NAME_5a22a7f270abc8879 [] []
[2022-01-01T20:41:58.858839+03:00] flutterwave/rave.NOTICE: Rave Class Initializes.... [] []
[2022-01-01T20:41:58.858913+03:00] flutterwave/rave.NOTICE: Generating Checksum.... [] []
[2022-01-01T20:42:33.695449+03:00] flutterwave/rave.NOTICE: Generating Reference Number.... [] []
[2022-01-01T20:42:33.699842+03:00] flutterwave/rave.NOTICE: Generated Reference Number....MY_NAME_5a22a7f270abc8879 [] []
[2022-01-01T20:42:33.700045+03:00] flutterwave/rave.NOTICE: Rave Class Initializes.... [] []
[2022-01-01T20:42:33.700198+03:00] flutterwave/rave.NOTICE: Generating Checksum.... [] []
[2022-01-01T20:49:15.617018+03:00] flutterwave/rave.NOTICE: Generating Reference Number.... [] []
[2022-01-01T20:49:15.619537+03:00] flutterwave/rave.NOTICE: Generated Reference Number....MY_NAME_5a22a7f270abc8879 [] []
[2022-01-01T20:49:15.619602+03:00] flutterwave/rave.NOTICE: Rave Class Initializes.... [] []
[2022-01-01T20:49:15.619666+03:00] flutterwave/rave.NOTICE: Generating Checksum.... [] []
[2022-01-01T20:49:26.824144+03:00] flutterwave/rave.NOTICE: Generating Reference Number.... [] []
[2022-01-01T20:49:26.826557+03:00] flutterwave/rave.NOTICE: Generated Reference Number....RV_61d09426c9ca6 [] []
[2022-01-01T20:49:26.826886+03:00] flutterwave/rave.NOTICE: Rave Class Initializes.... [] []
[2022-01-01T20:49:26.826963+03:00] flutterwave/rave.NOTICE: Payment was canceled by user..RV_61d09426c9ca6 [] []
[2022-01-01T21:11:52.973037+03:00] flutterwave/rave.NOTICE: Generating Reference Number.... [] []
[2022-01-01T21:11:52.975328+03:00] flutterwave/rave.NOTICE: Generated Reference Number....RV_61d09968ee1d3 [] []
[2022-01-01T21:11:52.975390+03:00] flutterwave/rave.NOTICE: Rave Class Initializes.... [] []
[2022-01-01T21:11:52.975443+03:00] flutterwave/rave.NOTICE: Payment was canceled by user..RV_61d09968ee1d3 [] []
[2022-01-01T21:11:57.611541+03:00] flutterwave/rave.NOTICE: Generating Reference Number.... [] []
[2022-01-01T21:11:57.613607+03:00] flutterwave/rave.NOTICE: Generated Reference Number....RV_61d0996d95cd6 [] []
[2022-01-01T21:11:57.613682+03:00] flutterwave/rave.NOTICE: Rave Class Initializes.... [] []
[2022-01-01T21:11:57.613739+03:00] flutterwave/rave.NOTICE: Payment was canceled by user..RV_61d0996d95cd6 [] []
[2022-01-01T21:12:00.863621+03:00] flutterwave/rave.NOTICE: Generating Reference Number.... [] []
[2022-01-01T21:12:00.866083+03:00] flutterwave/rave.NOTICE: Generated Reference Number....MY_NAME_5a22a7f270abc8879 [] []
[2022-01-01T21:12:00.866168+03:00] flutterwave/rave.NOTICE: Rave Class Initializes.... [] []
[2022-01-01T21:12:00.866254+03:00] flutterwave/rave.NOTICE: Generating Checksum.... [] []
[2022-01-01T21:12:23.970977+03:00] flutterwave/rave.NOTICE: Generating Reference Number.... [] []
[2022-01-01T21:12:23.973449+03:00] flutterwave/rave.NOTICE: Generated Reference Number....MY_NAME_5a22a7f270abc8879 [] []
[2022-01-01T21:12:23.973520+03:00] flutterwave/rave.NOTICE: Rave Class Initializes.... [] []
[2022-01-01T21:12:23.973594+03:00] flutterwave/rave.NOTICE: Generating Checksum.... [] []
[2022-01-01T21:12:41.956728+03:00] flutterwave/rave.NOTICE: Generating Reference Number.... [] []
[2022-01-01T21:12:41.959637+03:00] flutterwave/rave.NOTICE: Generated Reference Number....MY_NAME_5a22a7f270abc8879 [] []
[2022-01-01T21:12:41.959717+03:00] flutterwave/rave.NOTICE: Rave Class Initializes.... [] []
[2022-01-01T21:12:41.959781+03:00] flutterwave/rave.NOTICE: Generating Checksum.... [] []
[2022-01-01T21:12:57.797648+03:00] flutterwave/rave.NOTICE: Generating Reference Number.... [] []
[2022-01-01T21:12:57.799992+03:00] flutterwave/rave.NOTICE: Generated Reference Number....MY_NAME_5a22a7f270abc8879 [] []
[2022-01-01T21:12:57.800069+03:00] flutterwave/rave.NOTICE: Rave Class Initializes.... [] []
[2022-01-01T21:12:57.800130+03:00] flutterwave/rave.NOTICE: Generating Checksum.... [] []
[2022-01-01T21:13:23.575940+03:00] flutterwave/rave.NOTICE: Generating Reference Number.... [] []
[2022-01-01T21:13:23.578248+03:00] flutterwave/rave.NOTICE: Generated Reference Number....MY_NAME_5a22a7f270abc8879 [] []
[2022-01-01T21:13:23.578318+03:00] flutterwave/rave.NOTICE: Rave Class Initializes.... [] []
[2022-01-01T21:13:23.578389+03:00] flutterwave/rave.NOTICE: Generating Checksum.... [] []
[2022-01-01T21:14:06.303835+03:00] flutterwave/rave.NOTICE: Generating Reference Number.... [] []
[2022-01-01T21:14:06.306247+03:00] flutterwave/rave.NOTICE: Generated Reference Number....MY_NAME_5a22a7f270abc8879 [] []
[2022-01-01T21:14:06.306318+03:00] flutterwave/rave.NOTICE: Rave Class Initializes.... [] []
[2022-01-01T21:14:06.306392+03:00] flutterwave/rave.NOTICE: Generating Checksum.... [] []
[2022-01-01T21:14:23.953813+03:00] flutterwave/rave.NOTICE: Generating Reference Number.... [] []
[2022-01-01T21:14:23.956309+03:00] flutterwave/rave.NOTICE: Generated Reference Number....MY_NAME_5a22a7f270abc8879 [] []
[2022-01-01T21:14:23.956376+03:00] flutterwave/rave.NOTICE: Rave Class Initializes.... [] []
[2022-01-01T21:14:23.956440+03:00] flutterwave/rave.NOTICE: Generating Checksum.... [] []
[2022-01-01T21:15:26.107669+03:00] flutterwave/rave.NOTICE: Generating Reference Number.... [] []
[2022-01-01T21:15:26.124121+03:00] flutterwave/rave.NOTICE: Generated Reference Number....MY_NAME_5a22a7f270abc8879 [] []
[2022-01-01T21:15:26.124291+03:00] flutterwave/rave.NOTICE: Rave Class Initializes.... [] []
[2022-01-01T21:15:26.124454+03:00] flutterwave/rave.NOTICE: Generating Checksum.... [] []
[2022-01-01T21:16:10.429911+03:00] flutterwave/rave.NOTICE: Generating Reference Number.... [] []
[2022-01-01T21:16:10.432330+03:00] flutterwave/rave.NOTICE: Generated Reference Number....MY_NAME_5a22a7f270abc8879 [] []
[2022-01-01T21:16:10.432399+03:00] flutterwave/rave.NOTICE: Rave Class Initializes.... [] []
[2022-01-01T21:16:10.432470+03:00] flutterwave/rave.NOTICE: Generating Checksum.... [] []
[2022-01-01T21:17:26.088446+03:00] flutterwave/rave.NOTICE: Generating Reference Number.... [] []
[2022-01-01T21:17:26.091147+03:00] flutterwave/rave.NOTICE: Generated Reference Number....RV_61d09ab6163fb [] []
[2022-01-01T21:17:26.091214+03:00] flutterwave/rave.NOTICE: Rave Class Initializes.... [] []
[2022-01-01T21:17:26.091271+03:00] flutterwave/rave.NOTICE: Payment was canceled by user..RV_61d09ab6163fb [] []
[2022-01-01T21:17:29.079267+03:00] flutterwave/rave.NOTICE: Generating Reference Number.... [] []
[2022-01-01T21:17:29.081084+03:00] flutterwave/rave.NOTICE: Generated Reference Number....MY_NAME_5a22a7f270abc8879 [] []
[2022-01-01T21:17:29.081151+03:00] flutterwave/rave.NOTICE: Rave Class Initializes.... [] []
[2022-01-01T21:17:29.081224+03:00] flutterwave/rave.NOTICE: Generating Checksum.... [] []
[2022-01-01T21:28:01.085316+03:00] flutterwave/rave.NOTICE: Generating Reference Number.... [] []
[2022-01-01T21:28:01.090248+03:00] flutterwave/rave.NOTICE: Generated Reference Number....MY_NAME_5a22a7f270abc8879 [] []
[2022-01-01T21:28:01.090349+03:00] flutterwave/rave.NOTICE: Rave Class Initializes.... [] []
[2022-01-01T21:28:01.090445+03:00] flutterwave/rave.NOTICE: Generating Checksum.... [] []
[2022-01-01T21:28:18.768944+03:00] flutterwave/rave.NOTICE: Generating Reference Number.... [] []
[2022-01-01T21:28:18.771305+03:00] flutterwave/rave.NOTICE: Generated Reference Number....MY_NAME_5a22a7f270abc8879 [] []
[2022-01-01T21:28:18.771383+03:00] flutterwave/rave.NOTICE: Rave Class Initializes.... [] []
[2022-01-01T21:28:18.771446+03:00] flutterwave/rave.NOTICE: Generating Checksum.... [] []
[2022-01-01T21:28:35.174852+03:00] flutterwave/rave.NOTICE: Generating Reference Number.... [] []
[2022-01-01T21:28:35.177275+03:00] flutterwave/rave.NOTICE: Generated Reference Number....RV_61d09d532b46b [] []
[2022-01-01T21:28:35.177348+03:00] flutterwave/rave.NOTICE: Rave Class Initializes.... [] []
[2022-01-01T21:28:35.177413+03:00] flutterwave/rave.NOTICE: Payment was canceled by user..RV_61d09d532b46b [] []
[2022-01-01T21:35:52.833208+03:00] flutterwave/rave.NOTICE: Generating Reference Number.... [] []
[2022-01-01T21:35:52.835571+03:00] flutterwave/rave.NOTICE: Generated Reference Number....MY_NAME_5a22a7f270abc8879 [] []
[2022-01-01T21:35:52.835665+03:00] flutterwave/rave.NOTICE: Rave Class Initializes.... [] []
[2022-01-01T21:35:52.835729+03:00] flutterwave/rave.NOTICE: Generating Checksum.... [] []
[2022-01-01T21:36:48.510546+03:00] flutterwave/rave.NOTICE: Generating Reference Number.... [] []
[2022-01-01T21:36:48.512992+03:00] flutterwave/rave.NOTICE: Generated Reference Number....MY_NAME_5a22a7f270abc8879 [] []
[2022-01-01T21:36:48.513061+03:00] flutterwave/rave.NOTICE: Rave Class Initializes.... [] []
[2022-01-01T21:36:48.513135+03:00] flutterwave/rave.NOTICE: Generating Checksum.... [] []
