CRITICAL - 2021-11-08 00:41:51 --> Undefined offset: 0
#0 C:\wamp64\www\htmlproject\app\Controllers\Admin\Users.php(41): CodeIgniter\Debug\Exceptions->errorHandler(8, 'Undefined offse...', 'C:\\wamp64\\www\\h...', 41, Array)
#1 C:\wamp64\www\htmlproject\system\CodeIgniter.php(936): App\Controllers\Admin\Users->view('app-invoice-pre...')
#2 C:\wamp64\www\htmlproject\system\CodeIgniter.php(432): CodeIgniter\CodeIgniter->runController(Object(App\Controllers\Admin\Users))
#3 C:\wamp64\www\htmlproject\system\CodeIgniter.php(333): CodeIgniter\CodeIgniter->handleRequest(NULL, Object(Config\Cache), false)
#4 C:\wamp64\www\htmlproject\index.php(44): CodeIgniter\CodeIgniter->run()
#5 C:\wamp64\www\htmlproject\system\Commands\Server\rewrite.php(45): require_once('C:\\wamp64\\www\\h...')
#6 {main}
CRITICAL - 2021-11-08 00:42:00 --> Undefined offset: 0
#0 C:\wamp64\www\htmlproject\app\Controllers\Admin\Users.php(41): CodeIgniter\Debug\Exceptions->errorHandler(8, 'Undefined offse...', 'C:\\wamp64\\www\\h...', 41, Array)
#1 C:\wamp64\www\htmlproject\system\CodeIgniter.php(936): App\Controllers\Admin\Users->view('app-invoice-edi...')
#2 C:\wamp64\www\htmlproject\system\CodeIgniter.php(432): CodeIgniter\CodeIgniter->runController(Object(App\Controllers\Admin\Users))
#3 C:\wamp64\www\htmlproject\system\CodeIgniter.php(333): CodeIgniter\CodeIgniter->handleRequest(NULL, Object(Config\Cache), false)
#4 C:\wamp64\www\htmlproject\index.php(44): CodeIgniter\CodeIgniter->run()
#5 C:\wamp64\www\htmlproject\system\Commands\Server\rewrite.php(45): require_once('C:\\wamp64\\www\\h...')
#6 {main}
CRITICAL - 2021-11-08 00:48:22 --> Undefined offset: 0
#0 C:\wamp64\www\htmlproject\app\Controllers\Admin\Users.php(41): CodeIgniter\Debug\Exceptions->errorHandler(8, 'Undefined offse...', 'C:\\wamp64\\www\\h...', 41, Array)
#1 C:\wamp64\www\htmlproject\system\CodeIgniter.php(936): App\Controllers\Admin\Users->view('app-invoice-add...')
#2 C:\wamp64\www\htmlproject\system\CodeIgniter.php(432): CodeIgniter\CodeIgniter->runController(Object(App\Controllers\Admin\Users))
#3 C:\wamp64\www\htmlproject\system\CodeIgniter.php(333): CodeIgniter\CodeIgniter->handleRequest(NULL, Object(Config\Cache), false)
#4 C:\wamp64\www\htmlproject\index.php(44): CodeIgniter\CodeIgniter->run()
#5 C:\wamp64\www\htmlproject\system\Commands\Server\rewrite.php(45): require_once('C:\\wamp64\\www\\h...')
#6 {main}
CRITICAL - 2021-11-08 00:52:45 --> Undefined offset: 0
#0 C:\wamp64\www\htmlproject\app\Controllers\Admin\Users.php(41): CodeIgniter\Debug\Exceptions->errorHandler(8, 'Undefined offse...', 'C:\\wamp64\\www\\h...', 41, Array)
#1 C:\wamp64\www\htmlproject\system\CodeIgniter.php(936): App\Controllers\Admin\Users->view('app-invoice-add...')
#2 C:\wamp64\www\htmlproject\system\CodeIgniter.php(432): CodeIgniter\CodeIgniter->runController(Object(App\Controllers\Admin\Users))
#3 C:\wamp64\www\htmlproject\system\CodeIgniter.php(333): CodeIgniter\CodeIgniter->handleRequest(NULL, Object(Config\Cache), false)
#4 C:\wamp64\www\htmlproject\index.php(44): CodeIgniter\CodeIgniter->run()
#5 C:\wamp64\www\htmlproject\system\Commands\Server\rewrite.php(45): require_once('C:\\wamp64\\www\\h...')
#6 {main}
CRITICAL - 2021-11-08 02:03:47 --> Undefined offset: 0
#0 C:\wamp64\www\htmlproject\app\Controllers\Admin\Users.php(41): CodeIgniter\Debug\Exceptions->errorHandler(8, 'Undefined offse...', 'C:\\wamp64\\www\\h...', 41, Array)
#1 C:\wamp64\www\htmlproject\system\CodeIgniter.php(936): App\Controllers\Admin\Users->view('app-invoice-add...')
#2 C:\wamp64\www\htmlproject\system\CodeIgniter.php(432): CodeIgniter\CodeIgniter->runController(Object(App\Controllers\Admin\Users))
#3 C:\wamp64\www\htmlproject\system\CodeIgniter.php(333): CodeIgniter\CodeIgniter->handleRequest(NULL, Object(Config\Cache), false)
#4 C:\wamp64\www\htmlproject\index.php(44): CodeIgniter\CodeIgniter->run()
#5 C:\wamp64\www\htmlproject\system\Commands\Server\rewrite.php(45): require_once('C:\\wamp64\\www\\h...')
#6 {main}
