CRITICAL - 2021-12-15 18:11:28 --> Argument 1 passed to App\Models\AuthModel::errorsArray() must be of the type bool, array given
#0 [internal function]: App\Models\AuthModel->errorsArray(Array)
#1 C:\wamp64\www\htmlproject\app\Libraries\Auth.php(108): call_user_func_array(Array, Array)
#2 C:\wamp64\www\htmlproject\app\Controllers\Auth.php(61): App\Libraries\Auth->__call('errorsArray', Array)
#3 C:\wamp64\www\htmlproject\app\Controllers\Auth.php(35): App\Controllers\Auth->login()
#4 C:\wamp64\www\htmlproject\system\CodeIgniter.php(936): App\Controllers\Auth->index()
#5 C:\wamp64\www\htmlproject\system\CodeIgniter.php(432): CodeIgniter\CodeIgniter->runController(Object(App\Controllers\Auth))
#6 C:\wamp64\www\htmlproject\system\CodeIgniter.php(333): CodeIgniter\CodeIgniter->handleRequest(NULL, Object(Config\Cache), false)
#7 C:\wamp64\www\htmlproject\index.php(44): CodeIgniter\CodeIgniter->run()
#8 C:\wamp64\www\htmlproject\system\Commands\Server\rewrite.php(45): require_once('C:\\wamp64\\www\\h...')
#9 {main}
CRITICAL - 2021-12-15 18:18:34 --> Undefined variable: identity
#0 C:\wamp64\www\htmlproject\app\Views\Auth\email\wait_verification_email.php(98): CodeIgniter\Debug\Exceptions->errorHandler(8, 'Undefined varia...', 'C:\\wamp64\\www\\h...', 98, Array)
#1 C:\wamp64\www\htmlproject\system\View\View.php(220): include('C:\\wamp64\\www\\h...')
#2 C:\wamp64\www\htmlproject\system\View\View.php(222): CodeIgniter\View\View->CodeIgniter\View\{closure}()
#3 C:\wamp64\www\htmlproject\system\Common.php(1217): CodeIgniter\View\View->render('Auth/email/wait...', Array, true)
#4 C:\wamp64\www\htmlproject\app\Controllers\Auth.php(241): view('Auth/email/wait...', Array)
#5 C:\wamp64\www\htmlproject\app\Controllers\Auth.php(60): App\Controllers\Auth->_renderPage('email/wait_veri...', Array)
#6 C:\wamp64\www\htmlproject\app\Controllers\Auth.php(35): App\Controllers\Auth->login()
#7 C:\wamp64\www\htmlproject\system\CodeIgniter.php(936): App\Controllers\Auth->index()
#8 C:\wamp64\www\htmlproject\system\CodeIgniter.php(432): CodeIgniter\CodeIgniter->runController(Object(App\Controllers\Auth))
#9 C:\wamp64\www\htmlproject\system\CodeIgniter.php(333): CodeIgniter\CodeIgniter->handleRequest(NULL, Object(Config\Cache), false)
#10 C:\wamp64\www\htmlproject\index.php(44): CodeIgniter\CodeIgniter->run()
#11 C:\wamp64\www\htmlproject\system\Commands\Server\rewrite.php(45): require_once('C:\\wamp64\\www\\h...')
#12 {main}
CRITICAL - 2021-12-15 18:35:43 --> Return value of App\Models\AuthModel::login() must be of the type bool, array returned
#0 [internal function]: App\Models\AuthModel->login('userpui', 'supportEmail', true)
#1 C:\wamp64\www\htmlproject\app\Libraries\Auth.php(108): call_user_func_array(Array, Array)
#2 C:\wamp64\www\htmlproject\app\Controllers\Auth.php(49): App\Libraries\Auth->__call('login', Array)
#3 C:\wamp64\www\htmlproject\app\Controllers\Auth.php(35): App\Controllers\Auth->login()
#4 C:\wamp64\www\htmlproject\system\CodeIgniter.php(936): App\Controllers\Auth->index()
#5 C:\wamp64\www\htmlproject\system\CodeIgniter.php(432): CodeIgniter\CodeIgniter->runController(Object(App\Controllers\Auth))
#6 C:\wamp64\www\htmlproject\system\CodeIgniter.php(333): CodeIgniter\CodeIgniter->handleRequest(NULL, Object(Config\Cache), false)
#7 C:\wamp64\www\htmlproject\index.php(44): CodeIgniter\CodeIgniter->run()
#8 C:\wamp64\www\htmlproject\system\Commands\Server\rewrite.php(45): require_once('C:\\wamp64\\www\\h...')
#9 {main}
CRITICAL - 2021-12-15 19:04:26 --> Trying to get property 'user' of non-object
#0 C:\wamp64\www\htmlproject\app\Controllers\Auth.php(61): CodeIgniter\Debug\Exceptions->errorHandler(8, 'Trying to get p...', 'C:\\wamp64\\www\\h...', 61, Array)
#1 C:\wamp64\www\htmlproject\app\Controllers\Auth.php(35): App\Controllers\Auth->login()
#2 C:\wamp64\www\htmlproject\system\CodeIgniter.php(936): App\Controllers\Auth->index()
#3 C:\wamp64\www\htmlproject\system\CodeIgniter.php(432): CodeIgniter\CodeIgniter->runController(Object(App\Controllers\Auth))
#4 C:\wamp64\www\htmlproject\system\CodeIgniter.php(333): CodeIgniter\CodeIgniter->handleRequest(NULL, Object(Config\Cache), false)
#5 C:\wamp64\www\htmlproject\index.php(44): CodeIgniter\CodeIgniter->run()
#6 C:\wamp64\www\htmlproject\system\Commands\Server\rewrite.php(45): require_once('C:\\wamp64\\www\\h...')
#7 {main}
CRITICAL - 2021-12-15 19:05:13 --> Undefined property: App\Libraries\Auth::$user
#0 C:\wamp64\www\htmlproject\app\Controllers\Auth.php(61): CodeIgniter\Debug\Exceptions->errorHandler(8, 'Undefined prope...', 'C:\\wamp64\\www\\h...', 61, Array)
#1 C:\wamp64\www\htmlproject\app\Controllers\Auth.php(35): App\Controllers\Auth->login()
#2 C:\wamp64\www\htmlproject\system\CodeIgniter.php(936): App\Controllers\Auth->index()
#3 C:\wamp64\www\htmlproject\system\CodeIgniter.php(432): CodeIgniter\CodeIgniter->runController(Object(App\Controllers\Auth))
#4 C:\wamp64\www\htmlproject\system\CodeIgniter.php(333): CodeIgniter\CodeIgniter->handleRequest(NULL, Object(Config\Cache), false)
#5 C:\wamp64\www\htmlproject\index.php(44): CodeIgniter\CodeIgniter->run()
#6 C:\wamp64\www\htmlproject\system\Commands\Server\rewrite.php(45): require_once('C:\\wamp64\\www\\h...')
#7 {main}
CRITICAL - 2021-12-15 19:05:43 --> Trying to get property 'user' of non-object
#0 C:\wamp64\www\htmlproject\app\Controllers\Auth.php(61): CodeIgniter\Debug\Exceptions->errorHandler(8, 'Trying to get p...', 'C:\\wamp64\\www\\h...', 61, Array)
#1 C:\wamp64\www\htmlproject\app\Controllers\Auth.php(35): App\Controllers\Auth->login()
#2 C:\wamp64\www\htmlproject\system\CodeIgniter.php(936): App\Controllers\Auth->index()
#3 C:\wamp64\www\htmlproject\system\CodeIgniter.php(432): CodeIgniter\CodeIgniter->runController(Object(App\Controllers\Auth))
#4 C:\wamp64\www\htmlproject\system\CodeIgniter.php(333): CodeIgniter\CodeIgniter->handleRequest(NULL, Object(Config\Cache), false)
#5 C:\wamp64\www\htmlproject\index.php(44): CodeIgniter\CodeIgniter->run()
#6 C:\wamp64\www\htmlproject\system\Commands\Server\rewrite.php(45): require_once('C:\\wamp64\\www\\h...')
#7 {main}
CRITICAL - 2021-12-15 20:07:06 --> Illegal string offset 'user'
#0 C:\wamp64\www\htmlproject\app\Controllers\Auth.php(63): CodeIgniter\Debug\Exceptions->errorHandler(2, 'Illegal string ...', 'C:\\wamp64\\www\\h...', 63, Array)
#1 C:\wamp64\www\htmlproject\app\Controllers\Auth.php(35): App\Controllers\Auth->login()
#2 C:\wamp64\www\htmlproject\system\CodeIgniter.php(936): App\Controllers\Auth->index()
#3 C:\wamp64\www\htmlproject\system\CodeIgniter.php(432): CodeIgniter\CodeIgniter->runController(Object(App\Controllers\Auth))
#4 C:\wamp64\www\htmlproject\system\CodeIgniter.php(333): CodeIgniter\CodeIgniter->handleRequest(NULL, Object(Config\Cache), false)
#5 C:\wamp64\www\htmlproject\index.php(44): CodeIgniter\CodeIgniter->run()
#6 C:\wamp64\www\htmlproject\system\Commands\Server\rewrite.php(45): require_once('C:\\wamp64\\www\\h...')
#7 {main}
CRITICAL - 2021-12-15 20:09:37 --> Cannot use [] for reading
#0 C:\wamp64\www\htmlproject\app\Controllers\Auth.php(35): App\Controllers\Auth->login()
#1 C:\wamp64\www\htmlproject\system\CodeIgniter.php(936): App\Controllers\Auth->index()
#2 C:\wamp64\www\htmlproject\system\CodeIgniter.php(432): CodeIgniter\CodeIgniter->runController(Object(App\Controllers\Auth))
#3 C:\wamp64\www\htmlproject\system\CodeIgniter.php(333): CodeIgniter\CodeIgniter->handleRequest(NULL, Object(Config\Cache), false)
#4 C:\wamp64\www\htmlproject\index.php(44): CodeIgniter\CodeIgniter->run()
#5 C:\wamp64\www\htmlproject\system\Commands\Server\rewrite.php(45): require_once('C:\\wamp64\\www\\h...')
#6 {main}
CRITICAL - 2021-12-15 20:11:15 --> Undefined index: user
#0 C:\wamp64\www\htmlproject\app\Controllers\Auth.php(63): CodeIgniter\Debug\Exceptions->errorHandler(8, 'Undefined index...', 'C:\\wamp64\\www\\h...', 63, Array)
#1 C:\wamp64\www\htmlproject\app\Controllers\Auth.php(35): App\Controllers\Auth->login()
#2 C:\wamp64\www\htmlproject\system\CodeIgniter.php(936): App\Controllers\Auth->index()
#3 C:\wamp64\www\htmlproject\system\CodeIgniter.php(432): CodeIgniter\CodeIgniter->runController(Object(App\Controllers\Auth))
#4 C:\wamp64\www\htmlproject\system\CodeIgniter.php(333): CodeIgniter\CodeIgniter->handleRequest(NULL, Object(Config\Cache), false)
#5 C:\wamp64\www\htmlproject\index.php(44): CodeIgniter\CodeIgniter->run()
#6 C:\wamp64\www\htmlproject\system\Commands\Server\rewrite.php(45): require_once('C:\\wamp64\\www\\h...')
#7 {main}
CRITICAL - 2021-12-15 20:18:34 --> Undefined variable: user
#0 C:\wamp64\www\htmlproject\app\Controllers\Auth.php(63): CodeIgniter\Debug\Exceptions->errorHandler(8, 'Undefined varia...', 'C:\\wamp64\\www\\h...', 63, Array)
#1 C:\wamp64\www\htmlproject\app\Controllers\Auth.php(35): App\Controllers\Auth->login()
#2 C:\wamp64\www\htmlproject\system\CodeIgniter.php(936): App\Controllers\Auth->index()
#3 C:\wamp64\www\htmlproject\system\CodeIgniter.php(432): CodeIgniter\CodeIgniter->runController(Object(App\Controllers\Auth))
#4 C:\wamp64\www\htmlproject\system\CodeIgniter.php(333): CodeIgniter\CodeIgniter->handleRequest(NULL, Object(Config\Cache), false)
#5 C:\wamp64\www\htmlproject\index.php(44): CodeIgniter\CodeIgniter->run()
#6 C:\wamp64\www\htmlproject\system\Commands\Server\rewrite.php(45): require_once('C:\\wamp64\\www\\h...')
#7 {main}
CRITICAL - 2021-12-15 20:18:52 --> Trying to get property 'email' of non-object
#0 C:\wamp64\www\htmlproject\app\Controllers\Auth.php(63): CodeIgniter\Debug\Exceptions->errorHandler(8, 'Trying to get p...', 'C:\\wamp64\\www\\h...', 63, Array)
#1 C:\wamp64\www\htmlproject\app\Controllers\Auth.php(35): App\Controllers\Auth->login()
#2 C:\wamp64\www\htmlproject\system\CodeIgniter.php(936): App\Controllers\Auth->index()
#3 C:\wamp64\www\htmlproject\system\CodeIgniter.php(432): CodeIgniter\CodeIgniter->runController(Object(App\Controllers\Auth))
#4 C:\wamp64\www\htmlproject\system\CodeIgniter.php(333): CodeIgniter\CodeIgniter->handleRequest(NULL, Object(Config\Cache), false)
#5 C:\wamp64\www\htmlproject\index.php(44): CodeIgniter\CodeIgniter->run()
#6 C:\wamp64\www\htmlproject\system\Commands\Server\rewrite.php(45): require_once('C:\\wamp64\\www\\h...')
#7 {main}
CRITICAL - 2021-12-15 20:28:23 --> Trying to get property 'user' of non-object
#0 C:\wamp64\www\htmlproject\app\Controllers\Auth.php(63): CodeIgniter\Debug\Exceptions->errorHandler(8, 'Trying to get p...', 'C:\\wamp64\\www\\h...', 63, Array)
#1 C:\wamp64\www\htmlproject\app\Controllers\Auth.php(35): App\Controllers\Auth->login()
#2 C:\wamp64\www\htmlproject\system\CodeIgniter.php(936): App\Controllers\Auth->index()
#3 C:\wamp64\www\htmlproject\system\CodeIgniter.php(432): CodeIgniter\CodeIgniter->runController(Object(App\Controllers\Auth))
#4 C:\wamp64\www\htmlproject\system\CodeIgniter.php(333): CodeIgniter\CodeIgniter->handleRequest(NULL, Object(Config\Cache), false)
#5 C:\wamp64\www\htmlproject\index.php(44): CodeIgniter\CodeIgniter->run()
#6 C:\wamp64\www\htmlproject\system\Commands\Server\rewrite.php(45): require_once('C:\\wamp64\\www\\h...')
#7 {main}
CRITICAL - 2021-12-15 20:28:59 --> Trying to get property 'user' of non-object
#0 C:\wamp64\www\htmlproject\app\Controllers\Auth.php(63): CodeIgniter\Debug\Exceptions->errorHandler(8, 'Trying to get p...', 'C:\\wamp64\\www\\h...', 63, Array)
#1 C:\wamp64\www\htmlproject\app\Controllers\Auth.php(35): App\Controllers\Auth->login()
#2 C:\wamp64\www\htmlproject\system\CodeIgniter.php(936): App\Controllers\Auth->index()
#3 C:\wamp64\www\htmlproject\system\CodeIgniter.php(432): CodeIgniter\CodeIgniter->runController(Object(App\Controllers\Auth))
#4 C:\wamp64\www\htmlproject\system\CodeIgniter.php(333): CodeIgniter\CodeIgniter->handleRequest(NULL, Object(Config\Cache), false)
#5 C:\wamp64\www\htmlproject\index.php(44): CodeIgniter\CodeIgniter->run()
#6 C:\wamp64\www\htmlproject\system\Commands\Server\rewrite.php(45): require_once('C:\\wamp64\\www\\h...')
#7 {main}
CRITICAL - 2021-12-15 20:33:40 --> Call to undefined function App\Controllers\object()
#0 C:\wamp64\www\htmlproject\app\Controllers\Auth.php(35): App\Controllers\Auth->login()
#1 C:\wamp64\www\htmlproject\system\CodeIgniter.php(936): App\Controllers\Auth->index()
#2 C:\wamp64\www\htmlproject\system\CodeIgniter.php(432): CodeIgniter\CodeIgniter->runController(Object(App\Controllers\Auth))
#3 C:\wamp64\www\htmlproject\system\CodeIgniter.php(333): CodeIgniter\CodeIgniter->handleRequest(NULL, Object(Config\Cache), false)
#4 C:\wamp64\www\htmlproject\index.php(44): CodeIgniter\CodeIgniter->run()
#5 C:\wamp64\www\htmlproject\system\Commands\Server\rewrite.php(45): require_once('C:\\wamp64\\www\\h...')
#6 {main}
CRITICAL - 2021-12-15 20:46:56 --> Undefined variable: data
#0 C:\wamp64\www\htmlproject\app\Views\Auth\email\wait_verification_email.php(95): CodeIgniter\Debug\Exceptions->errorHandler(8, 'Undefined varia...', 'C:\\wamp64\\www\\h...', 95, Array)
#1 C:\wamp64\www\htmlproject\system\View\View.php(220): include('C:\\wamp64\\www\\h...')
#2 C:\wamp64\www\htmlproject\system\View\View.php(222): CodeIgniter\View\View->CodeIgniter\View\{closure}()
#3 C:\wamp64\www\htmlproject\system\Common.php(1217): CodeIgniter\View\View->render('Auth/email/wait...', Array, true)
#4 C:\wamp64\www\htmlproject\app\Controllers\Auth.php(245): view('Auth/email/wait...', Array)
#5 C:\wamp64\www\htmlproject\app\Controllers\Auth.php(64): App\Controllers\Auth->_renderPage('email/wait_veri...', Array)
#6 C:\wamp64\www\htmlproject\app\Controllers\Auth.php(35): App\Controllers\Auth->login()
#7 C:\wamp64\www\htmlproject\system\CodeIgniter.php(936): App\Controllers\Auth->index()
#8 C:\wamp64\www\htmlproject\system\CodeIgniter.php(432): CodeIgniter\CodeIgniter->runController(Object(App\Controllers\Auth))
#9 C:\wamp64\www\htmlproject\system\CodeIgniter.php(333): CodeIgniter\CodeIgniter->handleRequest(NULL, Object(Config\Cache), false)
#10 C:\wamp64\www\htmlproject\index.php(44): CodeIgniter\CodeIgniter->run()
#11 C:\wamp64\www\htmlproject\system\Commands\Server\rewrite.php(45): require_once('C:\\wamp64\\www\\h...')
#12 {main}
CRITICAL - 2021-12-15 20:52:04 --> Undefined variable: email
#0 C:\wamp64\www\htmlproject\app\Views\Auth\email\wait_verification_email.php(95): CodeIgniter\Debug\Exceptions->errorHandler(8, 'Undefined varia...', 'C:\\wamp64\\www\\h...', 95, Array)
#1 C:\wamp64\www\htmlproject\system\View\View.php(220): include('C:\\wamp64\\www\\h...')
#2 C:\wamp64\www\htmlproject\system\View\View.php(222): CodeIgniter\View\View->CodeIgniter\View\{closure}()
#3 C:\wamp64\www\htmlproject\system\Common.php(1217): CodeIgniter\View\View->render('Auth/email/wait...', Array, true)
#4 C:\wamp64\www\htmlproject\app\Controllers\Auth.php(245): view('Auth/email/wait...', Array)
#5 C:\wamp64\www\htmlproject\app\Controllers\Auth.php(64): App\Controllers\Auth->_renderPage('email/wait_veri...', Array)
#6 C:\wamp64\www\htmlproject\app\Controllers\Auth.php(35): App\Controllers\Auth->login()
#7 C:\wamp64\www\htmlproject\system\CodeIgniter.php(936): App\Controllers\Auth->index()
#8 C:\wamp64\www\htmlproject\system\CodeIgniter.php(432): CodeIgniter\CodeIgniter->runController(Object(App\Controllers\Auth))
#9 C:\wamp64\www\htmlproject\system\CodeIgniter.php(333): CodeIgniter\CodeIgniter->handleRequest(NULL, Object(Config\Cache), false)
#10 C:\wamp64\www\htmlproject\index.php(44): CodeIgniter\CodeIgniter->run()
#11 C:\wamp64\www\htmlproject\system\Commands\Server\rewrite.php(45): require_once('C:\\wamp64\\www\\h...')
#12 {main}
CRITICAL - 2021-12-15 20:54:27 --> Undefined variable: email
#0 C:\wamp64\www\htmlproject\app\Views\Auth\email\wait_verification_email.php(1): CodeIgniter\Debug\Exceptions->errorHandler(8, 'Undefined varia...', 'C:\\wamp64\\www\\h...', 1, Array)
#1 C:\wamp64\www\htmlproject\system\View\View.php(220): include('C:\\wamp64\\www\\h...')
#2 C:\wamp64\www\htmlproject\system\View\View.php(222): CodeIgniter\View\View->CodeIgniter\View\{closure}()
#3 C:\wamp64\www\htmlproject\system\Common.php(1217): CodeIgniter\View\View->render('Auth/email/wait...', Array, true)
#4 C:\wamp64\www\htmlproject\app\Controllers\Auth.php(245): view('Auth/email/wait...', Array)
#5 C:\wamp64\www\htmlproject\app\Controllers\Auth.php(64): App\Controllers\Auth->_renderPage('email/wait_veri...', Array)
#6 C:\wamp64\www\htmlproject\app\Controllers\Auth.php(35): App\Controllers\Auth->login()
#7 C:\wamp64\www\htmlproject\system\CodeIgniter.php(936): App\Controllers\Auth->index()
#8 C:\wamp64\www\htmlproject\system\CodeIgniter.php(432): CodeIgniter\CodeIgniter->runController(Object(App\Controllers\Auth))
#9 C:\wamp64\www\htmlproject\system\CodeIgniter.php(333): CodeIgniter\CodeIgniter->handleRequest(NULL, Object(Config\Cache), false)
#10 C:\wamp64\www\htmlproject\index.php(44): CodeIgniter\CodeIgniter->run()
#11 C:\wamp64\www\htmlproject\system\Commands\Server\rewrite.php(45): require_once('C:\\wamp64\\www\\h...')
#12 {main}
CRITICAL - 2021-12-15 20:55:12 --> Undefined variable: data
#0 C:\wamp64\www\htmlproject\app\Views\Auth\email\wait_verification_email.php(1): CodeIgniter\Debug\Exceptions->errorHandler(8, 'Undefined varia...', 'C:\\wamp64\\www\\h...', 1, Array)
#1 C:\wamp64\www\htmlproject\system\View\View.php(220): include('C:\\wamp64\\www\\h...')
#2 C:\wamp64\www\htmlproject\system\View\View.php(222): CodeIgniter\View\View->CodeIgniter\View\{closure}()
#3 C:\wamp64\www\htmlproject\system\Common.php(1217): CodeIgniter\View\View->render('Auth/email/wait...', Array, true)
#4 C:\wamp64\www\htmlproject\app\Controllers\Auth.php(245): view('Auth/email/wait...', Array)
#5 C:\wamp64\www\htmlproject\app\Controllers\Auth.php(64): App\Controllers\Auth->_renderPage('email/wait_veri...', Array)
#6 C:\wamp64\www\htmlproject\app\Controllers\Auth.php(35): App\Controllers\Auth->login()
#7 C:\wamp64\www\htmlproject\system\CodeIgniter.php(936): App\Controllers\Auth->index()
#8 C:\wamp64\www\htmlproject\system\CodeIgniter.php(432): CodeIgniter\CodeIgniter->runController(Object(App\Controllers\Auth))
#9 C:\wamp64\www\htmlproject\system\CodeIgniter.php(333): CodeIgniter\CodeIgniter->handleRequest(NULL, Object(Config\Cache), false)
#10 C:\wamp64\www\htmlproject\index.php(44): CodeIgniter\CodeIgniter->run()
#11 C:\wamp64\www\htmlproject\system\Commands\Server\rewrite.php(45): require_once('C:\\wamp64\\www\\h...')
#12 {main}
CRITICAL - 2021-12-15 21:06:58 --> Undefined variable: data
#0 C:\wamp64\www\htmlproject\app\Views\Auth\email\wait_verification_email.php(1): CodeIgniter\Debug\Exceptions->errorHandler(8, 'Undefined varia...', 'C:\\wamp64\\www\\h...', 1, Array)
#1 C:\wamp64\www\htmlproject\system\View\View.php(220): include('C:\\wamp64\\www\\h...')
#2 C:\wamp64\www\htmlproject\system\View\View.php(222): CodeIgniter\View\View->CodeIgniter\View\{closure}()
#3 C:\wamp64\www\htmlproject\system\Common.php(1217): CodeIgniter\View\View->render('Auth/email/wait...', Array, true)
#4 C:\wamp64\www\htmlproject\app\Controllers\Auth.php(245): view('Auth/email/wait...', Array)
#5 C:\wamp64\www\htmlproject\app\Controllers\Auth.php(64): App\Controllers\Auth->_renderPage('email/wait_veri...', Array)
#6 C:\wamp64\www\htmlproject\app\Controllers\Auth.php(35): App\Controllers\Auth->login()
#7 C:\wamp64\www\htmlproject\system\CodeIgniter.php(936): App\Controllers\Auth->index()
#8 C:\wamp64\www\htmlproject\system\CodeIgniter.php(432): CodeIgniter\CodeIgniter->runController(Object(App\Controllers\Auth))
#9 C:\wamp64\www\htmlproject\system\CodeIgniter.php(333): CodeIgniter\CodeIgniter->handleRequest(NULL, Object(Config\Cache), false)
#10 C:\wamp64\www\htmlproject\index.php(44): CodeIgniter\CodeIgniter->run()
#11 C:\wamp64\www\htmlproject\system\Commands\Server\rewrite.php(45): require_once('C:\\wamp64\\www\\h...')
#12 {main}
CRITICAL - 2021-12-15 21:11:38 --> Undefined variable: data
#0 C:\wamp64\www\htmlproject\app\Views\Auth\email\wait_verification_email.php(1): CodeIgniter\Debug\Exceptions->errorHandler(8, 'Undefined varia...', 'C:\\wamp64\\www\\h...', 1, Array)
#1 C:\wamp64\www\htmlproject\system\View\View.php(220): include('C:\\wamp64\\www\\h...')
#2 C:\wamp64\www\htmlproject\system\View\View.php(222): CodeIgniter\View\View->CodeIgniter\View\{closure}()
#3 C:\wamp64\www\htmlproject\system\Common.php(1217): CodeIgniter\View\View->render('Auth/email/wait...', Array, true)
#4 C:\wamp64\www\htmlproject\app\Controllers\Auth.php(246): view('Auth/email/wait...', Array)
#5 C:\wamp64\www\htmlproject\app\Controllers\Auth.php(64): App\Controllers\Auth->_renderPage('email/wait_veri...', Array)
#6 C:\wamp64\www\htmlproject\app\Controllers\Auth.php(35): App\Controllers\Auth->login()
#7 C:\wamp64\www\htmlproject\system\CodeIgniter.php(936): App\Controllers\Auth->index()
#8 C:\wamp64\www\htmlproject\system\CodeIgniter.php(432): CodeIgniter\CodeIgniter->runController(Object(App\Controllers\Auth))
#9 C:\wamp64\www\htmlproject\system\CodeIgniter.php(333): CodeIgniter\CodeIgniter->handleRequest(NULL, Object(Config\Cache), false)
#10 C:\wamp64\www\htmlproject\index.php(44): CodeIgniter\CodeIgniter->run()
#11 C:\wamp64\www\htmlproject\system\Commands\Server\rewrite.php(45): require_once('C:\\wamp64\\www\\h...')
#12 {main}
CRITICAL - 2021-12-15 22:22:26 --> Undefined variable: identity
#0 C:\wamp64\www\htmlproject\app\Views\Auth\email\wait_verification_email.php(100): CodeIgniter\Debug\Exceptions->errorHandler(8, 'Undefined varia...', 'C:\\wamp64\\www\\h...', 100, Array)
#1 C:\wamp64\www\htmlproject\system\View\View.php(220): include('C:\\wamp64\\www\\h...')
#2 C:\wamp64\www\htmlproject\system\View\View.php(222): CodeIgniter\View\View->CodeIgniter\View\{closure}()
#3 C:\wamp64\www\htmlproject\system\Common.php(1217): CodeIgniter\View\View->render('Auth/email/wait...', Array, true)
#4 C:\wamp64\www\htmlproject\app\Controllers\Auth.php(246): view('Auth/email/wait...', Array)
#5 C:\wamp64\www\htmlproject\app\Controllers\Auth.php(64): App\Controllers\Auth->_renderPage('email/wait_veri...', Array)
#6 C:\wamp64\www\htmlproject\app\Controllers\Auth.php(35): App\Controllers\Auth->login()
#7 C:\wamp64\www\htmlproject\system\CodeIgniter.php(936): App\Controllers\Auth->index()
#8 C:\wamp64\www\htmlproject\system\CodeIgniter.php(432): CodeIgniter\CodeIgniter->runController(Object(App\Controllers\Auth))
#9 C:\wamp64\www\htmlproject\system\CodeIgniter.php(333): CodeIgniter\CodeIgniter->handleRequest(NULL, Object(Config\Cache), false)
#10 C:\wamp64\www\htmlproject\index.php(44): CodeIgniter\CodeIgniter->run()
#11 C:\wamp64\www\htmlproject\system\Commands\Server\rewrite.php(45): require_once('C:\\wamp64\\www\\h...')
#12 {main}
CRITICAL - 2021-12-15 22:22:51 --> Undefined variable: id
#0 C:\wamp64\www\htmlproject\app\Views\Auth\email\wait_verification_email.php(108): CodeIgniter\Debug\Exceptions->errorHandler(8, 'Undefined varia...', 'C:\\wamp64\\www\\h...', 108, Array)
#1 C:\wamp64\www\htmlproject\system\View\View.php(220): include('C:\\wamp64\\www\\h...')
#2 C:\wamp64\www\htmlproject\system\View\View.php(222): CodeIgniter\View\View->CodeIgniter\View\{closure}()
#3 C:\wamp64\www\htmlproject\system\Common.php(1217): CodeIgniter\View\View->render('Auth/email/wait...', Array, true)
#4 C:\wamp64\www\htmlproject\app\Controllers\Auth.php(246): view('Auth/email/wait...', Array)
#5 C:\wamp64\www\htmlproject\app\Controllers\Auth.php(64): App\Controllers\Auth->_renderPage('email/wait_veri...', Array)
#6 C:\wamp64\www\htmlproject\app\Controllers\Auth.php(35): App\Controllers\Auth->login()
#7 C:\wamp64\www\htmlproject\system\CodeIgniter.php(936): App\Controllers\Auth->index()
#8 C:\wamp64\www\htmlproject\system\CodeIgniter.php(432): CodeIgniter\CodeIgniter->runController(Object(App\Controllers\Auth))
#9 C:\wamp64\www\htmlproject\system\CodeIgniter.php(333): CodeIgniter\CodeIgniter->handleRequest(NULL, Object(Config\Cache), false)
#10 C:\wamp64\www\htmlproject\index.php(44): CodeIgniter\CodeIgniter->run()
#11 C:\wamp64\www\htmlproject\system\Commands\Server\rewrite.php(45): require_once('C:\\wamp64\\www\\h...')
#12 {main}
CRITICAL - 2021-12-15 22:23:03 --> Undefined variable: data
#0 C:\wamp64\www\htmlproject\app\Views\Auth\layout.php(2): CodeIgniter\Debug\Exceptions->errorHandler(8, 'Undefined varia...', 'C:\\wamp64\\www\\h...', 2, Array)
#1 C:\wamp64\www\htmlproject\system\View\View.php(220): include('C:\\wamp64\\www\\h...')
#2 C:\wamp64\www\htmlproject\system\View\View.php(222): CodeIgniter\View\View->CodeIgniter\View\{closure}()
#3 C:\wamp64\www\htmlproject\system\Common.php(1217): CodeIgniter\View\View->render('Auth/layout', Array, true)
#4 C:\wamp64\www\htmlproject\app\Controllers\Auth.php(248): view('Auth/layout', Array)
#5 C:\wamp64\www\htmlproject\app\Controllers\Auth.php(64): App\Controllers\Auth->_renderPage('email/wait_veri...', Array)
#6 C:\wamp64\www\htmlproject\app\Controllers\Auth.php(35): App\Controllers\Auth->login()
#7 C:\wamp64\www\htmlproject\system\CodeIgniter.php(936): App\Controllers\Auth->index()
#8 C:\wamp64\www\htmlproject\system\CodeIgniter.php(432): CodeIgniter\CodeIgniter->runController(Object(App\Controllers\Auth))
#9 C:\wamp64\www\htmlproject\system\CodeIgniter.php(333): CodeIgniter\CodeIgniter->handleRequest(NULL, Object(Config\Cache), false)
#10 C:\wamp64\www\htmlproject\index.php(44): CodeIgniter\CodeIgniter->run()
#11 C:\wamp64\www\htmlproject\system\Commands\Server\rewrite.php(45): require_once('C:\\wamp64\\www\\h...')
#12 {main}
CRITICAL - 2021-12-15 22:31:15 --> Undefined variable: data
#0 C:\wamp64\www\htmlproject\app\Views\Auth\layout.php(2): CodeIgniter\Debug\Exceptions->errorHandler(8, 'Undefined varia...', 'C:\\wamp64\\www\\h...', 2, Array)
#1 C:\wamp64\www\htmlproject\system\View\View.php(220): include('C:\\wamp64\\www\\h...')
#2 C:\wamp64\www\htmlproject\system\View\View.php(222): CodeIgniter\View\View->CodeIgniter\View\{closure}()
#3 C:\wamp64\www\htmlproject\system\Common.php(1217): CodeIgniter\View\View->render('Auth/layout', Array, true)
#4 C:\wamp64\www\htmlproject\app\Controllers\Auth.php(242): view('Auth/layout', Array)
#5 C:\wamp64\www\htmlproject\app\Controllers\Auth.php(65): App\Controllers\Auth->_renderPage('login', Array)
#6 C:\wamp64\www\htmlproject\app\Controllers\Auth.php(35): App\Controllers\Auth->login()
#7 C:\wamp64\www\htmlproject\system\CodeIgniter.php(936): App\Controllers\Auth->index()
#8 C:\wamp64\www\htmlproject\system\CodeIgniter.php(432): CodeIgniter\CodeIgniter->runController(Object(App\Controllers\Auth))
#9 C:\wamp64\www\htmlproject\system\CodeIgniter.php(333): CodeIgniter\CodeIgniter->handleRequest(NULL, Object(Config\Cache), false)
#10 C:\wamp64\www\htmlproject\index.php(44): CodeIgniter\CodeIgniter->run()
#11 C:\wamp64\www\htmlproject\system\Commands\Server\rewrite.php(45): require_once('C:\\wamp64\\www\\h...')
#12 {main}
CRITICAL - 2021-12-15 22:39:41 --> Undefined variable: user
#0 C:\wamp64\www\htmlproject\app\Views\Auth\layout.php(2): CodeIgniter\Debug\Exceptions->errorHandler(8, 'Undefined varia...', 'C:\\wamp64\\www\\h...', 2, Array)
#1 C:\wamp64\www\htmlproject\system\View\View.php(220): include('C:\\wamp64\\www\\h...')
#2 C:\wamp64\www\htmlproject\system\View\View.php(222): CodeIgniter\View\View->CodeIgniter\View\{closure}()
#3 C:\wamp64\www\htmlproject\system\Common.php(1217): CodeIgniter\View\View->render('Auth/layout', Array, true)
#4 C:\wamp64\www\htmlproject\app\Controllers\Auth.php(242): view('Auth/layout', Array)
#5 C:\wamp64\www\htmlproject\app\Controllers\Auth.php(65): App\Controllers\Auth->_renderPage('login', Array)
#6 C:\wamp64\www\htmlproject\app\Controllers\Auth.php(35): App\Controllers\Auth->login()
#7 C:\wamp64\www\htmlproject\system\CodeIgniter.php(936): App\Controllers\Auth->index()
#8 C:\wamp64\www\htmlproject\system\CodeIgniter.php(432): CodeIgniter\CodeIgniter->runController(Object(App\Controllers\Auth))
#9 C:\wamp64\www\htmlproject\system\CodeIgniter.php(333): CodeIgniter\CodeIgniter->handleRequest(NULL, Object(Config\Cache), false)
#10 C:\wamp64\www\htmlproject\index.php(44): CodeIgniter\CodeIgniter->run()
#11 C:\wamp64\www\htmlproject\system\Commands\Server\rewrite.php(45): require_once('C:\\wamp64\\www\\h...')
#12 {main}
CRITICAL - 2021-12-15 22:45:49 --> Undefined variable: email
#0 C:\wamp64\www\htmlproject\app\Views\Auth\layout.php(2): CodeIgniter\Debug\Exceptions->errorHandler(8, 'Undefined varia...', 'C:\\wamp64\\www\\h...', 2, Array)
#1 C:\wamp64\www\htmlproject\system\View\View.php(220): include('C:\\wamp64\\www\\h...')
#2 C:\wamp64\www\htmlproject\system\View\View.php(222): CodeIgniter\View\View->CodeIgniter\View\{closure}()
#3 C:\wamp64\www\htmlproject\system\Common.php(1217): CodeIgniter\View\View->render('Auth/layout', Array, true)
#4 C:\wamp64\www\htmlproject\app\Controllers\Auth.php(242): view('Auth/layout', Array)
#5 C:\wamp64\www\htmlproject\app\Controllers\Auth.php(65): App\Controllers\Auth->_renderPage('login', Array)
#6 C:\wamp64\www\htmlproject\app\Controllers\Auth.php(35): App\Controllers\Auth->login()
#7 C:\wamp64\www\htmlproject\system\CodeIgniter.php(936): App\Controllers\Auth->index()
#8 C:\wamp64\www\htmlproject\system\CodeIgniter.php(432): CodeIgniter\CodeIgniter->runController(Object(App\Controllers\Auth))
#9 C:\wamp64\www\htmlproject\system\CodeIgniter.php(333): CodeIgniter\CodeIgniter->handleRequest(NULL, Object(Config\Cache), false)
#10 C:\wamp64\www\htmlproject\index.php(44): CodeIgniter\CodeIgniter->run()
#11 C:\wamp64\www\htmlproject\system\Commands\Server\rewrite.php(45): require_once('C:\\wamp64\\www\\h...')
#12 {main}
CRITICAL - 2021-12-15 22:52:10 --> Undefined variable: email
#0 C:\wamp64\www\htmlproject\app\Views\Auth\layout.php(2): CodeIgniter\Debug\Exceptions->errorHandler(8, 'Undefined varia...', 'C:\\wamp64\\www\\h...', 2, Array)
#1 C:\wamp64\www\htmlproject\system\View\View.php(220): include('C:\\wamp64\\www\\h...')
#2 C:\wamp64\www\htmlproject\system\View\View.php(222): CodeIgniter\View\View->CodeIgniter\View\{closure}()
#3 C:\wamp64\www\htmlproject\system\Common.php(1217): CodeIgniter\View\View->render('Auth/layout', Array, true)
#4 C:\wamp64\www\htmlproject\app\Controllers\Auth.php(249): view('Auth/layout', Array)
#5 C:\wamp64\www\htmlproject\app\Controllers\Auth.php(72): App\Controllers\Auth->_renderPage('login', Array)
#6 C:\wamp64\www\htmlproject\app\Controllers\Auth.php(35): App\Controllers\Auth->login()
#7 C:\wamp64\www\htmlproject\system\CodeIgniter.php(936): App\Controllers\Auth->index()
#8 C:\wamp64\www\htmlproject\system\CodeIgniter.php(432): CodeIgniter\CodeIgniter->runController(Object(App\Controllers\Auth))
#9 C:\wamp64\www\htmlproject\system\CodeIgniter.php(333): CodeIgniter\CodeIgniter->handleRequest(NULL, Object(Config\Cache), false)
#10 C:\wamp64\www\htmlproject\index.php(44): CodeIgniter\CodeIgniter->run()
#11 C:\wamp64\www\htmlproject\system\Commands\Server\rewrite.php(45): require_once('C:\\wamp64\\www\\h...')
#12 {main}
CRITICAL - 2021-12-15 22:58:32 --> Undefined variable: email
#0 C:\wamp64\www\htmlproject\app\Views\Auth\email\wait_verification_email.php(1): CodeIgniter\Debug\Exceptions->errorHandler(8, 'Undefined varia...', 'C:\\wamp64\\www\\h...', 1, Array)
#1 C:\wamp64\www\htmlproject\system\View\View.php(220): include('C:\\wamp64\\www\\h...')
#2 C:\wamp64\www\htmlproject\system\View\View.php(222): CodeIgniter\View\View->CodeIgniter\View\{closure}()
#3 C:\wamp64\www\htmlproject\system\Common.php(1217): CodeIgniter\View\View->render('Auth/email/wait...', Array, true)
#4 C:\wamp64\www\htmlproject\app\Controllers\Auth.php(247): view('Auth/email/wait...', Array)
#5 C:\wamp64\www\htmlproject\app\Controllers\Auth.php(64): App\Controllers\Auth->_renderPage('email/wait_veri...', Array)
#6 C:\wamp64\www\htmlproject\app\Controllers\Auth.php(35): App\Controllers\Auth->login()
#7 C:\wamp64\www\htmlproject\system\CodeIgniter.php(936): App\Controllers\Auth->index()
#8 C:\wamp64\www\htmlproject\system\CodeIgniter.php(432): CodeIgniter\CodeIgniter->runController(Object(App\Controllers\Auth))
#9 C:\wamp64\www\htmlproject\system\CodeIgniter.php(333): CodeIgniter\CodeIgniter->handleRequest(NULL, Object(Config\Cache), false)
#10 C:\wamp64\www\htmlproject\index.php(44): CodeIgniter\CodeIgniter->run()
#11 C:\wamp64\www\htmlproject\system\Commands\Server\rewrite.php(45): require_once('C:\\wamp64\\www\\h...')
#12 {main}
CRITICAL - 2021-12-15 22:59:20 --> Trying to get property 'email' of non-object
#0 C:\wamp64\www\htmlproject\app\Views\Auth\email\wait_verification_email.php(1): CodeIgniter\Debug\Exceptions->errorHandler(8, 'Trying to get p...', 'C:\\wamp64\\www\\h...', 1, Array)
#1 C:\wamp64\www\htmlproject\system\View\View.php(220): include('C:\\wamp64\\www\\h...')
#2 C:\wamp64\www\htmlproject\system\View\View.php(222): CodeIgniter\View\View->CodeIgniter\View\{closure}()
#3 C:\wamp64\www\htmlproject\system\Common.php(1217): CodeIgniter\View\View->render('Auth/email/wait...', Array, true)
#4 C:\wamp64\www\htmlproject\app\Controllers\Auth.php(247): view('Auth/email/wait...', Array)
#5 C:\wamp64\www\htmlproject\app\Controllers\Auth.php(64): App\Controllers\Auth->_renderPage('email/wait_veri...', Array)
#6 C:\wamp64\www\htmlproject\app\Controllers\Auth.php(35): App\Controllers\Auth->login()
#7 C:\wamp64\www\htmlproject\system\CodeIgniter.php(936): App\Controllers\Auth->index()
#8 C:\wamp64\www\htmlproject\system\CodeIgniter.php(432): CodeIgniter\CodeIgniter->runController(Object(App\Controllers\Auth))
#9 C:\wamp64\www\htmlproject\system\CodeIgniter.php(333): CodeIgniter\CodeIgniter->handleRequest(NULL, Object(Config\Cache), false)
#10 C:\wamp64\www\htmlproject\index.php(44): CodeIgniter\CodeIgniter->run()
#11 C:\wamp64\www\htmlproject\system\Commands\Server\rewrite.php(45): require_once('C:\\wamp64\\www\\h...')
#12 {main}
CRITICAL - 2021-12-15 22:59:37 --> Undefined variable: email
#0 C:\wamp64\www\htmlproject\app\Views\Auth\email\wait_verification_email.php(1): CodeIgniter\Debug\Exceptions->errorHandler(8, 'Undefined varia...', 'C:\\wamp64\\www\\h...', 1, Array)
#1 C:\wamp64\www\htmlproject\system\View\View.php(220): include('C:\\wamp64\\www\\h...')
#2 C:\wamp64\www\htmlproject\system\View\View.php(222): CodeIgniter\View\View->CodeIgniter\View\{closure}()
#3 C:\wamp64\www\htmlproject\system\Common.php(1217): CodeIgniter\View\View->render('Auth/email/wait...', Array, true)
#4 C:\wamp64\www\htmlproject\app\Controllers\Auth.php(247): view('Auth/email/wait...', Array)
#5 C:\wamp64\www\htmlproject\app\Controllers\Auth.php(64): App\Controllers\Auth->_renderPage('email/wait_veri...', Array)
#6 C:\wamp64\www\htmlproject\app\Controllers\Auth.php(35): App\Controllers\Auth->login()
#7 C:\wamp64\www\htmlproject\system\CodeIgniter.php(936): App\Controllers\Auth->index()
#8 C:\wamp64\www\htmlproject\system\CodeIgniter.php(432): CodeIgniter\CodeIgniter->runController(Object(App\Controllers\Auth))
#9 C:\wamp64\www\htmlproject\system\CodeIgniter.php(333): CodeIgniter\CodeIgniter->handleRequest(NULL, Object(Config\Cache), false)
#10 C:\wamp64\www\htmlproject\index.php(44): CodeIgniter\CodeIgniter->run()
#11 C:\wamp64\www\htmlproject\system\Commands\Server\rewrite.php(45): require_once('C:\\wamp64\\www\\h...')
#12 {main}
CRITICAL - 2021-12-15 23:50:20 --> Undefined variable: user
#0 C:\wamp64\www\htmlproject\app\Views\Auth\email\wait_verification_email.php(1): CodeIgniter\Debug\Exceptions->errorHandler(8, 'Undefined varia...', 'C:\\wamp64\\www\\h...', 1, Array)
#1 C:\wamp64\www\htmlproject\system\View\View.php(220): include('C:\\wamp64\\www\\h...')
#2 C:\wamp64\www\htmlproject\system\View\View.php(222): CodeIgniter\View\View->CodeIgniter\View\{closure}()
#3 C:\wamp64\www\htmlproject\system\Common.php(1217): CodeIgniter\View\View->render('Auth/email/wait...', Array, true)
#4 C:\wamp64\www\htmlproject\app\Controllers\Auth.php(264): view('Auth/email/wait...', Array)
#5 C:\wamp64\www\htmlproject\app\Controllers\Auth.php(123): App\Controllers\Auth->_renderPage('email/wait_veri...', Array)
#6 C:\wamp64\www\htmlproject\system\CodeIgniter.php(936): App\Controllers\Auth->mail_verify()
#7 C:\wamp64\www\htmlproject\system\CodeIgniter.php(432): CodeIgniter\CodeIgniter->runController(Object(App\Controllers\Auth))
#8 C:\wamp64\www\htmlproject\system\CodeIgniter.php(333): CodeIgniter\CodeIgniter->handleRequest(NULL, Object(Config\Cache), false)
#9 C:\wamp64\www\htmlproject\index.php(44): CodeIgniter\CodeIgniter->run()
#10 C:\wamp64\www\htmlproject\system\Commands\Server\rewrite.php(45): require_once('C:\\wamp64\\www\\h...')
#11 {main}
CRITICAL - 2021-12-15 23:51:01 --> Undefined variable: user
#0 C:\wamp64\www\htmlproject\app\Views\Auth\email\wait_verification_email.php(1): CodeIgniter\Debug\Exceptions->errorHandler(8, 'Undefined varia...', 'C:\\wamp64\\www\\h...', 1, Array)
#1 C:\wamp64\www\htmlproject\system\View\View.php(220): include('C:\\wamp64\\www\\h...')
#2 C:\wamp64\www\htmlproject\system\View\View.php(222): CodeIgniter\View\View->CodeIgniter\View\{closure}()
#3 C:\wamp64\www\htmlproject\system\Common.php(1217): CodeIgniter\View\View->render('Auth/email/wait...', Array, true)
#4 C:\wamp64\www\htmlproject\app\Controllers\Auth.php(265): view('Auth/email/wait...', Array)
#5 C:\wamp64\www\htmlproject\app\Controllers\Auth.php(124): App\Controllers\Auth->_renderPage('email/wait_veri...', Array)
#6 C:\wamp64\www\htmlproject\system\CodeIgniter.php(936): App\Controllers\Auth->mail_verify()
#7 C:\wamp64\www\htmlproject\system\CodeIgniter.php(432): CodeIgniter\CodeIgniter->runController(Object(App\Controllers\Auth))
#8 C:\wamp64\www\htmlproject\system\CodeIgniter.php(333): CodeIgniter\CodeIgniter->handleRequest(NULL, Object(Config\Cache), false)
#9 C:\wamp64\www\htmlproject\index.php(44): CodeIgniter\CodeIgniter->run()
#10 C:\wamp64\www\htmlproject\system\Commands\Server\rewrite.php(45): require_once('C:\\wamp64\\www\\h...')
#11 {main}
CRITICAL - 2021-12-15 23:51:22 --> Undefined variable: user
#0 C:\wamp64\www\htmlproject\app\Views\Auth\email\wait_verification_email.php(46): CodeIgniter\Debug\Exceptions->errorHandler(8, 'Undefined varia...', 'C:\\wamp64\\www\\h...', 46, Array)
#1 C:\wamp64\www\htmlproject\system\View\View.php(220): include('C:\\wamp64\\www\\h...')
#2 C:\wamp64\www\htmlproject\system\View\View.php(222): CodeIgniter\View\View->CodeIgniter\View\{closure}()
#3 C:\wamp64\www\htmlproject\system\Common.php(1217): CodeIgniter\View\View->render('Auth/email/wait...', Array, true)
#4 C:\wamp64\www\htmlproject\app\Controllers\Auth.php(265): view('Auth/email/wait...', Array)
#5 C:\wamp64\www\htmlproject\app\Controllers\Auth.php(124): App\Controllers\Auth->_renderPage('email/wait_veri...', Array)
#6 C:\wamp64\www\htmlproject\system\CodeIgniter.php(936): App\Controllers\Auth->mail_verify()
#7 C:\wamp64\www\htmlproject\system\CodeIgniter.php(432): CodeIgniter\CodeIgniter->runController(Object(App\Controllers\Auth))
#8 C:\wamp64\www\htmlproject\system\CodeIgniter.php(333): CodeIgniter\CodeIgniter->handleRequest(NULL, Object(Config\Cache), false)
#9 C:\wamp64\www\htmlproject\index.php(44): CodeIgniter\CodeIgniter->run()
#10 C:\wamp64\www\htmlproject\system\Commands\Server\rewrite.php(45): require_once('C:\\wamp64\\www\\h...')
#11 {main}
