CRITICAL - 2021-10-15 01:53:31 --> Call to a member function Where() on array
#0 C:\wamp64\www\htmlproject\system\CodeIgniter.php(936): App\Controllers\Admin\Users->view('wiza')
#1 C:\wamp64\www\htmlproject\system\CodeIgniter.php(432): CodeIgniter\CodeIgniter->runController(Object(App\Controllers\Admin\Users))
#2 C:\wamp64\www\htmlproject\system\CodeIgniter.php(333): CodeIgniter\CodeIgniter->handleRequest(NULL, Object(Config\Cache), false)
#3 C:\wamp64\www\htmlproject\index.php(44): CodeIgniter\CodeIgniter->run()
#4 C:\wamp64\www\htmlproject\system\Commands\Server\rewrite.php(45): require_once('C:\\wamp64\\www\\h...')
#5 {main}
CRITICAL - 2021-10-15 01:54:36 --> Too few arguments to function App\Controllers\Admin\Users::view(), 0 passed in C:\wamp64\www\htmlproject\system\CodeIgniter.php on line 936 and exactly 1 expected
#0 C:\wamp64\www\htmlproject\system\CodeIgniter.php(936): App\Controllers\Admin\Users->view()
#1 C:\wamp64\www\htmlproject\system\CodeIgniter.php(432): CodeIgniter\CodeIgniter->runController(Object(App\Controllers\Admin\Users))
#2 C:\wamp64\www\htmlproject\system\CodeIgniter.php(333): CodeIgniter\CodeIgniter->handleRequest(NULL, Object(Config\Cache), false)
#3 C:\wamp64\www\htmlproject\index.php(44): CodeIgniter\CodeIgniter->run()
#4 C:\wamp64\www\htmlproject\system\Commands\Server\rewrite.php(45): require_once('C:\\wamp64\\www\\h...')
#5 {main}
CRITICAL - 2021-10-15 01:54:50 --> Too few arguments to function App\Controllers\Admin\Users::view(), 0 passed in C:\wamp64\www\htmlproject\system\CodeIgniter.php on line 936 and exactly 1 expected
#0 C:\wamp64\www\htmlproject\system\CodeIgniter.php(936): App\Controllers\Admin\Users->view()
#1 C:\wamp64\www\htmlproject\system\CodeIgniter.php(432): CodeIgniter\CodeIgniter->runController(Object(App\Controllers\Admin\Users))
#2 C:\wamp64\www\htmlproject\system\CodeIgniter.php(333): CodeIgniter\CodeIgniter->handleRequest(NULL, Object(Config\Cache), false)
#3 C:\wamp64\www\htmlproject\index.php(44): CodeIgniter\CodeIgniter->run()
#4 C:\wamp64\www\htmlproject\system\Commands\Server\rewrite.php(45): require_once('C:\\wamp64\\www\\h...')
#5 {main}
CRITICAL - 2021-10-15 06:49:35 --> Undefined offset: 0
#0 C:\wamp64\www\htmlproject\app\Controllers\Admin\Users.php(41): CodeIgniter\Debug\Exceptions->errorHandler(8, 'Undefined offse...', 'C:\\wamp64\\www\\h...', 41, Array)
#1 C:\wamp64\www\htmlproject\system\CodeIgniter.php(936): App\Controllers\Admin\Users->view('assets', 'vendors', 'css', 'tables', 'datatable', 'dataTables.boot...')
#2 C:\wamp64\www\htmlproject\system\CodeIgniter.php(432): CodeIgniter\CodeIgniter->runController(Object(App\Controllers\Admin\Users))
#3 C:\wamp64\www\htmlproject\system\CodeIgniter.php(333): CodeIgniter\CodeIgniter->handleRequest(NULL, Object(Config\Cache), false)
#4 C:\wamp64\www\htmlproject\index.php(44): CodeIgniter\CodeIgniter->run()
#5 C:\wamp64\www\htmlproject\system\Commands\Server\rewrite.php(45): require_once('C:\\wamp64\\www\\h...')
#6 {main}
CRITICAL - 2021-10-15 07:39:19 --> Array to string conversion
#0 C:\wamp64\www\htmlproject\app\Views\Admin\Users\view2.php(453): CodeIgniter\Debug\Exceptions->errorHandler(8, 'Array to string...', 'C:\\wamp64\\www\\h...', 453, Array)
#1 C:\wamp64\www\htmlproject\system\View\View.php(220): include('C:\\wamp64\\www\\h...')
#2 C:\wamp64\www\htmlproject\system\View\View.php(222): CodeIgniter\View\View->CodeIgniter\View\{closure}()
#3 C:\wamp64\www\htmlproject\system\Common.php(1217): CodeIgniter\View\View->render('Admin/Users/vie...', Array, true)
#4 C:\wamp64\www\htmlproject\app\Controllers\AdminController.php(37): view('Admin/Users/vie...', Array)
#5 C:\wamp64\www\htmlproject\app\Controllers\Admin\Users.php(50): App\Controllers\AdminController->_renderPage('Users/view2', Array)
#6 C:\wamp64\www\htmlproject\system\CodeIgniter.php(936): App\Controllers\Admin\Users->view('esther10')
#7 C:\wamp64\www\htmlproject\system\CodeIgniter.php(432): CodeIgniter\CodeIgniter->runController(Object(App\Controllers\Admin\Users))
#8 C:\wamp64\www\htmlproject\system\CodeIgniter.php(333): CodeIgniter\CodeIgniter->handleRequest(NULL, Object(Config\Cache), false)
#9 C:\wamp64\www\htmlproject\index.php(44): CodeIgniter\CodeIgniter->run()
#10 C:\wamp64\www\htmlproject\system\Commands\Server\rewrite.php(45): require_once('C:\\wamp64\\www\\h...')
#11 {main}
CRITICAL - 2021-10-15 07:40:00 --> Array to string conversion
#0 C:\wamp64\www\htmlproject\app\Views\Admin\Users\view2.php(454): CodeIgniter\Debug\Exceptions->errorHandler(8, 'Array to string...', 'C:\\wamp64\\www\\h...', 454, Array)
#1 C:\wamp64\www\htmlproject\system\View\View.php(220): include('C:\\wamp64\\www\\h...')
#2 C:\wamp64\www\htmlproject\system\View\View.php(222): CodeIgniter\View\View->CodeIgniter\View\{closure}()
#3 C:\wamp64\www\htmlproject\system\Common.php(1217): CodeIgniter\View\View->render('Admin/Users/vie...', Array, true)
#4 C:\wamp64\www\htmlproject\app\Controllers\AdminController.php(37): view('Admin/Users/vie...', Array)
#5 C:\wamp64\www\htmlproject\app\Controllers\Admin\Users.php(50): App\Controllers\AdminController->_renderPage('Users/view2', Array)
#6 C:\wamp64\www\htmlproject\system\CodeIgniter.php(936): App\Controllers\Admin\Users->view('esther10')
#7 C:\wamp64\www\htmlproject\system\CodeIgniter.php(432): CodeIgniter\CodeIgniter->runController(Object(App\Controllers\Admin\Users))
#8 C:\wamp64\www\htmlproject\system\CodeIgniter.php(333): CodeIgniter\CodeIgniter->handleRequest(NULL, Object(Config\Cache), false)
#9 C:\wamp64\www\htmlproject\index.php(44): CodeIgniter\CodeIgniter->run()
#10 C:\wamp64\www\htmlproject\system\Commands\Server\rewrite.php(45): require_once('C:\\wamp64\\www\\h...')
#11 {main}
ERROR - 2021-10-15 08:24:14 --> mysqli_sql_exception: Unknown column 'user.id' in 'field list' in C:\wamp64\www\htmlproject\system\Database\MySQLi\Connection.php:314
Stack trace:
#0 C:\wamp64\www\htmlproject\system\Database\MySQLi\Connection.php(314): mysqli->query('SELECT `user`.`...')
#1 C:\wamp64\www\htmlproject\system\Database\BaseConnection.php(713): CodeIgniter\Database\MySQLi\Connection->execute('SELECT `user`.`...')
#2 C:\wamp64\www\htmlproject\system\Database\BaseConnection.php(641): CodeIgniter\Database\BaseConnection->simpleQuery('SELECT `user`.`...')
#3 C:\wamp64\www\htmlproject\system\Database\BaseBuilder.php(1866): CodeIgniter\Database\BaseConnection->query('SELECT `user`.`...', Array, false)
#4 C:\wamp64\www\htmlproject\system\Model.php(174): CodeIgniter\Database\BaseBuilder->get()
#5 C:\wamp64\www\htmlproject\system\BaseModel.php(518): CodeIgniter\Model->doFind(false, NULL)
#6 C:\wamp64\www\htmlproject\app\Entities\Withdraw.php(22): CodeIgniter\BaseModel->find()
#7 C:\wamp64\www\htmlproject\system\Entity.php(300): App\Entities\Withdraw->getUser()
#8 C:\wamp64\www\htmlproject\system\Entity.php(150): CodeIgniter\Entity->__get('user')
#9 C:\wamp64\www\htmlproject\system\Entity.php(632): CodeIgniter\Entity->toArray()
#10 [internal function]: CodeIgniter\Entity->jsonSerialize()
#11 C:\wamp64\www\htmlproject\app\Views\Admin\Users\view2.php(456): json_encode(Array)
#12 C:\wamp64\www\htmlproject\system\View\View.php(220): include('C:\\wamp64\\www\\h...')
#13 C:\wamp64\www\htmlproject\system\View\View.php(222): CodeIgniter\View\View->CodeIgniter\View\{closure}()
#14 C:\wamp64\www\htmlproject\system\Common.php(1217): CodeIgniter\View\View->render('Admin/Users/vie...', Array, true)
#15 C:\wamp64\www\htmlproject\app\Controllers\AdminController.php(37): view('Admin/Users/vie...', Array)
#16 C:\wamp64\www\htmlproject\app\Controllers\Admin\Users.php(50): App\Controllers\AdminController->_renderPage('Users/view2', Array)
#17 C:\wamp64\www\htmlproject\system\CodeIgniter.php(936): App\Controllers\Admin\Users->view('esther10')
#18 C:\wamp64\www\htmlproject\system\CodeIgniter.php(432): CodeIgniter\CodeIgniter->runController(Object(App\Controllers\Admin\Users))
#19 C:\wamp64\www\htmlproject\system\CodeIgniter.php(333): CodeIgniter\CodeIgniter->handleRequest(NULL, Object(Config\Cache), false)
#20 C:\wamp64\www\htmlproject\index.php(44): CodeIgniter\CodeIgniter->run()
#21 C:\wamp64\www\htmlproject\system\Commands\Server\rewrite.php(45): require_once('C:\\wamp64\\www\\h...')
#22 {main}
CRITICAL - 2021-10-15 08:24:14 --> Unknown column 'user.id' in 'field list'
#0 C:\wamp64\www\htmlproject\system\Database\MySQLi\Connection.php(314): mysqli->query('SELECT `user`.`...')
#1 C:\wamp64\www\htmlproject\system\Database\BaseConnection.php(713): CodeIgniter\Database\MySQLi\Connection->execute('SELECT `user`.`...')
#2 C:\wamp64\www\htmlproject\system\Database\BaseConnection.php(641): CodeIgniter\Database\BaseConnection->simpleQuery('SELECT `user`.`...')
#3 C:\wamp64\www\htmlproject\system\Database\BaseBuilder.php(1866): CodeIgniter\Database\BaseConnection->query('SELECT `user`.`...', Array, false)
#4 C:\wamp64\www\htmlproject\system\Model.php(174): CodeIgniter\Database\BaseBuilder->get()
#5 C:\wamp64\www\htmlproject\system\BaseModel.php(518): CodeIgniter\Model->doFind(false, NULL)
#6 C:\wamp64\www\htmlproject\app\Entities\Withdraw.php(22): CodeIgniter\BaseModel->find()
#7 C:\wamp64\www\htmlproject\system\Entity.php(300): App\Entities\Withdraw->getUser()
#8 C:\wamp64\www\htmlproject\system\Entity.php(150): CodeIgniter\Entity->__get('user')
#9 C:\wamp64\www\htmlproject\system\Entity.php(632): CodeIgniter\Entity->toArray()
#10 [internal function]: CodeIgniter\Entity->jsonSerialize()
#11 C:\wamp64\www\htmlproject\app\Views\Admin\Users\view2.php(456): json_encode(Array)
#12 C:\wamp64\www\htmlproject\system\View\View.php(220): include('C:\\wamp64\\www\\h...')
#13 C:\wamp64\www\htmlproject\system\View\View.php(222): CodeIgniter\View\View->CodeIgniter\View\{closure}()
#14 C:\wamp64\www\htmlproject\system\Common.php(1217): CodeIgniter\View\View->render('Admin/Users/vie...', Array, true)
#15 C:\wamp64\www\htmlproject\app\Controllers\AdminController.php(37): view('Admin/Users/vie...', Array)
#16 C:\wamp64\www\htmlproject\app\Controllers\Admin\Users.php(50): App\Controllers\AdminController->_renderPage('Users/view2', Array)
#17 C:\wamp64\www\htmlproject\system\CodeIgniter.php(936): App\Controllers\Admin\Users->view('esther10')
#18 C:\wamp64\www\htmlproject\system\CodeIgniter.php(432): CodeIgniter\CodeIgniter->runController(Object(App\Controllers\Admin\Users))
#19 C:\wamp64\www\htmlproject\system\CodeIgniter.php(333): CodeIgniter\CodeIgniter->handleRequest(NULL, Object(Config\Cache), false)
#20 C:\wamp64\www\htmlproject\index.php(44): CodeIgniter\CodeIgniter->run()
#21 C:\wamp64\www\htmlproject\system\Commands\Server\rewrite.php(45): require_once('C:\\wamp64\\www\\h...')
#22 {main}
ERROR - 2021-10-15 08:24:29 --> mysqli_sql_exception: Unknown column 'usernmae' in 'field list' in C:\wamp64\www\htmlproject\system\Database\MySQLi\Connection.php:314
Stack trace:
#0 C:\wamp64\www\htmlproject\system\Database\MySQLi\Connection.php(314): mysqli->query('SELECT `id`, `u...')
#1 C:\wamp64\www\htmlproject\system\Database\BaseConnection.php(713): CodeIgniter\Database\MySQLi\Connection->execute('SELECT `id`, `u...')
#2 C:\wamp64\www\htmlproject\system\Database\BaseConnection.php(641): CodeIgniter\Database\BaseConnection->simpleQuery('SELECT `id`, `u...')
#3 C:\wamp64\www\htmlproject\system\Database\BaseBuilder.php(1866): CodeIgniter\Database\BaseConnection->query('SELECT `id`, `u...', Array, false)
#4 C:\wamp64\www\htmlproject\system\Model.php(174): CodeIgniter\Database\BaseBuilder->get()
#5 C:\wamp64\www\htmlproject\system\BaseModel.php(518): CodeIgniter\Model->doFind(false, NULL)
#6 C:\wamp64\www\htmlproject\app\Entities\Withdraw.php(22): CodeIgniter\BaseModel->find()
#7 C:\wamp64\www\htmlproject\system\Entity.php(300): App\Entities\Withdraw->getUser()
#8 C:\wamp64\www\htmlproject\system\Entity.php(150): CodeIgniter\Entity->__get('user')
#9 C:\wamp64\www\htmlproject\system\Entity.php(632): CodeIgniter\Entity->toArray()
#10 [internal function]: CodeIgniter\Entity->jsonSerialize()
#11 C:\wamp64\www\htmlproject\app\Views\Admin\Users\view2.php(456): json_encode(Array)
#12 C:\wamp64\www\htmlproject\system\View\View.php(220): include('C:\\wamp64\\www\\h...')
#13 C:\wamp64\www\htmlproject\system\View\View.php(222): CodeIgniter\View\View->CodeIgniter\View\{closure}()
#14 C:\wamp64\www\htmlproject\system\Common.php(1217): CodeIgniter\View\View->render('Admin/Users/vie...', Array, true)
#15 C:\wamp64\www\htmlproject\app\Controllers\AdminController.php(37): view('Admin/Users/vie...', Array)
#16 C:\wamp64\www\htmlproject\app\Controllers\Admin\Users.php(50): App\Controllers\AdminController->_renderPage('Users/view2', Array)
#17 C:\wamp64\www\htmlproject\system\CodeIgniter.php(936): App\Controllers\Admin\Users->view('esther10')
#18 C:\wamp64\www\htmlproject\system\CodeIgniter.php(432): CodeIgniter\CodeIgniter->runController(Object(App\Controllers\Admin\Users))
#19 C:\wamp64\www\htmlproject\system\CodeIgniter.php(333): CodeIgniter\CodeIgniter->handleRequest(NULL, Object(Config\Cache), false)
#20 C:\wamp64\www\htmlproject\index.php(44): CodeIgniter\CodeIgniter->run()
#21 C:\wamp64\www\htmlproject\system\Commands\Server\rewrite.php(45): require_once('C:\\wamp64\\www\\h...')
#22 {main}
CRITICAL - 2021-10-15 08:24:29 --> Unknown column 'usernmae' in 'field list'
#0 C:\wamp64\www\htmlproject\system\Database\MySQLi\Connection.php(314): mysqli->query('SELECT `id`, `u...')
#1 C:\wamp64\www\htmlproject\system\Database\BaseConnection.php(713): CodeIgniter\Database\MySQLi\Connection->execute('SELECT `id`, `u...')
#2 C:\wamp64\www\htmlproject\system\Database\BaseConnection.php(641): CodeIgniter\Database\BaseConnection->simpleQuery('SELECT `id`, `u...')
#3 C:\wamp64\www\htmlproject\system\Database\BaseBuilder.php(1866): CodeIgniter\Database\BaseConnection->query('SELECT `id`, `u...', Array, false)
#4 C:\wamp64\www\htmlproject\system\Model.php(174): CodeIgniter\Database\BaseBuilder->get()
#5 C:\wamp64\www\htmlproject\system\BaseModel.php(518): CodeIgniter\Model->doFind(false, NULL)
#6 C:\wamp64\www\htmlproject\app\Entities\Withdraw.php(22): CodeIgniter\BaseModel->find()
#7 C:\wamp64\www\htmlproject\system\Entity.php(300): App\Entities\Withdraw->getUser()
#8 C:\wamp64\www\htmlproject\system\Entity.php(150): CodeIgniter\Entity->__get('user')
#9 C:\wamp64\www\htmlproject\system\Entity.php(632): CodeIgniter\Entity->toArray()
#10 [internal function]: CodeIgniter\Entity->jsonSerialize()
#11 C:\wamp64\www\htmlproject\app\Views\Admin\Users\view2.php(456): json_encode(Array)
#12 C:\wamp64\www\htmlproject\system\View\View.php(220): include('C:\\wamp64\\www\\h...')
#13 C:\wamp64\www\htmlproject\system\View\View.php(222): CodeIgniter\View\View->CodeIgniter\View\{closure}()
#14 C:\wamp64\www\htmlproject\system\Common.php(1217): CodeIgniter\View\View->render('Admin/Users/vie...', Array, true)
#15 C:\wamp64\www\htmlproject\app\Controllers\AdminController.php(37): view('Admin/Users/vie...', Array)
#16 C:\wamp64\www\htmlproject\app\Controllers\Admin\Users.php(50): App\Controllers\AdminController->_renderPage('Users/view2', Array)
#17 C:\wamp64\www\htmlproject\system\CodeIgniter.php(936): App\Controllers\Admin\Users->view('esther10')
#18 C:\wamp64\www\htmlproject\system\CodeIgniter.php(432): CodeIgniter\CodeIgniter->runController(Object(App\Controllers\Admin\Users))
#19 C:\wamp64\www\htmlproject\system\CodeIgniter.php(333): CodeIgniter\CodeIgniter->handleRequest(NULL, Object(Config\Cache), false)
#20 C:\wamp64\www\htmlproject\index.php(44): CodeIgniter\CodeIgniter->run()
#21 C:\wamp64\www\htmlproject\system\Commands\Server\rewrite.php(45): require_once('C:\\wamp64\\www\\h...')
#22 {main}
ERROR - 2021-10-15 08:24:41 --> mysqli_sql_exception: Unknown column 'user.id' in 'where clause' in C:\wamp64\www\htmlproject\system\Database\MySQLi\Connection.php:314
Stack trace:
#0 C:\wamp64\www\htmlproject\system\Database\MySQLi\Connection.php(314): mysqli->query('SELECT `id`, `u...')
#1 C:\wamp64\www\htmlproject\system\Database\BaseConnection.php(713): CodeIgniter\Database\MySQLi\Connection->execute('SELECT `id`, `u...')
#2 C:\wamp64\www\htmlproject\system\Database\BaseConnection.php(641): CodeIgniter\Database\BaseConnection->simpleQuery('SELECT `id`, `u...')
#3 C:\wamp64\www\htmlproject\system\Database\BaseBuilder.php(1866): CodeIgniter\Database\BaseConnection->query('SELECT `id`, `u...', Array, false)
#4 C:\wamp64\www\htmlproject\system\Model.php(174): CodeIgniter\Database\BaseBuilder->get()
#5 C:\wamp64\www\htmlproject\system\BaseModel.php(518): CodeIgniter\Model->doFind(false, NULL)
#6 C:\wamp64\www\htmlproject\app\Entities\Withdraw.php(22): CodeIgniter\BaseModel->find()
#7 C:\wamp64\www\htmlproject\system\Entity.php(300): App\Entities\Withdraw->getUser()
#8 C:\wamp64\www\htmlproject\system\Entity.php(150): CodeIgniter\Entity->__get('user')
#9 C:\wamp64\www\htmlproject\system\Entity.php(632): CodeIgniter\Entity->toArray()
#10 [internal function]: CodeIgniter\Entity->jsonSerialize()
#11 C:\wamp64\www\htmlproject\app\Views\Admin\Users\view2.php(456): json_encode(Array)
#12 C:\wamp64\www\htmlproject\system\View\View.php(220): include('C:\\wamp64\\www\\h...')
#13 C:\wamp64\www\htmlproject\system\View\View.php(222): CodeIgniter\View\View->CodeIgniter\View\{closure}()
#14 C:\wamp64\www\htmlproject\system\Common.php(1217): CodeIgniter\View\View->render('Admin/Users/vie...', Array, true)
#15 C:\wamp64\www\htmlproject\app\Controllers\AdminController.php(37): view('Admin/Users/vie...', Array)
#16 C:\wamp64\www\htmlproject\app\Controllers\Admin\Users.php(50): App\Controllers\AdminController->_renderPage('Users/view2', Array)
#17 C:\wamp64\www\htmlproject\system\CodeIgniter.php(936): App\Controllers\Admin\Users->view('esther10')
#18 C:\wamp64\www\htmlproject\system\CodeIgniter.php(432): CodeIgniter\CodeIgniter->runController(Object(App\Controllers\Admin\Users))
#19 C:\wamp64\www\htmlproject\system\CodeIgniter.php(333): CodeIgniter\CodeIgniter->handleRequest(NULL, Object(Config\Cache), false)
#20 C:\wamp64\www\htmlproject\index.php(44): CodeIgniter\CodeIgniter->run()
#21 C:\wamp64\www\htmlproject\system\Commands\Server\rewrite.php(45): require_once('C:\\wamp64\\www\\h...')
#22 {main}
CRITICAL - 2021-10-15 08:24:41 --> Unknown column 'user.id' in 'where clause'
#0 C:\wamp64\www\htmlproject\system\Database\MySQLi\Connection.php(314): mysqli->query('SELECT `id`, `u...')
#1 C:\wamp64\www\htmlproject\system\Database\BaseConnection.php(713): CodeIgniter\Database\MySQLi\Connection->execute('SELECT `id`, `u...')
#2 C:\wamp64\www\htmlproject\system\Database\BaseConnection.php(641): CodeIgniter\Database\BaseConnection->simpleQuery('SELECT `id`, `u...')
#3 C:\wamp64\www\htmlproject\system\Database\BaseBuilder.php(1866): CodeIgniter\Database\BaseConnection->query('SELECT `id`, `u...', Array, false)
#4 C:\wamp64\www\htmlproject\system\Model.php(174): CodeIgniter\Database\BaseBuilder->get()
#5 C:\wamp64\www\htmlproject\system\BaseModel.php(518): CodeIgniter\Model->doFind(false, NULL)
#6 C:\wamp64\www\htmlproject\app\Entities\Withdraw.php(22): CodeIgniter\BaseModel->find()
#7 C:\wamp64\www\htmlproject\system\Entity.php(300): App\Entities\Withdraw->getUser()
#8 C:\wamp64\www\htmlproject\system\Entity.php(150): CodeIgniter\Entity->__get('user')
#9 C:\wamp64\www\htmlproject\system\Entity.php(632): CodeIgniter\Entity->toArray()
#10 [internal function]: CodeIgniter\Entity->jsonSerialize()
#11 C:\wamp64\www\htmlproject\app\Views\Admin\Users\view2.php(456): json_encode(Array)
#12 C:\wamp64\www\htmlproject\system\View\View.php(220): include('C:\\wamp64\\www\\h...')
#13 C:\wamp64\www\htmlproject\system\View\View.php(222): CodeIgniter\View\View->CodeIgniter\View\{closure}()
#14 C:\wamp64\www\htmlproject\system\Common.php(1217): CodeIgniter\View\View->render('Admin/Users/vie...', Array, true)
#15 C:\wamp64\www\htmlproject\app\Controllers\AdminController.php(37): view('Admin/Users/vie...', Array)
#16 C:\wamp64\www\htmlproject\app\Controllers\Admin\Users.php(50): App\Controllers\AdminController->_renderPage('Users/view2', Array)
#17 C:\wamp64\www\htmlproject\system\CodeIgniter.php(936): App\Controllers\Admin\Users->view('esther10')
#18 C:\wamp64\www\htmlproject\system\CodeIgniter.php(432): CodeIgniter\CodeIgniter->runController(Object(App\Controllers\Admin\Users))
#19 C:\wamp64\www\htmlproject\system\CodeIgniter.php(333): CodeIgniter\CodeIgniter->handleRequest(NULL, Object(Config\Cache), false)
#20 C:\wamp64\www\htmlproject\index.php(44): CodeIgniter\CodeIgniter->run()
#21 C:\wamp64\www\htmlproject\system\Commands\Server\rewrite.php(45): require_once('C:\\wamp64\\www\\h...')
#22 {main}
CRITICAL - 2021-10-15 08:35:47 --> syntax error, unexpected ')', expecting ';'
#0 C:\wamp64\www\htmlproject\system\Autoloader\Autoloader.php(265): CodeIgniter\Autoloader\Autoloader->includeFile('C:\\wamp64\\www\\h...')
#1 C:\wamp64\www\htmlproject\system\Autoloader\Autoloader.php(228): CodeIgniter\Autoloader\Autoloader->loadInNamespace('App\\Entities\\Wi...')
#2 [internal function]: CodeIgniter\Autoloader\Autoloader->loadClass('App\\Entities\\Wi...')
#3 [internal function]: spl_autoload_call('App\\Entities\\Wi...')
#4 C:\wamp64\www\htmlproject\system\Database\MySQLi\Result.php(170): is_subclass_of('\\App\\Entities\\W...', 'CodeIgniter\\Ent...')
#5 C:\wamp64\www\htmlproject\system\Database\BaseResult.php(167): CodeIgniter\Database\MySQLi\Result->fetchObject('\\App\\Entities\\W...')
#6 C:\wamp64\www\htmlproject\system\Database\BaseResult.php(114): CodeIgniter\Database\BaseResult->getCustomResultObject('\\App\\Entities\\W...')
#7 C:\wamp64\www\htmlproject\system\Model.php(174): CodeIgniter\Database\BaseResult->getResult('\\App\\Entities\\W...')
#8 C:\wamp64\www\htmlproject\system\BaseModel.php(518): CodeIgniter\Model->doFind(false, NULL)
#9 C:\wamp64\www\htmlproject\app\Views\Admin\Users\view2.php(11): CodeIgniter\BaseModel->find()
#10 C:\wamp64\www\htmlproject\system\View\View.php(220): include('C:\\wamp64\\www\\h...')
#11 C:\wamp64\www\htmlproject\system\View\View.php(222): CodeIgniter\View\View->CodeIgniter\View\{closure}()
#12 C:\wamp64\www\htmlproject\system\Common.php(1217): CodeIgniter\View\View->render('Admin/Users/vie...', Array, true)
#13 C:\wamp64\www\htmlproject\app\Controllers\AdminController.php(37): view('Admin/Users/vie...', Array)
#14 C:\wamp64\www\htmlproject\app\Controllers\Admin\Users.php(50): App\Controllers\AdminController->_renderPage('Users/view2', Array)
#15 C:\wamp64\www\htmlproject\system\CodeIgniter.php(936): App\Controllers\Admin\Users->view('esther10')
#16 C:\wamp64\www\htmlproject\system\CodeIgniter.php(432): CodeIgniter\CodeIgniter->runController(Object(App\Controllers\Admin\Users))
#17 C:\wamp64\www\htmlproject\system\CodeIgniter.php(333): CodeIgniter\CodeIgniter->handleRequest(NULL, Object(Config\Cache), false)
#18 C:\wamp64\www\htmlproject\index.php(44): CodeIgniter\CodeIgniter->run()
#19 C:\wamp64\www\htmlproject\system\Commands\Server\rewrite.php(45): require_once('C:\\wamp64\\www\\h...')
#20 {main}
CRITICAL - 2021-10-15 08:36:05 --> json_decode() expects parameter 1 to be string, array given
#0 [internal function]: CodeIgniter\Debug\Exceptions->errorHandler(2, 'json_decode() e...', 'C:\\wamp64\\www\\h...', 22, Array)
#1 C:\wamp64\www\htmlproject\app\Entities\Withdraw.php(22): json_decode(Array)
#2 C:\wamp64\www\htmlproject\system\Entity.php(300): App\Entities\Withdraw->getUser()
#3 C:\wamp64\www\htmlproject\system\Entity.php(150): CodeIgniter\Entity->__get('user')
#4 C:\wamp64\www\htmlproject\system\Entity.php(632): CodeIgniter\Entity->toArray()
#5 [internal function]: CodeIgniter\Entity->jsonSerialize()
#6 C:\wamp64\www\htmlproject\app\Views\Admin\Users\view2.php(456): json_encode(Array)
#7 C:\wamp64\www\htmlproject\system\View\View.php(220): include('C:\\wamp64\\www\\h...')
#8 C:\wamp64\www\htmlproject\system\View\View.php(222): CodeIgniter\View\View->CodeIgniter\View\{closure}()
#9 C:\wamp64\www\htmlproject\system\Common.php(1217): CodeIgniter\View\View->render('Admin/Users/vie...', Array, true)
#10 C:\wamp64\www\htmlproject\app\Controllers\AdminController.php(37): view('Admin/Users/vie...', Array)
#11 C:\wamp64\www\htmlproject\app\Controllers\Admin\Users.php(50): App\Controllers\AdminController->_renderPage('Users/view2', Array)
#12 C:\wamp64\www\htmlproject\system\CodeIgniter.php(936): App\Controllers\Admin\Users->view('esther10')
#13 C:\wamp64\www\htmlproject\system\CodeIgniter.php(432): CodeIgniter\CodeIgniter->runController(Object(App\Controllers\Admin\Users))
#14 C:\wamp64\www\htmlproject\system\CodeIgniter.php(333): CodeIgniter\CodeIgniter->handleRequest(NULL, Object(Config\Cache), false)
#15 C:\wamp64\www\htmlproject\index.php(44): CodeIgniter\CodeIgniter->run()
#16 C:\wamp64\www\htmlproject\system\Commands\Server\rewrite.php(45): require_once('C:\\wamp64\\www\\h...')
#17 {main}
CRITICAL - 2021-10-15 12:23:27 --> json_decode() expects parameter 1 to be string, array given
#0 [internal function]: CodeIgniter\Debug\Exceptions->errorHandler(2, 'json_decode() e...', 'C:\\wamp64\\www\\h...', 23, Array)
#1 C:\wamp64\www\htmlproject\app\Entities\Withdraw.php(23): json_decode(Array)
#2 C:\wamp64\www\htmlproject\system\Entity.php(300): App\Entities\Withdraw->getUser()
#3 C:\wamp64\www\htmlproject\system\Entity.php(150): CodeIgniter\Entity->__get('user')
#4 C:\wamp64\www\htmlproject\system\Entity.php(632): CodeIgniter\Entity->toArray()
#5 [internal function]: CodeIgniter\Entity->jsonSerialize()
#6 C:\wamp64\www\htmlproject\app\Views\Admin\Users\view2.php(456): json_encode(Array)
#7 C:\wamp64\www\htmlproject\system\View\View.php(220): include('C:\\wamp64\\www\\h...')
#8 C:\wamp64\www\htmlproject\system\View\View.php(222): CodeIgniter\View\View->CodeIgniter\View\{closure}()
#9 C:\wamp64\www\htmlproject\system\Common.php(1217): CodeIgniter\View\View->render('Admin/Users/vie...', Array, true)
#10 C:\wamp64\www\htmlproject\app\Controllers\AdminController.php(37): view('Admin/Users/vie...', Array)
#11 C:\wamp64\www\htmlproject\app\Controllers\Admin\Users.php(50): App\Controllers\AdminController->_renderPage('Users/view2', Array)
#12 C:\wamp64\www\htmlproject\system\CodeIgniter.php(936): App\Controllers\Admin\Users->view('esther10')
#13 C:\wamp64\www\htmlproject\system\CodeIgniter.php(432): CodeIgniter\CodeIgniter->runController(Object(App\Controllers\Admin\Users))
#14 C:\wamp64\www\htmlproject\system\CodeIgniter.php(333): CodeIgniter\CodeIgniter->handleRequest(NULL, Object(Config\Cache), false)
#15 C:\wamp64\www\htmlproject\index.php(44): CodeIgniter\CodeIgniter->run()
#16 C:\wamp64\www\htmlproject\system\Commands\Server\rewrite.php(45): require_once('C:\\wamp64\\www\\h...')
#17 {main}
CRITICAL - 2021-10-15 12:26:48 --> Array to string conversion
#0 C:\wamp64\www\htmlproject\app\Entities\Withdraw.php(23): CodeIgniter\Debug\Exceptions->errorHandler(8, 'Array to string...', 'C:\\wamp64\\www\\h...', 23, Array)
#1 C:\wamp64\www\htmlproject\system\Entity.php(300): App\Entities\Withdraw->getUser()
#2 C:\wamp64\www\htmlproject\system\Entity.php(150): CodeIgniter\Entity->__get('user')
#3 C:\wamp64\www\htmlproject\system\Entity.php(632): CodeIgniter\Entity->toArray()
#4 [internal function]: CodeIgniter\Entity->jsonSerialize()
#5 C:\wamp64\www\htmlproject\app\Views\Admin\Users\view2.php(456): json_encode(Array)
#6 C:\wamp64\www\htmlproject\system\View\View.php(220): include('C:\\wamp64\\www\\h...')
#7 C:\wamp64\www\htmlproject\system\View\View.php(222): CodeIgniter\View\View->CodeIgniter\View\{closure}()
#8 C:\wamp64\www\htmlproject\system\Common.php(1217): CodeIgniter\View\View->render('Admin/Users/vie...', Array, true)
#9 C:\wamp64\www\htmlproject\app\Controllers\AdminController.php(37): view('Admin/Users/vie...', Array)
#10 C:\wamp64\www\htmlproject\app\Controllers\Admin\Users.php(50): App\Controllers\AdminController->_renderPage('Users/view2', Array)
#11 C:\wamp64\www\htmlproject\system\CodeIgniter.php(936): App\Controllers\Admin\Users->view('esther10')
#12 C:\wamp64\www\htmlproject\system\CodeIgniter.php(432): CodeIgniter\CodeIgniter->runController(Object(App\Controllers\Admin\Users))
#13 C:\wamp64\www\htmlproject\system\CodeIgniter.php(333): CodeIgniter\CodeIgniter->handleRequest(NULL, Object(Config\Cache), false)
#14 C:\wamp64\www\htmlproject\index.php(44): CodeIgniter\CodeIgniter->run()
#15 C:\wamp64\www\htmlproject\system\Commands\Server\rewrite.php(45): require_once('C:\\wamp64\\www\\h...')
#16 {main}
CRITICAL - 2021-10-15 15:27:55 --> Undefined offset: 0
#0 C:\wamp64\www\htmlproject\app\Controllers\Admin\Users.php(41): CodeIgniter\Debug\Exceptions->errorHandler(8, 'Undefined offse...', 'C:\\wamp64\\www\\h...', 41, Array)
#1 C:\wamp64\www\htmlproject\system\CodeIgniter.php(936): App\Controllers\Admin\Users->view('app-invoice-add...')
#2 C:\wamp64\www\htmlproject\system\CodeIgniter.php(432): CodeIgniter\CodeIgniter->runController(Object(App\Controllers\Admin\Users))
#3 C:\wamp64\www\htmlproject\system\CodeIgniter.php(333): CodeIgniter\CodeIgniter->handleRequest(NULL, Object(Config\Cache), false)
#4 C:\wamp64\www\htmlproject\index.php(44): CodeIgniter\CodeIgniter->run()
#5 C:\wamp64\www\htmlproject\system\Commands\Server\rewrite.php(45): require_once('C:\\wamp64\\www\\h...')
#6 {main}
CRITICAL - 2021-10-15 19:07:38 --> Undefined offset: 0
#0 C:\wamp64\www\htmlproject\app\Controllers\Admin\Users.php(41): CodeIgniter\Debug\Exceptions->errorHandler(8, 'Undefined offse...', 'C:\\wamp64\\www\\h...', 41, Array)
#1 C:\wamp64\www\htmlproject\system\CodeIgniter.php(936): App\Controllers\Admin\Users->view('app-invoice-edi...')
#2 C:\wamp64\www\htmlproject\system\CodeIgniter.php(432): CodeIgniter\CodeIgniter->runController(Object(App\Controllers\Admin\Users))
#3 C:\wamp64\www\htmlproject\system\CodeIgniter.php(333): CodeIgniter\CodeIgniter->handleRequest(NULL, Object(Config\Cache), false)
#4 C:\wamp64\www\htmlproject\index.php(44): CodeIgniter\CodeIgniter->run()
#5 C:\wamp64\www\htmlproject\system\Commands\Server\rewrite.php(45): require_once('C:\\wamp64\\www\\h...')
#6 {main}
