CRITICAL - 2021-12-30 00:14:38 --> Argument 2 passed to CodeIgniter\Database\BaseBuilder::orLike() must be of the type string, null given, called in C:\wamp64\www\htmlproject\app\Models\AuthModel.php on line 1486
#0 C:\wamp64\www\htmlproject\app\Models\AuthModel.php(1486): CodeIgniter\Database\BaseBuilder->orLike('username', NULL, 'both')
#1 C:\wamp64\www\htmlproject\app\Controllers\Admin\Users.php(111): App\Models\AuthModel->users()
#2 C:\wamp64\www\htmlproject\system\CodeIgniter.php(936): App\Controllers\Admin\Users->gtsr()
#3 C:\wamp64\www\htmlproject\system\CodeIgniter.php(432): CodeIgniter\CodeIgniter->runController(Object(App\Controllers\Admin\Users))
#4 C:\wamp64\www\htmlproject\system\CodeIgniter.php(333): CodeIgniter\CodeIgniter->handleRequest(NULL, Object(Config\Cache), false)
#5 C:\wamp64\www\htmlproject\index.php(44): CodeIgniter\CodeIgniter->run()
#6 C:\wamp64\www\htmlproject\system\Commands\Server\rewrite.php(45): require_once('C:\\wamp64\\www\\h...')
#7 {main}
CRITICAL - 2021-12-30 00:46:38 --> Undefined index: position
#0 C:\wamp64\www\htmlproject\app\Models\AuthModel.php(1513): CodeIgniter\Debug\Exceptions->errorHandler(8, 'Undefined index...', 'C:\\wamp64\\www\\h...', 1513, Array)
#1 C:\wamp64\www\htmlproject\app\Controllers\Admin\Users.php(111): App\Models\AuthModel->users()
#2 C:\wamp64\www\htmlproject\system\CodeIgniter.php(936): App\Controllers\Admin\Users->gtsr()
#3 C:\wamp64\www\htmlproject\system\CodeIgniter.php(432): CodeIgniter\CodeIgniter->runController(Object(App\Controllers\Admin\Users))
#4 C:\wamp64\www\htmlproject\system\CodeIgniter.php(333): CodeIgniter\CodeIgniter->handleRequest(NULL, Object(Config\Cache), false)
#5 C:\wamp64\www\htmlproject\index.php(44): CodeIgniter\CodeIgniter->run()
#6 C:\wamp64\www\htmlproject\system\Commands\Server\rewrite.php(45): require_once('C:\\wamp64\\www\\h...')
#7 {main}
CRITICAL - 2021-12-30 13:16:41 --> count(): Parameter must be an array or an object that implements Countable
#0 [internal function]: CodeIgniter\Debug\Exceptions->errorHandler(2, 'count(): Parame...', 'C:\\wamp64\\www\\h...', 122, Array)
#1 C:\wamp64\www\htmlproject\app\Controllers\Admin\Users.php(122): count(Object(App\Models\Users))
#2 C:\wamp64\www\htmlproject\system\CodeIgniter.php(936): App\Controllers\Admin\Users->gtsr()
#3 C:\wamp64\www\htmlproject\system\CodeIgniter.php(432): CodeIgniter\CodeIgniter->runController(Object(App\Controllers\Admin\Users))
#4 C:\wamp64\www\htmlproject\system\CodeIgniter.php(333): CodeIgniter\CodeIgniter->handleRequest(NULL, Object(Config\Cache), false)
#5 C:\wamp64\www\htmlproject\index.php(44): CodeIgniter\CodeIgniter->run()
#6 C:\wamp64\www\htmlproject\system\Commands\Server\rewrite.php(45): require_once('C:\\wamp64\\www\\h...')
#7 {main}
CRITICAL - 2021-12-30 13:16:59 --> count(): Parameter must be an array or an object that implements Countable
#0 [internal function]: CodeIgniter\Debug\Exceptions->errorHandler(2, 'count(): Parame...', 'C:\\wamp64\\www\\h...', 122, Array)
#1 C:\wamp64\www\htmlproject\app\Controllers\Admin\Users.php(122): count(Object(App\Models\Users))
#2 C:\wamp64\www\htmlproject\system\CodeIgniter.php(936): App\Controllers\Admin\Users->gtsr()
#3 C:\wamp64\www\htmlproject\system\CodeIgniter.php(432): CodeIgniter\CodeIgniter->runController(Object(App\Controllers\Admin\Users))
#4 C:\wamp64\www\htmlproject\system\CodeIgniter.php(333): CodeIgniter\CodeIgniter->handleRequest(NULL, Object(Config\Cache), false)
#5 C:\wamp64\www\htmlproject\index.php(44): CodeIgniter\CodeIgniter->run()
#6 C:\wamp64\www\htmlproject\system\Commands\Server\rewrite.php(45): require_once('C:\\wamp64\\www\\h...')
#7 {main}
CRITICAL - 2021-12-30 13:18:03 --> Call to undefined method App\Models\Users::findAAll
#0 C:\wamp64\www\htmlproject\app\Controllers\Admin\Users.php(122): CodeIgniter\Model->__call('findAAll', Array)
#1 C:\wamp64\www\htmlproject\system\CodeIgniter.php(936): App\Controllers\Admin\Users->gtsr()
#2 C:\wamp64\www\htmlproject\system\CodeIgniter.php(432): CodeIgniter\CodeIgniter->runController(Object(App\Controllers\Admin\Users))
#3 C:\wamp64\www\htmlproject\system\CodeIgniter.php(333): CodeIgniter\CodeIgniter->handleRequest(NULL, Object(Config\Cache), false)
#4 C:\wamp64\www\htmlproject\index.php(44): CodeIgniter\CodeIgniter->run()
#5 C:\wamp64\www\htmlproject\system\Commands\Server\rewrite.php(45): require_once('C:\\wamp64\\www\\h...')
#6 {main}
CRITICAL - 2021-12-30 14:01:36 --> Call to a member function where() on array
#0 C:\wamp64\www\htmlproject\system\CodeIgniter.php(936): App\Controllers\Admin\Users->gtsr()
#1 C:\wamp64\www\htmlproject\system\CodeIgniter.php(432): CodeIgniter\CodeIgniter->runController(Object(App\Controllers\Admin\Users))
#2 C:\wamp64\www\htmlproject\system\CodeIgniter.php(333): CodeIgniter\CodeIgniter->handleRequest(NULL, Object(Config\Cache), false)
#3 C:\wamp64\www\htmlproject\index.php(44): CodeIgniter\CodeIgniter->run()
#4 C:\wamp64\www\htmlproject\system\Commands\Server\rewrite.php(45): require_once('C:\\wamp64\\www\\h...')
#5 {main}
CRITICAL - 2021-12-30 15:01:41 --> Argument 1 passed to App\Models\AuthModel::orderBy() must be of the type string, null given, called in C:\wamp64\www\htmlproject\app\Controllers\Admin\Users.php on line 104
#0 C:\wamp64\www\htmlproject\app\Controllers\Admin\Users.php(104): App\Models\AuthModel->orderBy(NULL, NULL)
#1 C:\wamp64\www\htmlproject\system\CodeIgniter.php(936): App\Controllers\Admin\Users->gtsr()
#2 C:\wamp64\www\htmlproject\system\CodeIgniter.php(432): CodeIgniter\CodeIgniter->runController(Object(App\Controllers\Admin\Users))
#3 C:\wamp64\www\htmlproject\system\CodeIgniter.php(333): CodeIgniter\CodeIgniter->handleRequest(NULL, Object(Config\Cache), false)
#4 C:\wamp64\www\htmlproject\index.php(44): CodeIgniter\CodeIgniter->run()
#5 C:\wamp64\www\htmlproject\system\Commands\Server\rewrite.php(45): require_once('C:\\wamp64\\www\\h...')
#6 {main}
CRITICAL - 2021-12-30 15:02:02 --> Argument 1 passed to App\Models\AuthModel::orderBy() must be of the type string, null given, called in C:\wamp64\www\htmlproject\app\Controllers\Admin\Users.php on line 104
#0 C:\wamp64\www\htmlproject\app\Controllers\Admin\Users.php(104): App\Models\AuthModel->orderBy(NULL, NULL)
#1 C:\wamp64\www\htmlproject\system\CodeIgniter.php(936): App\Controllers\Admin\Users->gtsr()
#2 C:\wamp64\www\htmlproject\system\CodeIgniter.php(432): CodeIgniter\CodeIgniter->runController(Object(App\Controllers\Admin\Users))
#3 C:\wamp64\www\htmlproject\system\CodeIgniter.php(333): CodeIgniter\CodeIgniter->handleRequest(NULL, Object(Config\Cache), false)
#4 C:\wamp64\www\htmlproject\index.php(44): CodeIgniter\CodeIgniter->run()
#5 C:\wamp64\www\htmlproject\system\Commands\Server\rewrite.php(45): require_once('C:\\wamp64\\www\\h...')
#6 {main}
CRITICAL - 2021-12-30 15:02:28 --> Argument 1 passed to App\Models\AuthModel::orderBy() must be of the type string, null given, called in C:\wamp64\www\htmlproject\app\Controllers\Admin\Users.php on line 104
#0 C:\wamp64\www\htmlproject\app\Controllers\Admin\Users.php(104): App\Models\AuthModel->orderBy(NULL, NULL)
#1 C:\wamp64\www\htmlproject\system\CodeIgniter.php(936): App\Controllers\Admin\Users->gtsr()
#2 C:\wamp64\www\htmlproject\system\CodeIgniter.php(432): CodeIgniter\CodeIgniter->runController(Object(App\Controllers\Admin\Users))
#3 C:\wamp64\www\htmlproject\system\CodeIgniter.php(333): CodeIgniter\CodeIgniter->handleRequest(NULL, Object(Config\Cache), false)
#4 C:\wamp64\www\htmlproject\index.php(44): CodeIgniter\CodeIgniter->run()
#5 C:\wamp64\www\htmlproject\system\Commands\Server\rewrite.php(45): require_once('C:\\wamp64\\www\\h...')
#6 {main}
CRITICAL - 2021-12-30 15:06:39 --> Argument 1 passed to App\Models\AuthModel::orderBy() must be of the type string, null given, called in C:\wamp64\www\htmlproject\app\Controllers\Admin\Users.php on line 104
#0 C:\wamp64\www\htmlproject\app\Controllers\Admin\Users.php(104): App\Models\AuthModel->orderBy(NULL, NULL)
#1 C:\wamp64\www\htmlproject\system\CodeIgniter.php(936): App\Controllers\Admin\Users->gtsr()
#2 C:\wamp64\www\htmlproject\system\CodeIgniter.php(432): CodeIgniter\CodeIgniter->runController(Object(App\Controllers\Admin\Users))
#3 C:\wamp64\www\htmlproject\system\CodeIgniter.php(333): CodeIgniter\CodeIgniter->handleRequest(NULL, Object(Config\Cache), false)
#4 C:\wamp64\www\htmlproject\index.php(44): CodeIgniter\CodeIgniter->run()
#5 C:\wamp64\www\htmlproject\system\Commands\Server\rewrite.php(45): require_once('C:\\wamp64\\www\\h...')
#6 {main}
CRITICAL - 2021-12-30 15:33:10 --> Undefined offset: 0
#0 C:\wamp64\www\htmlproject\app\Entities\Withdraw.php(23): CodeIgniter\Debug\Exceptions->errorHandler(8, 'Undefined offse...', 'C:\\wamp64\\www\\h...', 23, Array)
#1 C:\wamp64\www\htmlproject\system\Entity.php(300): App\Entities\Withdraw->getUser()
#2 C:\wamp64\www\htmlproject\app\Views\Admin\Withdraws\index.php(40): CodeIgniter\Entity->__get('user')
#3 C:\wamp64\www\htmlproject\system\View\View.php(220): include('C:\\wamp64\\www\\h...')
#4 C:\wamp64\www\htmlproject\system\View\View.php(222): CodeIgniter\View\View->CodeIgniter\View\{closure}()
#5 C:\wamp64\www\htmlproject\system\Common.php(1217): CodeIgniter\View\View->render('Admin/Withdraws...', Array, true)
#6 C:\wamp64\www\htmlproject\app\Controllers\AdminController.php(36): view('Admin/Withdraws...', Array)
#7 C:\wamp64\www\htmlproject\app\Controllers\Admin\Withdraws.php(115): App\Controllers\AdminController->_renderPage('Withdraws/index', Array)
#8 C:\wamp64\www\htmlproject\system\CodeIgniter.php(936): App\Controllers\Admin\Withdraws->index()
#9 C:\wamp64\www\htmlproject\system\CodeIgniter.php(432): CodeIgniter\CodeIgniter->runController(Object(App\Controllers\Admin\Withdraws))
#10 C:\wamp64\www\htmlproject\system\CodeIgniter.php(333): CodeIgniter\CodeIgniter->handleRequest(NULL, Object(Config\Cache), false)
#11 C:\wamp64\www\htmlproject\index.php(44): CodeIgniter\CodeIgniter->run()
#12 C:\wamp64\www\htmlproject\system\Commands\Server\rewrite.php(45): require_once('C:\\wamp64\\www\\h...')
#13 {main}
CRITICAL - 2021-12-30 15:35:34 --> Trying to get property 'name' of non-object
#0 C:\wamp64\www\htmlproject\app\Views\Admin\Withdraws\index.php(40): CodeIgniter\Debug\Exceptions->errorHandler(8, 'Trying to get p...', 'C:\\wamp64\\www\\h...', 40, Array)
#1 C:\wamp64\www\htmlproject\system\View\View.php(220): include('C:\\wamp64\\www\\h...')
#2 C:\wamp64\www\htmlproject\system\View\View.php(222): CodeIgniter\View\View->CodeIgniter\View\{closure}()
#3 C:\wamp64\www\htmlproject\system\Common.php(1217): CodeIgniter\View\View->render('Admin/Withdraws...', Array, true)
#4 C:\wamp64\www\htmlproject\app\Controllers\AdminController.php(36): view('Admin/Withdraws...', Array)
#5 C:\wamp64\www\htmlproject\app\Controllers\Admin\Withdraws.php(115): App\Controllers\AdminController->_renderPage('Withdraws/index', Array)
#6 C:\wamp64\www\htmlproject\system\CodeIgniter.php(936): App\Controllers\Admin\Withdraws->index()
#7 C:\wamp64\www\htmlproject\system\CodeIgniter.php(432): CodeIgniter\CodeIgniter->runController(Object(App\Controllers\Admin\Withdraws))
#8 C:\wamp64\www\htmlproject\system\CodeIgniter.php(333): CodeIgniter\CodeIgniter->handleRequest(NULL, Object(Config\Cache), false)
#9 C:\wamp64\www\htmlproject\index.php(44): CodeIgniter\CodeIgniter->run()
#10 C:\wamp64\www\htmlproject\system\Commands\Server\rewrite.php(45): require_once('C:\\wamp64\\www\\h...')
#11 {main}
CRITICAL - 2021-12-30 21:41:57 --> Array to string conversion
#0 C:\wamp64\www\htmlproject\app\Controllers\Admin\Withdraws.php(123): CodeIgniter\Debug\Exceptions->errorHandler(8, 'Array to string...', 'C:\\wamp64\\www\\h...', 123, Array)
#1 C:\wamp64\www\htmlproject\system\CodeIgniter.php(936): App\Controllers\Admin\Withdraws->getWith()
#2 C:\wamp64\www\htmlproject\system\CodeIgniter.php(432): CodeIgniter\CodeIgniter->runController(Object(App\Controllers\Admin\Withdraws))
#3 C:\wamp64\www\htmlproject\system\CodeIgniter.php(333): CodeIgniter\CodeIgniter->handleRequest(NULL, Object(Config\Cache), false)
#4 C:\wamp64\www\htmlproject\index.php(44): CodeIgniter\CodeIgniter->run()
#5 C:\wamp64\www\htmlproject\system\Commands\Server\rewrite.php(45): require_once('C:\\wamp64\\www\\h...')
#6 {main}
CRITICAL - 2021-12-30 22:03:01 --> Cannot use object of type App\Entities\Withdraw as array
#0 C:\wamp64\www\htmlproject\system\CodeIgniter.php(936): App\Controllers\Admin\Withdraws->getWith()
#1 C:\wamp64\www\htmlproject\system\CodeIgniter.php(432): CodeIgniter\CodeIgniter->runController(Object(App\Controllers\Admin\Withdraws))
#2 C:\wamp64\www\htmlproject\system\CodeIgniter.php(333): CodeIgniter\CodeIgniter->handleRequest(NULL, Object(Config\Cache), false)
#3 C:\wamp64\www\htmlproject\index.php(44): CodeIgniter\CodeIgniter->run()
#4 C:\wamp64\www\htmlproject\system\Commands\Server\rewrite.php(45): require_once('C:\\wamp64\\www\\h...')
#5 {main}
CRITICAL - 2021-12-30 22:12:15 --> Cannot use object of type App\Entities\Withdraw as array
#0 C:\wamp64\www\htmlproject\system\CodeIgniter.php(936): App\Controllers\Admin\Withdraws->getWith()
#1 C:\wamp64\www\htmlproject\system\CodeIgniter.php(432): CodeIgniter\CodeIgniter->runController(Object(App\Controllers\Admin\Withdraws))
#2 C:\wamp64\www\htmlproject\system\CodeIgniter.php(333): CodeIgniter\CodeIgniter->handleRequest(NULL, Object(Config\Cache), false)
#3 C:\wamp64\www\htmlproject\index.php(44): CodeIgniter\CodeIgniter->run()
#4 C:\wamp64\www\htmlproject\system\Commands\Server\rewrite.php(45): require_once('C:\\wamp64\\www\\h...')
#5 {main}
CRITICAL - 2021-12-30 22:19:16 --> Invalid argument supplied for foreach()
#0 C:\wamp64\www\htmlproject\app\Controllers\Admin\Withdraws.php(125): CodeIgniter\Debug\Exceptions->errorHandler(2, 'Invalid argumen...', 'C:\\wamp64\\www\\h...', 125, Array)
#1 C:\wamp64\www\htmlproject\system\CodeIgniter.php(936): App\Controllers\Admin\Withdraws->getWith()
#2 C:\wamp64\www\htmlproject\system\CodeIgniter.php(432): CodeIgniter\CodeIgniter->runController(Object(App\Controllers\Admin\Withdraws))
#3 C:\wamp64\www\htmlproject\system\CodeIgniter.php(333): CodeIgniter\CodeIgniter->handleRequest(NULL, Object(Config\Cache), false)
#4 C:\wamp64\www\htmlproject\index.php(44): CodeIgniter\CodeIgniter->run()
#5 C:\wamp64\www\htmlproject\system\Commands\Server\rewrite.php(45): require_once('C:\\wamp64\\www\\h...')
#6 {main}
CRITICAL - 2021-12-30 22:25:24 --> Trying to get property 'user' of non-object
#0 C:\wamp64\www\htmlproject\app\Controllers\Admin\Withdraws.php(127): CodeIgniter\Debug\Exceptions->errorHandler(8, 'Trying to get p...', 'C:\\wamp64\\www\\h...', 127, Array)
#1 C:\wamp64\www\htmlproject\system\CodeIgniter.php(936): App\Controllers\Admin\Withdraws->getWith()
#2 C:\wamp64\www\htmlproject\system\CodeIgniter.php(432): CodeIgniter\CodeIgniter->runController(Object(App\Controllers\Admin\Withdraws))
#3 C:\wamp64\www\htmlproject\system\CodeIgniter.php(333): CodeIgniter\CodeIgniter->handleRequest(NULL, Object(Config\Cache), false)
#4 C:\wamp64\www\htmlproject\index.php(44): CodeIgniter\CodeIgniter->run()
#5 C:\wamp64\www\htmlproject\system\Commands\Server\rewrite.php(45): require_once('C:\\wamp64\\www\\h...')
#6 {main}
CRITICAL - 2021-12-30 22:40:50 --> syntax error, unexpected ';', expecting ')'
#0 C:\wamp64\www\htmlproject\system\Router\Router.php(170): CodeIgniter\Router\Router->autoRoute('admin/withdraws...')
#1 C:\wamp64\www\htmlproject\system\CodeIgniter.php(816): CodeIgniter\Router\Router->handle('admin/withdraws...')
#2 C:\wamp64\www\htmlproject\system\CodeIgniter.php(385): CodeIgniter\CodeIgniter->tryToRouteIt(Object(CodeIgniter\Router\RouteCollection))
#3 C:\wamp64\www\htmlproject\system\CodeIgniter.php(333): CodeIgniter\CodeIgniter->handleRequest(NULL, Object(Config\Cache), false)
#4 C:\wamp64\www\htmlproject\index.php(44): CodeIgniter\CodeIgniter->run()
#5 C:\wamp64\www\htmlproject\system\Commands\Server\rewrite.php(45): require_once('C:\\wamp64\\www\\h...')
#6 {main}
CRITICAL - 2021-12-30 22:47:01 --> Array to string conversion
#0 C:\wamp64\www\htmlproject\app\Controllers\Admin\Withdraws.php(140): CodeIgniter\Debug\Exceptions->errorHandler(8, 'Array to string...', 'C:\\wamp64\\www\\h...', 140, Array)
#1 C:\wamp64\www\htmlproject\system\CodeIgniter.php(936): App\Controllers\Admin\Withdraws->getWith()
#2 C:\wamp64\www\htmlproject\system\CodeIgniter.php(432): CodeIgniter\CodeIgniter->runController(Object(App\Controllers\Admin\Withdraws))
#3 C:\wamp64\www\htmlproject\system\CodeIgniter.php(333): CodeIgniter\CodeIgniter->handleRequest(NULL, Object(Config\Cache), false)
#4 C:\wamp64\www\htmlproject\index.php(44): CodeIgniter\CodeIgniter->run()
#5 C:\wamp64\www\htmlproject\system\Commands\Server\rewrite.php(45): require_once('C:\\wamp64\\www\\h...')
#6 {main}
