CRITICAL - 2022-01-02 03:30:57 --> Call to undefined function App\Controllers\Admin\getURL()
#0 C:\wamp64\www\htmlproject\app\Libraries\Flutterwave\Library\rave.php(1267): App\Controllers\Admin\myEventHandler->onCancel('cancelled')
#1 C:\wamp64\www\htmlproject\app\Controllers\Admin\Users.php(209): App\Libraries\Flutterwave\Library\Rave->paymentCanceled('cancelled')
#2 C:\wamp64\www\htmlproject\system\CodeIgniter.php(936): App\Controllers\Admin\Users->processPayment()
#3 C:\wamp64\www\htmlproject\system\CodeIgniter.php(432): CodeIgniter\CodeIgniter->runController(Object(App\Controllers\Admin\Users))
#4 C:\wamp64\www\htmlproject\system\CodeIgniter.php(333): CodeIgniter\CodeIgniter->handleRequest(NULL, Object(Config\Cache), false)
#5 C:\wamp64\www\htmlproject\index.php(44): CodeIgniter\CodeIgniter->run()
#6 C:\wamp64\www\htmlproject\system\Commands\Server\rewrite.php(45): require_once('C:\\wamp64\\www\\h...')
#7 {main}
CRITICAL - 2022-01-02 03:32:34 --> Call to undefined function App\Controllers\Admin\getURL()
#0 C:\wamp64\www\htmlproject\app\Libraries\Flutterwave\Library\rave.php(1267): App\Controllers\Admin\myEventHandler->onCancel('cancelled')
#1 C:\wamp64\www\htmlproject\app\Controllers\Admin\Users.php(209): App\Libraries\Flutterwave\Library\Rave->paymentCanceled('cancelled')
#2 C:\wamp64\www\htmlproject\system\CodeIgniter.php(936): App\Controllers\Admin\Users->processPayment()
#3 C:\wamp64\www\htmlproject\system\CodeIgniter.php(432): CodeIgniter\CodeIgniter->runController(Object(App\Controllers\Admin\Users))
#4 C:\wamp64\www\htmlproject\system\CodeIgniter.php(333): CodeIgniter\CodeIgniter->handleRequest(NULL, Object(Config\Cache), false)
#5 C:\wamp64\www\htmlproject\index.php(44): CodeIgniter\CodeIgniter->run()
#6 C:\wamp64\www\htmlproject\system\Commands\Server\rewrite.php(45): require_once('C:\\wamp64\\www\\h...')
#7 {main}
CRITICAL - 2022-01-02 04:10:04 --> SSL certificate problem: unable to get local issuer certificate
#0 C:\wamp64\www\htmlproject\vendor\mashape\unirest-php\src\Unirest\Request.php(292): Unirest\Request::send('POST', 'https://api.flu...', '{"amount":"200"...', Array, NULL, NULL)
#1 C:\wamp64\www\htmlproject\app\Libraries\Flutterwave\Library\rave.php(698): Unirest\Request::post('https://api.flu...', Array, '{"amount":"200"...')
#2 C:\wamp64\www\htmlproject\app\Libraries\Flutterwave\Library\rave.php(1113): App\Libraries\Flutterwave\Library\Rave->postURL(Array)
#3 C:\wamp64\www\htmlproject\app\Libraries\Flutterwave\Library\rave.php(629): App\Libraries\Flutterwave\Library\Rave->chargePayment(Array)
#4 C:\wamp64\www\htmlproject\app\Controllers\Admin\Users.php(203): App\Libraries\Flutterwave\Library\Rave->initialize()
#5 C:\wamp64\www\htmlproject\system\CodeIgniter.php(936): App\Controllers\Admin\Users->processPayment()
#6 C:\wamp64\www\htmlproject\system\CodeIgniter.php(432): CodeIgniter\CodeIgniter->runController(Object(App\Controllers\Admin\Users))
#7 C:\wamp64\www\htmlproject\system\CodeIgniter.php(333): CodeIgniter\CodeIgniter->handleRequest(NULL, Object(Config\Cache), false)
#8 C:\wamp64\www\htmlproject\index.php(44): CodeIgniter\CodeIgniter->run()
#9 C:\wamp64\www\htmlproject\system\Commands\Server\rewrite.php(45): require_once('C:\\wamp64\\www\\h...')
#10 {main}
CRITICAL - 2022-01-02 04:35:54 --> SSL certificate problem: unable to get local issuer certificate
#0 C:\wamp64\www\htmlproject\vendor\mashape\unirest-php\src\Unirest\Request.php(292): Unirest\Request::send('POST', 'https://api.flu...', '{"amount":"200"...', Array, NULL, NULL)
#1 C:\wamp64\www\htmlproject\app\Libraries\Flutterwave\Library\rave.php(698): Unirest\Request::post('https://api.flu...', Array, '{"amount":"200"...')
#2 C:\wamp64\www\htmlproject\app\Libraries\Flutterwave\Library\rave.php(1113): App\Libraries\Flutterwave\Library\Rave->postURL(Array)
#3 C:\wamp64\www\htmlproject\app\Libraries\Flutterwave\Library\rave.php(629): App\Libraries\Flutterwave\Library\Rave->chargePayment(Array)
#4 C:\wamp64\www\htmlproject\app\Controllers\Admin\Users.php(203): App\Libraries\Flutterwave\Library\Rave->initialize()
#5 C:\wamp64\www\htmlproject\system\CodeIgniter.php(936): App\Controllers\Admin\Users->processPayment()
#6 C:\wamp64\www\htmlproject\system\CodeIgniter.php(432): CodeIgniter\CodeIgniter->runController(Object(App\Controllers\Admin\Users))
#7 C:\wamp64\www\htmlproject\system\CodeIgniter.php(333): CodeIgniter\CodeIgniter->handleRequest(NULL, Object(Config\Cache), false)
#8 C:\wamp64\www\htmlproject\index.php(44): CodeIgniter\CodeIgniter->run()
#9 C:\wamp64\www\htmlproject\system\Commands\Server\rewrite.php(45): require_once('C:\\wamp64\\www\\h...')
#10 {main}
CRITICAL - 2022-01-02 06:01:28 --> Call to undefined function App\Controllers\Admin\getURL()
#0 C:\wamp64\www\htmlproject\app\Libraries\Flutterwave\Library\rave.php(1266): App\Controllers\Admin\myEventHandler->onCancel('cancelled')
#1 C:\wamp64\www\htmlproject\app\Controllers\Admin\Users.php(209): App\Libraries\Flutterwave\Library\Rave->paymentCanceled('cancelled')
#2 C:\wamp64\www\htmlproject\system\CodeIgniter.php(936): App\Controllers\Admin\Users->processPayment()
#3 C:\wamp64\www\htmlproject\system\CodeIgniter.php(432): CodeIgniter\CodeIgniter->runController(Object(App\Controllers\Admin\Users))
#4 C:\wamp64\www\htmlproject\system\CodeIgniter.php(333): CodeIgniter\CodeIgniter->handleRequest(NULL, Object(Config\Cache), false)
#5 C:\wamp64\www\htmlproject\index.php(44): CodeIgniter\CodeIgniter->run()
#6 C:\wamp64\www\htmlproject\system\Commands\Server\rewrite.php(45): require_once('C:\\wamp64\\www\\h...')
#7 {main}
