CRITICAL - 2021-12-17 05:33:06 --> Undefined variable: security
#0 C:\wamp64\www\htmlproject\app\Views\Auth\email\wait_verification_email.php(55): CodeIgniter\Debug\Exceptions->errorHandler(8, 'Undefined varia...', 'C:\\wamp64\\www\\h...', 55, Array)
#1 C:\wamp64\www\htmlproject\system\View\View.php(220): include('C:\\wamp64\\www\\h...')
#2 C:\wamp64\www\htmlproject\system\View\View.php(222): CodeIgniter\View\View->CodeIgniter\View\{closure}()
#3 C:\wamp64\www\htmlproject\system\Common.php(1217): CodeIgniter\View\View->render('Auth/email/wait...', Array, true)
#4 C:\wamp64\www\htmlproject\app\Controllers\Auth.php(341): view('Auth/email/wait...', Array)
#5 C:\wamp64\www\htmlproject\app\Controllers\Auth.php(75): App\Controllers\Auth->_renderPage('email/wait_veri...', Array)
#6 C:\wamp64\www\htmlproject\app\Controllers\Auth.php(45): App\Controllers\Auth->login()
#7 C:\wamp64\www\htmlproject\system\CodeIgniter.php(936): App\Controllers\Auth->index()
#8 C:\wamp64\www\htmlproject\system\CodeIgniter.php(432): CodeIgniter\CodeIgniter->runController(Object(App\Controllers\Auth))
#9 C:\wamp64\www\htmlproject\system\CodeIgniter.php(333): CodeIgniter\CodeIgniter->handleRequest(NULL, Object(Config\Cache), false)
#10 C:\wamp64\www\htmlproject\index.php(44): CodeIgniter\CodeIgniter->run()
#11 C:\wamp64\www\htmlproject\system\Commands\Server\rewrite.php(45): require_once('C:\\wamp64\\www\\h...')
#12 {main}
CRITICAL - 2021-12-17 06:25:56 --> Undefined variable: supportEmai
#0 C:\wamp64\www\htmlproject\app\Views\Auth\email\forgot_password.tpl.php(357): CodeIgniter\Debug\Exceptions->errorHandler(8, 'Undefined varia...', 'C:\\wamp64\\www\\h...', 357, Array)
#1 C:\wamp64\www\htmlproject\system\View\View.php(220): include('C:\\wamp64\\www\\h...')
#2 C:\wamp64\www\htmlproject\system\View\View.php(222): CodeIgniter\View\View->CodeIgniter\View\{closure}()
#3 C:\wamp64\www\htmlproject\system\Common.php(1217): CodeIgniter\View\View->render('Auth/email/forg...', Array, true)
#4 C:\wamp64\www\htmlproject\app\Libraries\Auth.php(143): view('Auth/email/forg...', Array)
#5 C:\wamp64\www\htmlproject\app\Controllers\Auth.php(201): App\Libraries\Auth->forgottenPassword('legacyblair001@...')
#6 C:\wamp64\www\htmlproject\system\CodeIgniter.php(936): App\Controllers\Auth->forgot_password()
#7 C:\wamp64\www\htmlproject\system\CodeIgniter.php(432): CodeIgniter\CodeIgniter->runController(Object(App\Controllers\Auth))
#8 C:\wamp64\www\htmlproject\system\CodeIgniter.php(333): CodeIgniter\CodeIgniter->handleRequest(NULL, Object(Config\Cache), false)
#9 C:\wamp64\www\htmlproject\index.php(44): CodeIgniter\CodeIgniter->run()
#10 C:\wamp64\www\htmlproject\system\Commands\Server\rewrite.php(45): require_once('C:\\wamp64\\www\\h...')
#11 {main}
