CRITICAL - 2021-12-26 00:30:00 --> Trying to get property 'name' of non-object
#0 C:\wamp64\www\htmlproject\app\Views\Admin\Investments\index.php(106): CodeIgniter\Debug\Exceptions->errorHandler(8, 'Trying to get p...', 'C:\\wamp64\\www\\h...', 106, Array)
#1 C:\wamp64\www\htmlproject\system\View\View.php(220): include('C:\\wamp64\\www\\h...')
#2 C:\wamp64\www\htmlproject\system\View\View.php(222): CodeIgniter\View\View->CodeIgniter\View\{closure}()
#3 C:\wamp64\www\htmlproject\system\Common.php(1217): CodeIgniter\View\View->render('Admin/Investmen...', Array, true)
#4 C:\wamp64\www\htmlproject\app\Controllers\AdminController.php(36): view('Admin/Investmen...', Array)
#5 C:\wamp64\www\htmlproject\app\Controllers\Admin\Investments.php(22): App\Controllers\AdminController->_renderPage('Investments/ind...', Array)
#6 C:\wamp64\www\htmlproject\system\CodeIgniter.php(936): App\Controllers\Admin\Investments->index()
#7 C:\wamp64\www\htmlproject\system\CodeIgniter.php(432): CodeIgniter\CodeIgniter->runController(Object(App\Controllers\Admin\Investments))
#8 C:\wamp64\www\htmlproject\system\CodeIgniter.php(333): CodeIgniter\CodeIgniter->handleRequest(NULL, Object(Config\Cache), false)
#9 C:\wamp64\www\htmlproject\index.php(44): CodeIgniter\CodeIgniter->run()
#10 C:\wamp64\www\htmlproject\system\Commands\Server\rewrite.php(45): require_once('C:\\wamp64\\www\\h...')
#11 {main}
CRITICAL - 2021-12-26 01:16:39 --> Undefined variable: date
#0 C:\wamp64\www\htmlproject\app\Views\Admin\Investments\index.php(41): CodeIgniter\Debug\Exceptions->errorHandler(8, 'Undefined varia...', 'C:\\wamp64\\www\\h...', 41, Array)
#1 C:\wamp64\www\htmlproject\system\View\View.php(220): include('C:\\wamp64\\www\\h...')
#2 C:\wamp64\www\htmlproject\system\View\View.php(222): CodeIgniter\View\View->CodeIgniter\View\{closure}()
#3 C:\wamp64\www\htmlproject\system\Common.php(1217): CodeIgniter\View\View->render('Admin/Investmen...', Array, true)
#4 C:\wamp64\www\htmlproject\app\Controllers\AdminController.php(36): view('Admin/Investmen...', Array)
#5 C:\wamp64\www\htmlproject\app\Controllers\Admin\Investments.php(22): App\Controllers\AdminController->_renderPage('Investments/ind...', Array)
#6 C:\wamp64\www\htmlproject\system\CodeIgniter.php(936): App\Controllers\Admin\Investments->index()
#7 C:\wamp64\www\htmlproject\system\CodeIgniter.php(432): CodeIgniter\CodeIgniter->runController(Object(App\Controllers\Admin\Investments))
#8 C:\wamp64\www\htmlproject\system\CodeIgniter.php(333): CodeIgniter\CodeIgniter->handleRequest(NULL, Object(Config\Cache), false)
#9 C:\wamp64\www\htmlproject\index.php(44): CodeIgniter\CodeIgniter->run()
#10 C:\wamp64\www\htmlproject\system\Commands\Server\rewrite.php(45): require_once('C:\\wamp64\\www\\h...')
#11 {main}
CRITICAL - 2021-12-26 01:17:08 --> Undefined variable: amountCOB
#0 C:\wamp64\www\htmlproject\app\Views\Admin\Investments\index.php(44): CodeIgniter\Debug\Exceptions->errorHandler(8, 'Undefined varia...', 'C:\\wamp64\\www\\h...', 44, Array)
#1 C:\wamp64\www\htmlproject\system\View\View.php(220): include('C:\\wamp64\\www\\h...')
#2 C:\wamp64\www\htmlproject\system\View\View.php(222): CodeIgniter\View\View->CodeIgniter\View\{closure}()
#3 C:\wamp64\www\htmlproject\system\Common.php(1217): CodeIgniter\View\View->render('Admin/Investmen...', Array, true)
#4 C:\wamp64\www\htmlproject\app\Controllers\AdminController.php(36): view('Admin/Investmen...', Array)
#5 C:\wamp64\www\htmlproject\app\Controllers\Admin\Investments.php(22): App\Controllers\AdminController->_renderPage('Investments/ind...', Array)
#6 C:\wamp64\www\htmlproject\system\CodeIgniter.php(936): App\Controllers\Admin\Investments->index()
#7 C:\wamp64\www\htmlproject\system\CodeIgniter.php(432): CodeIgniter\CodeIgniter->runController(Object(App\Controllers\Admin\Investments))
#8 C:\wamp64\www\htmlproject\system\CodeIgniter.php(333): CodeIgniter\CodeIgniter->handleRequest(NULL, Object(Config\Cache), false)
#9 C:\wamp64\www\htmlproject\index.php(44): CodeIgniter\CodeIgniter->run()
#10 C:\wamp64\www\htmlproject\system\Commands\Server\rewrite.php(45): require_once('C:\\wamp64\\www\\h...')
#11 {main}
CRITICAL - 2021-12-26 01:20:36 --> Trying to get property 'name' of non-object
#0 C:\wamp64\www\htmlproject\app\Views\Admin\Investments\index.php(79): CodeIgniter\Debug\Exceptions->errorHandler(8, 'Trying to get p...', 'C:\\wamp64\\www\\h...', 79, Array)
#1 C:\wamp64\www\htmlproject\system\View\View.php(220): include('C:\\wamp64\\www\\h...')
#2 C:\wamp64\www\htmlproject\system\View\View.php(222): CodeIgniter\View\View->CodeIgniter\View\{closure}()
#3 C:\wamp64\www\htmlproject\system\Common.php(1217): CodeIgniter\View\View->render('Admin/Investmen...', Array, true)
#4 C:\wamp64\www\htmlproject\app\Controllers\AdminController.php(36): view('Admin/Investmen...', Array)
#5 C:\wamp64\www\htmlproject\app\Controllers\Admin\Investments.php(22): App\Controllers\AdminController->_renderPage('Investments/ind...', Array)
#6 C:\wamp64\www\htmlproject\system\CodeIgniter.php(936): App\Controllers\Admin\Investments->index()
#7 C:\wamp64\www\htmlproject\system\CodeIgniter.php(432): CodeIgniter\CodeIgniter->runController(Object(App\Controllers\Admin\Investments))
#8 C:\wamp64\www\htmlproject\system\CodeIgniter.php(333): CodeIgniter\CodeIgniter->handleRequest(NULL, Object(Config\Cache), false)
#9 C:\wamp64\www\htmlproject\index.php(44): CodeIgniter\CodeIgniter->run()
#10 C:\wamp64\www\htmlproject\system\Commands\Server\rewrite.php(45): require_once('C:\\wamp64\\www\\h...')
#11 {main}
CRITICAL - 2021-12-26 01:23:15 --> Trying to get property 'name' of non-object
#0 C:\wamp64\www\htmlproject\app\Views\Admin\Investments\index.php(80): CodeIgniter\Debug\Exceptions->errorHandler(8, 'Trying to get p...', 'C:\\wamp64\\www\\h...', 80, Array)
#1 C:\wamp64\www\htmlproject\system\View\View.php(220): include('C:\\wamp64\\www\\h...')
#2 C:\wamp64\www\htmlproject\system\View\View.php(222): CodeIgniter\View\View->CodeIgniter\View\{closure}()
#3 C:\wamp64\www\htmlproject\system\Common.php(1217): CodeIgniter\View\View->render('Admin/Investmen...', Array, true)
#4 C:\wamp64\www\htmlproject\app\Controllers\AdminController.php(36): view('Admin/Investmen...', Array)
#5 C:\wamp64\www\htmlproject\app\Controllers\Admin\Investments.php(22): App\Controllers\AdminController->_renderPage('Investments/ind...', Array)
#6 C:\wamp64\www\htmlproject\system\CodeIgniter.php(936): App\Controllers\Admin\Investments->index()
#7 C:\wamp64\www\htmlproject\system\CodeIgniter.php(432): CodeIgniter\CodeIgniter->runController(Object(App\Controllers\Admin\Investments))
#8 C:\wamp64\www\htmlproject\system\CodeIgniter.php(333): CodeIgniter\CodeIgniter->handleRequest(NULL, Object(Config\Cache), false)
#9 C:\wamp64\www\htmlproject\index.php(44): CodeIgniter\CodeIgniter->run()
#10 C:\wamp64\www\htmlproject\system\Commands\Server\rewrite.php(45): require_once('C:\\wamp64\\www\\h...')
#11 {main}
CRITICAL - 2021-12-26 01:27:55 --> Could not parse '12-25-2021': DateTime::__construct(): Failed to parse time string (12-25-2021) at position 0 (1): Unexpected character
#0 C:\wamp64\www\htmlproject\vendor\nesbot\carbon\src\Carbon\Traits\Creator.php(215): Carbon\Carbon::rawParse('12-25-2021', NULL)
#1 C:\wamp64\www\htmlproject\app\Controllers\Admin\Investments.php(30): Carbon\Carbon::parse('12-25-2021')
#2 C:\wamp64\www\htmlproject\system\CodeIgniter.php(936): App\Controllers\Admin\Investments->getTotalInvestment()
#3 C:\wamp64\www\htmlproject\system\CodeIgniter.php(432): CodeIgniter\CodeIgniter->runController(Object(App\Controllers\Admin\Investments))
#4 C:\wamp64\www\htmlproject\system\CodeIgniter.php(333): CodeIgniter\CodeIgniter->handleRequest(NULL, Object(Config\Cache), false)
#5 C:\wamp64\www\htmlproject\index.php(44): CodeIgniter\CodeIgniter->run()
#6 C:\wamp64\www\htmlproject\system\Commands\Server\rewrite.php(45): require_once('C:\\wamp64\\www\\h...')
#7 {main}
CRITICAL - 2021-12-26 01:28:02 --> Could not parse '12-25-2021': DateTime::__construct(): Failed to parse time string (12-25-2021) at position 0 (1): Unexpected character
#0 C:\wamp64\www\htmlproject\vendor\nesbot\carbon\src\Carbon\Traits\Creator.php(215): Carbon\Carbon::rawParse('12-25-2021', NULL)
#1 C:\wamp64\www\htmlproject\app\Controllers\Admin\Investments.php(30): Carbon\Carbon::parse('12-25-2021')
#2 C:\wamp64\www\htmlproject\system\CodeIgniter.php(936): App\Controllers\Admin\Investments->getTotalInvestment()
#3 C:\wamp64\www\htmlproject\system\CodeIgniter.php(432): CodeIgniter\CodeIgniter->runController(Object(App\Controllers\Admin\Investments))
#4 C:\wamp64\www\htmlproject\system\CodeIgniter.php(333): CodeIgniter\CodeIgniter->handleRequest(NULL, Object(Config\Cache), false)
#5 C:\wamp64\www\htmlproject\index.php(44): CodeIgniter\CodeIgniter->run()
#6 C:\wamp64\www\htmlproject\system\Commands\Server\rewrite.php(45): require_once('C:\\wamp64\\www\\h...')
#7 {main}
CRITICAL - 2021-12-26 01:28:54 --> Could not parse '12-25-2021': DateTime::__construct(): Failed to parse time string (12-25-2021) at position 0 (1): Unexpected character
#0 C:\wamp64\www\htmlproject\vendor\nesbot\carbon\src\Carbon\Traits\Creator.php(215): Carbon\Carbon::rawParse('12-25-2021', NULL)
#1 C:\wamp64\www\htmlproject\app\Controllers\Admin\Investments.php(30): Carbon\Carbon::parse('12-25-2021')
#2 C:\wamp64\www\htmlproject\system\CodeIgniter.php(936): App\Controllers\Admin\Investments->getTotalInvestment()
#3 C:\wamp64\www\htmlproject\system\CodeIgniter.php(432): CodeIgniter\CodeIgniter->runController(Object(App\Controllers\Admin\Investments))
#4 C:\wamp64\www\htmlproject\system\CodeIgniter.php(333): CodeIgniter\CodeIgniter->handleRequest(NULL, Object(Config\Cache), false)
#5 C:\wamp64\www\htmlproject\index.php(44): CodeIgniter\CodeIgniter->run()
#6 C:\wamp64\www\htmlproject\system\Commands\Server\rewrite.php(45): require_once('C:\\wamp64\\www\\h...')
#7 {main}
CRITICAL - 2021-12-26 01:29:40 --> Could not parse '12-25-2021': DateTime::__construct(): Failed to parse time string (12-25-2021) at position 0 (1): Unexpected character
#0 C:\wamp64\www\htmlproject\vendor\nesbot\carbon\src\Carbon\Traits\Creator.php(215): Carbon\Carbon::rawParse('12-25-2021', NULL)
#1 C:\wamp64\www\htmlproject\app\Controllers\Admin\Investments.php(30): Carbon\Carbon::parse('12-25-2021')
#2 C:\wamp64\www\htmlproject\system\CodeIgniter.php(936): App\Controllers\Admin\Investments->getTotalInvestment()
#3 C:\wamp64\www\htmlproject\system\CodeIgniter.php(432): CodeIgniter\CodeIgniter->runController(Object(App\Controllers\Admin\Investments))
#4 C:\wamp64\www\htmlproject\system\CodeIgniter.php(333): CodeIgniter\CodeIgniter->handleRequest(NULL, Object(Config\Cache), false)
#5 C:\wamp64\www\htmlproject\index.php(44): CodeIgniter\CodeIgniter->run()
#6 C:\wamp64\www\htmlproject\system\Commands\Server\rewrite.php(45): require_once('C:\\wamp64\\www\\h...')
#7 {main}
CRITICAL - 2021-12-26 01:30:15 --> Could not parse '12-25-2021': DateTime::__construct(): Failed to parse time string (12-25-2021) at position 0 (1): Unexpected character
#0 C:\wamp64\www\htmlproject\vendor\nesbot\carbon\src\Carbon\Traits\Creator.php(215): Carbon\Carbon::rawParse('12-25-2021', NULL)
#1 C:\wamp64\www\htmlproject\app\Controllers\Admin\Investments.php(30): Carbon\Carbon::parse('12-25-2021')
#2 C:\wamp64\www\htmlproject\system\CodeIgniter.php(936): App\Controllers\Admin\Investments->getTotalInvestment()
#3 C:\wamp64\www\htmlproject\system\CodeIgniter.php(432): CodeIgniter\CodeIgniter->runController(Object(App\Controllers\Admin\Investments))
#4 C:\wamp64\www\htmlproject\system\CodeIgniter.php(333): CodeIgniter\CodeIgniter->handleRequest(NULL, Object(Config\Cache), false)
#5 C:\wamp64\www\htmlproject\index.php(44): CodeIgniter\CodeIgniter->run()
#6 C:\wamp64\www\htmlproject\system\Commands\Server\rewrite.php(45): require_once('C:\\wamp64\\www\\h...')
#7 {main}
CRITICAL - 2021-12-26 01:30:22 --> Could not parse '2021-25-12': DateTime::__construct(): Failed to parse time string (2021-25-12) at position 6 (5): Unexpected character
#0 C:\wamp64\www\htmlproject\vendor\nesbot\carbon\src\Carbon\Traits\Creator.php(215): Carbon\Carbon::rawParse('2021-25-12', NULL)
#1 C:\wamp64\www\htmlproject\app\Controllers\Admin\Investments.php(30): Carbon\Carbon::parse('2021-25-12')
#2 C:\wamp64\www\htmlproject\system\CodeIgniter.php(936): App\Controllers\Admin\Investments->getTotalInvestment()
#3 C:\wamp64\www\htmlproject\system\CodeIgniter.php(432): CodeIgniter\CodeIgniter->runController(Object(App\Controllers\Admin\Investments))
#4 C:\wamp64\www\htmlproject\system\CodeIgniter.php(333): CodeIgniter\CodeIgniter->handleRequest(NULL, Object(Config\Cache), false)
#5 C:\wamp64\www\htmlproject\index.php(44): CodeIgniter\CodeIgniter->run()
#6 C:\wamp64\www\htmlproject\system\Commands\Server\rewrite.php(45): require_once('C:\\wamp64\\www\\h...')
#7 {main}
