ERROR - 2021-12-05 23:12:04 --> Error connecting to the database: No connection could be made because the target machine actively refused it.

CRITICAL - 2021-12-05 23:12:04 --> Unable to connect to the database.
#0 C:\wamp64\www\htmlproject\system\Database\BaseConnection.php(618): CodeIgniter\Database\BaseConnection->initialize()
#1 C:\wamp64\www\htmlproject\system\Database\BaseBuilder.php(2035): CodeIgniter\Database\BaseConnection->query('SELECT *\nFROM `...', Array, false)
#2 C:\wamp64\www\htmlproject\app\Helpers\options_helper.php(15): CodeIgniter\Database\BaseBuilder->getWhere(Array)
#3 C:\wamp64\www\htmlproject\app\Views\Home\layout.php(7): get_option('site_title', 'MLM Project')
#4 C:\wamp64\www\htmlproject\system\View\View.php(220): include('C:\\wamp64\\www\\h...')
#5 C:\wamp64\www\htmlproject\system\View\View.php(222): CodeIgniter\View\View->CodeIgniter\View\{closure}()
#6 C:\wamp64\www\htmlproject\system\Common.php(1217): CodeIgniter\View\View->render('Home/layout', Array, true)
#7 C:\wamp64\www\htmlproject\app\Controllers\BaseController.php(56): view('Home/layout', Array)
#8 C:\wamp64\www\htmlproject\app\Controllers\Home.php(10): App\Controllers\BaseController->_renderPage('welcome_message', Array)
#9 C:\wamp64\www\htmlproject\system\CodeIgniter.php(936): App\Controllers\Home->index()
#10 C:\wamp64\www\htmlproject\system\CodeIgniter.php(432): CodeIgniter\CodeIgniter->runController(Object(App\Controllers\Home))
#11 C:\wamp64\www\htmlproject\system\CodeIgniter.php(333): CodeIgniter\CodeIgniter->handleRequest(NULL, Object(Config\Cache), false)
#12 C:\wamp64\www\htmlproject\index.php(44): CodeIgniter\CodeIgniter->run()
#13 C:\wamp64\www\htmlproject\system\Commands\Server\rewrite.php(45): require_once('C:\\wamp64\\www\\h...')
#14 {main}
CRITICAL - 2021-12-05 23:21:20 --> Undefined offset: 0
#0 C:\wamp64\www\htmlproject\app\Controllers\Admin\Users.php(42): CodeIgniter\Debug\Exceptions->errorHandler(8, 'Undefined offse...', 'C:\\wamp64\\www\\h...', 42, Array)
#1 C:\wamp64\www\htmlproject\system\CodeIgniter.php(936): App\Controllers\Admin\Users->view('app-invoice-add...')
#2 C:\wamp64\www\htmlproject\system\CodeIgniter.php(432): CodeIgniter\CodeIgniter->runController(Object(App\Controllers\Admin\Users))
#3 C:\wamp64\www\htmlproject\system\CodeIgniter.php(333): CodeIgniter\CodeIgniter->handleRequest(NULL, Object(Config\Cache), false)
#4 C:\wamp64\www\htmlproject\index.php(44): CodeIgniter\CodeIgniter->run()
#5 C:\wamp64\www\htmlproject\system\Commands\Server\rewrite.php(45): require_once('C:\\wamp64\\www\\h...')
#6 {main}
CRITICAL - 2021-12-05 23:30:41 --> Undefined offset: 0
#0 C:\wamp64\www\htmlproject\app\Controllers\Admin\Users.php(42): CodeIgniter\Debug\Exceptions->errorHandler(8, 'Undefined offse...', 'C:\\wamp64\\www\\h...', 42, Array)
#1 C:\wamp64\www\htmlproject\system\CodeIgniter.php(936): App\Controllers\Admin\Users->view('user-edit.html')
#2 C:\wamp64\www\htmlproject\system\CodeIgniter.php(432): CodeIgniter\CodeIgniter->runController(Object(App\Controllers\Admin\Users))
#3 C:\wamp64\www\htmlproject\system\CodeIgniter.php(333): CodeIgniter\CodeIgniter->handleRequest(NULL, Object(Config\Cache), false)
#4 C:\wamp64\www\htmlproject\index.php(44): CodeIgniter\CodeIgniter->run()
#5 C:\wamp64\www\htmlproject\system\Commands\Server\rewrite.php(45): require_once('C:\\wamp64\\www\\h...')
#6 {main}
CRITICAL - 2021-12-05 23:37:03 --> syntax error, unexpected '$deposits' (T_VARIABLE), expecting ',' or ';'
#0 C:\wamp64\www\htmlproject\system\View\View.php(222): CodeIgniter\View\View->CodeIgniter\View\{closure}()
#1 C:\wamp64\www\htmlproject\system\Common.php(1217): CodeIgniter\View\View->render('Admin/Users/vie...', Array, true)
#2 C:\wamp64\www\htmlproject\app\Controllers\AdminController.php(37): view('Admin/Users/vie...', Array)
#3 C:\wamp64\www\htmlproject\app\Controllers\Admin\Users.php(51): App\Controllers\AdminController->_renderPage('Users/view2', Array)
#4 C:\wamp64\www\htmlproject\system\CodeIgniter.php(936): App\Controllers\Admin\Users->view('esther10')
#5 C:\wamp64\www\htmlproject\system\CodeIgniter.php(432): CodeIgniter\CodeIgniter->runController(Object(App\Controllers\Admin\Users))
#6 C:\wamp64\www\htmlproject\system\CodeIgniter.php(333): CodeIgniter\CodeIgniter->handleRequest(NULL, Object(Config\Cache), false)
#7 C:\wamp64\www\htmlproject\index.php(44): CodeIgniter\CodeIgniter->run()
#8 C:\wamp64\www\htmlproject\system\Commands\Server\rewrite.php(45): require_once('C:\\wamp64\\www\\h...')
#9 {main}
CRITICAL - 2021-12-05 23:37:18 --> Array to string conversion
#0 C:\wamp64\www\htmlproject\app\Views\Admin\Users\view2.php(66): CodeIgniter\Debug\Exceptions->errorHandler(8, 'Array to string...', 'C:\\wamp64\\www\\h...', 66, Array)
#1 C:\wamp64\www\htmlproject\system\View\View.php(220): include('C:\\wamp64\\www\\h...')
#2 C:\wamp64\www\htmlproject\system\View\View.php(222): CodeIgniter\View\View->CodeIgniter\View\{closure}()
#3 C:\wamp64\www\htmlproject\system\Common.php(1217): CodeIgniter\View\View->render('Admin/Users/vie...', Array, true)
#4 C:\wamp64\www\htmlproject\app\Controllers\AdminController.php(37): view('Admin/Users/vie...', Array)
#5 C:\wamp64\www\htmlproject\app\Controllers\Admin\Users.php(51): App\Controllers\AdminController->_renderPage('Users/view2', Array)
#6 C:\wamp64\www\htmlproject\system\CodeIgniter.php(936): App\Controllers\Admin\Users->view('esther10')
#7 C:\wamp64\www\htmlproject\system\CodeIgniter.php(432): CodeIgniter\CodeIgniter->runController(Object(App\Controllers\Admin\Users))
#8 C:\wamp64\www\htmlproject\system\CodeIgniter.php(333): CodeIgniter\CodeIgniter->handleRequest(NULL, Object(Config\Cache), false)
#9 C:\wamp64\www\htmlproject\index.php(44): CodeIgniter\CodeIgniter->run()
#10 C:\wamp64\www\htmlproject\system\Commands\Server\rewrite.php(45): require_once('C:\\wamp64\\www\\h...')
#11 {main}
CRITICAL - 2021-12-05 23:37:22 --> Array to string conversion
#0 C:\wamp64\www\htmlproject\app\Views\Admin\Users\view2.php(66): CodeIgniter\Debug\Exceptions->errorHandler(8, 'Array to string...', 'C:\\wamp64\\www\\h...', 66, Array)
#1 C:\wamp64\www\htmlproject\system\View\View.php(220): include('C:\\wamp64\\www\\h...')
#2 C:\wamp64\www\htmlproject\system\View\View.php(222): CodeIgniter\View\View->CodeIgniter\View\{closure}()
#3 C:\wamp64\www\htmlproject\system\Common.php(1217): CodeIgniter\View\View->render('Admin/Users/vie...', Array, true)
#4 C:\wamp64\www\htmlproject\app\Controllers\AdminController.php(37): view('Admin/Users/vie...', Array)
#5 C:\wamp64\www\htmlproject\app\Controllers\Admin\Users.php(51): App\Controllers\AdminController->_renderPage('Users/view2', Array)
#6 C:\wamp64\www\htmlproject\system\CodeIgniter.php(936): App\Controllers\Admin\Users->view('esther10')
#7 C:\wamp64\www\htmlproject\system\CodeIgniter.php(432): CodeIgniter\CodeIgniter->runController(Object(App\Controllers\Admin\Users))
#8 C:\wamp64\www\htmlproject\system\CodeIgniter.php(333): CodeIgniter\CodeIgniter->handleRequest(NULL, Object(Config\Cache), false)
#9 C:\wamp64\www\htmlproject\index.php(44): CodeIgniter\CodeIgniter->run()
#10 C:\wamp64\www\htmlproject\system\Commands\Server\rewrite.php(45): require_once('C:\\wamp64\\www\\h...')
#11 {main}
CRITICAL - 2021-12-05 23:37:51 --> Array to string conversion
#0 C:\wamp64\www\htmlproject\app\Views\Admin\Users\view2.php(66): CodeIgniter\Debug\Exceptions->errorHandler(8, 'Array to string...', 'C:\\wamp64\\www\\h...', 66, Array)
#1 C:\wamp64\www\htmlproject\system\View\View.php(220): include('C:\\wamp64\\www\\h...')
#2 C:\wamp64\www\htmlproject\system\View\View.php(222): CodeIgniter\View\View->CodeIgniter\View\{closure}()
#3 C:\wamp64\www\htmlproject\system\Common.php(1217): CodeIgniter\View\View->render('Admin/Users/vie...', Array, true)
#4 C:\wamp64\www\htmlproject\app\Controllers\AdminController.php(37): view('Admin/Users/vie...', Array)
#5 C:\wamp64\www\htmlproject\app\Controllers\Admin\Users.php(51): App\Controllers\AdminController->_renderPage('Users/view2', Array)
#6 C:\wamp64\www\htmlproject\system\CodeIgniter.php(936): App\Controllers\Admin\Users->view('esther10')
#7 C:\wamp64\www\htmlproject\system\CodeIgniter.php(432): CodeIgniter\CodeIgniter->runController(Object(App\Controllers\Admin\Users))
#8 C:\wamp64\www\htmlproject\system\CodeIgniter.php(333): CodeIgniter\CodeIgniter->handleRequest(NULL, Object(Config\Cache), false)
#9 C:\wamp64\www\htmlproject\index.php(44): CodeIgniter\CodeIgniter->run()
#10 C:\wamp64\www\htmlproject\system\Commands\Server\rewrite.php(45): require_once('C:\\wamp64\\www\\h...')
#11 {main}
