CRITICAL - 2021-12-06 00:10:55 --> Call to undefined method App\Models\Deposits::andWhere
#0 C:\wamp64\www\htmlproject\app\Libraries\Metrics.php(39): CodeIgniter\Model->__call('andWhere', Array)
#1 C:\wamp64\www\htmlproject\app\Views\Admin\Users\view2.php(16): App\Libraries\Metrics->getCurrentMonthDeposit('15')
#2 C:\wamp64\www\htmlproject\system\View\View.php(220): include('C:\\wamp64\\www\\h...')
#3 C:\wamp64\www\htmlproject\system\View\View.php(222): CodeIgniter\View\View->CodeIgniter\View\{closure}()
#4 C:\wamp64\www\htmlproject\system\Common.php(1217): CodeIgniter\View\View->render('Admin/Users/vie...', Array, true)
#5 C:\wamp64\www\htmlproject\app\Controllers\AdminController.php(37): view('Admin/Users/vie...', Array)
#6 C:\wamp64\www\htmlproject\app\Controllers\Admin\Users.php(51): App\Controllers\AdminController->_renderPage('Users/view2', Array)
#7 C:\wamp64\www\htmlproject\system\CodeIgniter.php(936): App\Controllers\Admin\Users->view('esther10')
#8 C:\wamp64\www\htmlproject\system\CodeIgniter.php(432): CodeIgniter\CodeIgniter->runController(Object(App\Controllers\Admin\Users))
#9 C:\wamp64\www\htmlproject\system\CodeIgniter.php(333): CodeIgniter\CodeIgniter->handleRequest(NULL, Object(Config\Cache), false)
#10 C:\wamp64\www\htmlproject\index.php(44): CodeIgniter\CodeIgniter->run()
#11 C:\wamp64\www\htmlproject\system\Commands\Server\rewrite.php(45): require_once('C:\\wamp64\\www\\h...')
#12 {main}
CRITICAL - 2021-12-06 01:20:42 --> Trying to get property 'id' of non-object
#0 C:\wamp64\www\htmlproject\app\Controllers\Api.php(374): CodeIgniter\Debug\Exceptions->errorHandler(8, 'Trying to get p...', 'C:\\wamp64\\www\\h...', 374, Array)
#1 C:\wamp64\www\htmlproject\system\CodeIgniter.php(936): App\Controllers\Api->getusers()
#2 C:\wamp64\www\htmlproject\system\CodeIgniter.php(432): CodeIgniter\CodeIgniter->runController(Object(App\Controllers\Api))
#3 C:\wamp64\www\htmlproject\system\CodeIgniter.php(333): CodeIgniter\CodeIgniter->handleRequest(NULL, Object(Config\Cache), false)
#4 C:\wamp64\www\htmlproject\index.php(44): CodeIgniter\CodeIgniter->run()
#5 C:\wamp64\www\htmlproject\system\Commands\Server\rewrite.php(45): require_once('C:\\wamp64\\www\\h...')
#6 {main}
CRITICAL - 2021-12-06 01:22:44 --> syntax error, unexpected '=>' (T_DOUBLE_ARROW)
#0 C:\wamp64\www\htmlproject\system\Router\Router.php(170): CodeIgniter\Router\Router->autoRoute('api/getusers')
#1 C:\wamp64\www\htmlproject\system\CodeIgniter.php(816): CodeIgniter\Router\Router->handle('api/getusers')
#2 C:\wamp64\www\htmlproject\system\CodeIgniter.php(385): CodeIgniter\CodeIgniter->tryToRouteIt(Object(CodeIgniter\Router\RouteCollection))
#3 C:\wamp64\www\htmlproject\system\CodeIgniter.php(333): CodeIgniter\CodeIgniter->handleRequest(NULL, Object(Config\Cache), false)
#4 C:\wamp64\www\htmlproject\index.php(44): CodeIgniter\CodeIgniter->run()
#5 C:\wamp64\www\htmlproject\system\Commands\Server\rewrite.php(45): require_once('C:\\wamp64\\www\\h...')
#6 {main}
CRITICAL - 2021-12-06 01:27:19 --> Object of class App\Entities\User could not be converted to number
#0 C:\wamp64\www\htmlproject\app\Controllers\Api.php(375): CodeIgniter\Debug\Exceptions->errorHandler(8, 'Object of class...', 'C:\\wamp64\\www\\h...', 375, Array)
#1 C:\wamp64\www\htmlproject\system\CodeIgniter.php(936): App\Controllers\Api->getusers()
#2 C:\wamp64\www\htmlproject\system\CodeIgniter.php(432): CodeIgniter\CodeIgniter->runController(Object(App\Controllers\Api))
#3 C:\wamp64\www\htmlproject\system\CodeIgniter.php(333): CodeIgniter\CodeIgniter->handleRequest(NULL, Object(Config\Cache), false)
#4 C:\wamp64\www\htmlproject\index.php(44): CodeIgniter\CodeIgniter->run()
#5 C:\wamp64\www\htmlproject\system\Commands\Server\rewrite.php(45): require_once('C:\\wamp64\\www\\h...')
#6 {main}
CRITICAL - 2021-12-06 01:29:13 --> Object of class App\Entities\User could not be converted to number
#0 C:\wamp64\www\htmlproject\app\Controllers\Api.php(375): CodeIgniter\Debug\Exceptions->errorHandler(8, 'Object of class...', 'C:\\wamp64\\www\\h...', 375, Array)
#1 C:\wamp64\www\htmlproject\system\CodeIgniter.php(936): App\Controllers\Api->getusers()
#2 C:\wamp64\www\htmlproject\system\CodeIgniter.php(432): CodeIgniter\CodeIgniter->runController(Object(App\Controllers\Api))
#3 C:\wamp64\www\htmlproject\system\CodeIgniter.php(333): CodeIgniter\CodeIgniter->handleRequest(NULL, Object(Config\Cache), false)
#4 C:\wamp64\www\htmlproject\index.php(44): CodeIgniter\CodeIgniter->run()
#5 C:\wamp64\www\htmlproject\system\Commands\Server\rewrite.php(45): require_once('C:\\wamp64\\www\\h...')
#6 {main}
CRITICAL - 2021-12-06 01:30:21 --> Cannot use object of type App\Entities\User as array
#0 C:\wamp64\www\htmlproject\system\CodeIgniter.php(936): App\Controllers\Api->getusers()
#1 C:\wamp64\www\htmlproject\system\CodeIgniter.php(432): CodeIgniter\CodeIgniter->runController(Object(App\Controllers\Api))
#2 C:\wamp64\www\htmlproject\system\CodeIgniter.php(333): CodeIgniter\CodeIgniter->handleRequest(NULL, Object(Config\Cache), false)
#3 C:\wamp64\www\htmlproject\index.php(44): CodeIgniter\CodeIgniter->run()
#4 C:\wamp64\www\htmlproject\system\Commands\Server\rewrite.php(45): require_once('C:\\wamp64\\www\\h...')
#5 {main}
CRITICAL - 2021-12-06 12:52:52 --> array_merge(): Expected parameter 1 to be an array, object given
#0 [internal function]: CodeIgniter\Debug\Exceptions->errorHandler(2, 'array_merge(): ...', 'C:\\wamp64\\www\\h...', 375, Array)
#1 C:\wamp64\www\htmlproject\app\Controllers\Api.php(375): array_merge(Object(App\Entities\User), Array)
#2 C:\wamp64\www\htmlproject\system\CodeIgniter.php(936): App\Controllers\Api->getusers()
#3 C:\wamp64\www\htmlproject\system\CodeIgniter.php(432): CodeIgniter\CodeIgniter->runController(Object(App\Controllers\Api))
#4 C:\wamp64\www\htmlproject\system\CodeIgniter.php(333): CodeIgniter\CodeIgniter->handleRequest(NULL, Object(Config\Cache), false)
#5 C:\wamp64\www\htmlproject\index.php(44): CodeIgniter\CodeIgniter->run()
#6 C:\wamp64\www\htmlproject\system\Commands\Server\rewrite.php(45): require_once('C:\\wamp64\\www\\h...')
#7 {main}
CRITICAL - 2021-12-06 13:18:51 --> Cannot use object of type App\Entities\User as array
#0 C:\wamp64\www\htmlproject\system\CodeIgniter.php(936): App\Controllers\Api->getusers()
#1 C:\wamp64\www\htmlproject\system\CodeIgniter.php(432): CodeIgniter\CodeIgniter->runController(Object(App\Controllers\Api))
#2 C:\wamp64\www\htmlproject\system\CodeIgniter.php(333): CodeIgniter\CodeIgniter->handleRequest(NULL, Object(Config\Cache), false)
#3 C:\wamp64\www\htmlproject\index.php(44): CodeIgniter\CodeIgniter->run()
#4 C:\wamp64\www\htmlproject\system\Commands\Server\rewrite.php(45): require_once('C:\\wamp64\\www\\h...')
#5 {main}
CRITICAL - 2021-12-06 13:20:20 --> Cannot use object of type App\Entities\User as array
#0 C:\wamp64\www\htmlproject\system\CodeIgniter.php(936): App\Controllers\Api->getusers()
#1 C:\wamp64\www\htmlproject\system\CodeIgniter.php(432): CodeIgniter\CodeIgniter->runController(Object(App\Controllers\Api))
#2 C:\wamp64\www\htmlproject\system\CodeIgniter.php(333): CodeIgniter\CodeIgniter->handleRequest(NULL, Object(Config\Cache), false)
#3 C:\wamp64\www\htmlproject\index.php(44): CodeIgniter\CodeIgniter->run()
#4 C:\wamp64\www\htmlproject\system\Commands\Server\rewrite.php(45): require_once('C:\\wamp64\\www\\h...')
#5 {main}
CRITICAL - 2021-12-06 13:20:59 --> array_merge(): Expected parameter 1 to be an array, object given
#0 [internal function]: CodeIgniter\Debug\Exceptions->errorHandler(2, 'array_merge(): ...', 'C:\\wamp64\\www\\h...', 376, Array)
#1 C:\wamp64\www\htmlproject\app\Controllers\Api.php(376): array_merge(Object(App\Entities\User), Array)
#2 C:\wamp64\www\htmlproject\system\CodeIgniter.php(936): App\Controllers\Api->getusers()
#3 C:\wamp64\www\htmlproject\system\CodeIgniter.php(432): CodeIgniter\CodeIgniter->runController(Object(App\Controllers\Api))
#4 C:\wamp64\www\htmlproject\system\CodeIgniter.php(333): CodeIgniter\CodeIgniter->handleRequest(NULL, Object(Config\Cache), false)
#5 C:\wamp64\www\htmlproject\index.php(44): CodeIgniter\CodeIgniter->run()
#6 C:\wamp64\www\htmlproject\system\Commands\Server\rewrite.php(45): require_once('C:\\wamp64\\www\\h...')
#7 {main}
CRITICAL - 2021-12-06 13:43:38 --> Cannot use object of type App\Entities\User as array
#0 C:\wamp64\www\htmlproject\system\CodeIgniter.php(936): App\Controllers\Api->getusers()
#1 C:\wamp64\www\htmlproject\system\CodeIgniter.php(432): CodeIgniter\CodeIgniter->runController(Object(App\Controllers\Api))
#2 C:\wamp64\www\htmlproject\system\CodeIgniter.php(333): CodeIgniter\CodeIgniter->handleRequest(NULL, Object(Config\Cache), false)
#3 C:\wamp64\www\htmlproject\index.php(44): CodeIgniter\CodeIgniter->run()
#4 C:\wamp64\www\htmlproject\system\Commands\Server\rewrite.php(45): require_once('C:\\wamp64\\www\\h...')
#5 {main}
CRITICAL - 2021-12-06 20:06:50 --> Cannot use object of type App\Entities\User as array
#0 C:\wamp64\www\htmlproject\system\CodeIgniter.php(936): App\Controllers\Api->getusers()
#1 C:\wamp64\www\htmlproject\system\CodeIgniter.php(432): CodeIgniter\CodeIgniter->runController(Object(App\Controllers\Api))
#2 C:\wamp64\www\htmlproject\system\CodeIgniter.php(333): CodeIgniter\CodeIgniter->handleRequest(NULL, Object(Config\Cache), false)
#3 C:\wamp64\www\htmlproject\index.php(44): CodeIgniter\CodeIgniter->run()
#4 C:\wamp64\www\htmlproject\system\Commands\Server\rewrite.php(45): require_once('C:\\wamp64\\www\\h...')
#5 {main}
CRITICAL - 2021-12-06 20:07:27 --> Cannot use object of type App\Entities\User as array
#0 C:\wamp64\www\htmlproject\system\CodeIgniter.php(936): App\Controllers\Api->getusers()
#1 C:\wamp64\www\htmlproject\system\CodeIgniter.php(432): CodeIgniter\CodeIgniter->runController(Object(App\Controllers\Api))
#2 C:\wamp64\www\htmlproject\system\CodeIgniter.php(333): CodeIgniter\CodeIgniter->handleRequest(NULL, Object(Config\Cache), false)
#3 C:\wamp64\www\htmlproject\index.php(44): CodeIgniter\CodeIgniter->run()
#4 C:\wamp64\www\htmlproject\system\Commands\Server\rewrite.php(45): require_once('C:\\wamp64\\www\\h...')
#5 {main}
