CRITICAL - 2021-10-28 13:37:39 --> Too few arguments to function App\Controllers\Api::Withdraws(), 0 passed in C:\wamp64\www\htmlproject\system\CodeIgniter.php on line 936 and exactly 1 expected
#0 C:\wamp64\www\htmlproject\system\CodeIgniter.php(936): App\Controllers\Api->Withdraws()
#1 C:\wamp64\www\htmlproject\system\CodeIgniter.php(432): CodeIgniter\CodeIgniter->runController(Object(App\Controllers\Api))
#2 C:\wamp64\www\htmlproject\system\CodeIgniter.php(333): CodeIgniter\CodeIgniter->handleRequest(NULL, Object(Config\Cache), false)
#3 C:\wamp64\www\htmlproject\index.php(44): CodeIgniter\CodeIgniter->run()
#4 C:\wamp64\www\htmlproject\system\Commands\Server\rewrite.php(45): require_once('C:\\wamp64\\www\\h...')
#5 {main}
CRITICAL - 2021-10-28 13:38:23 --> Too few arguments to function App\Controllers\Api::Withdraws(), 0 passed in C:\wamp64\www\htmlproject\system\CodeIgniter.php on line 936 and exactly 1 expected
#0 C:\wamp64\www\htmlproject\system\CodeIgniter.php(936): App\Controllers\Api->Withdraws()
#1 C:\wamp64\www\htmlproject\system\CodeIgniter.php(432): CodeIgniter\CodeIgniter->runController(Object(App\Controllers\Api))
#2 C:\wamp64\www\htmlproject\system\CodeIgniter.php(333): CodeIgniter\CodeIgniter->handleRequest(NULL, Object(Config\Cache), false)
#3 C:\wamp64\www\htmlproject\index.php(44): CodeIgniter\CodeIgniter->run()
#4 C:\wamp64\www\htmlproject\system\Commands\Server\rewrite.php(45): require_once('C:\\wamp64\\www\\h...')
#5 {main}
CRITICAL - 2021-10-28 13:44:47 --> Too few arguments to function App\Controllers\Api::getWithdraws(), 0 passed in C:\wamp64\www\htmlproject\system\CodeIgniter.php on line 936 and exactly 1 expected
#0 C:\wamp64\www\htmlproject\system\CodeIgniter.php(936): App\Controllers\Api->getWithdraws()
#1 C:\wamp64\www\htmlproject\system\CodeIgniter.php(432): CodeIgniter\CodeIgniter->runController(Object(App\Controllers\Api))
#2 C:\wamp64\www\htmlproject\system\CodeIgniter.php(333): CodeIgniter\CodeIgniter->handleRequest(NULL, Object(Config\Cache), false)
#3 C:\wamp64\www\htmlproject\index.php(44): CodeIgniter\CodeIgniter->run()
#4 C:\wamp64\www\htmlproject\system\Commands\Server\rewrite.php(45): require_once('C:\\wamp64\\www\\h...')
#5 {main}
CRITICAL - 2021-10-28 13:46:31 --> Too few arguments to function App\Controllers\Api::getWithdraws(), 0 passed in C:\wamp64\www\htmlproject\system\CodeIgniter.php on line 936 and exactly 1 expected
#0 C:\wamp64\www\htmlproject\system\CodeIgniter.php(936): App\Controllers\Api->getWithdraws()
#1 C:\wamp64\www\htmlproject\system\CodeIgniter.php(432): CodeIgniter\CodeIgniter->runController(Object(App\Controllers\Api))
#2 C:\wamp64\www\htmlproject\system\CodeIgniter.php(333): CodeIgniter\CodeIgniter->handleRequest(NULL, Object(Config\Cache), false)
#3 C:\wamp64\www\htmlproject\index.php(44): CodeIgniter\CodeIgniter->run()
#4 C:\wamp64\www\htmlproject\system\Commands\Server\rewrite.php(45): require_once('C:\\wamp64\\www\\h...')
#5 {main}
CRITICAL - 2021-10-28 13:47:48 --> Too few arguments to function App\Controllers\Api::getWithdraws(), 0 passed in C:\wamp64\www\htmlproject\system\CodeIgniter.php on line 936 and exactly 1 expected
#0 C:\wamp64\www\htmlproject\system\CodeIgniter.php(936): App\Controllers\Api->getWithdraws()
#1 C:\wamp64\www\htmlproject\system\CodeIgniter.php(432): CodeIgniter\CodeIgniter->runController(Object(App\Controllers\Api))
#2 C:\wamp64\www\htmlproject\system\CodeIgniter.php(333): CodeIgniter\CodeIgniter->handleRequest(NULL, Object(Config\Cache), false)
#3 C:\wamp64\www\htmlproject\index.php(44): CodeIgniter\CodeIgniter->run()
#4 C:\wamp64\www\htmlproject\system\Commands\Server\rewrite.php(45): require_once('C:\\wamp64\\www\\h...')
#5 {main}
CRITICAL - 2021-10-28 14:05:47 --> Call to undefined method App\Models\Deposits::users
#0 C:\wamp64\www\htmlproject\app\Controllers\Api.php(373): CodeIgniter\Model->__call('users', Array)
#1 C:\wamp64\www\htmlproject\system\CodeIgniter.php(936): App\Controllers\Api->getWithdraws()
#2 C:\wamp64\www\htmlproject\system\CodeIgniter.php(432): CodeIgniter\CodeIgniter->runController(Object(App\Controllers\Api))
#3 C:\wamp64\www\htmlproject\system\CodeIgniter.php(333): CodeIgniter\CodeIgniter->handleRequest(NULL, Object(Config\Cache), false)
#4 C:\wamp64\www\htmlproject\index.php(44): CodeIgniter\CodeIgniter->run()
#5 C:\wamp64\www\htmlproject\system\Commands\Server\rewrite.php(45): require_once('C:\\wamp64\\www\\h...')
#6 {main}
CRITICAL - 2021-10-28 14:06:08 --> Call to undefined method CodeIgniter\HTTP\IncomingRequest::get()
#0 C:\wamp64\www\htmlproject\system\CodeIgniter.php(936): App\Controllers\Api->getWithdraws()
#1 C:\wamp64\www\htmlproject\system\CodeIgniter.php(432): CodeIgniter\CodeIgniter->runController(Object(App\Controllers\Api))
#2 C:\wamp64\www\htmlproject\system\CodeIgniter.php(333): CodeIgniter\CodeIgniter->handleRequest(NULL, Object(Config\Cache), false)
#3 C:\wamp64\www\htmlproject\index.php(44): CodeIgniter\CodeIgniter->run()
#4 C:\wamp64\www\htmlproject\system\Commands\Server\rewrite.php(45): require_once('C:\\wamp64\\www\\h...')
#5 {main}
CRITICAL - 2021-10-28 14:23:31 --> Array to string conversion
#0 C:\wamp64\www\htmlproject\app\Controllers\Api.php(371): CodeIgniter\Debug\Exceptions->errorHandler(8, 'Array to string...', 'C:\\wamp64\\www\\h...', 371, Array)
#1 C:\wamp64\www\htmlproject\system\CodeIgniter.php(936): App\Controllers\Api->getWithdraws()
#2 C:\wamp64\www\htmlproject\system\CodeIgniter.php(432): CodeIgniter\CodeIgniter->runController(Object(App\Controllers\Api))
#3 C:\wamp64\www\htmlproject\system\CodeIgniter.php(333): CodeIgniter\CodeIgniter->handleRequest(NULL, Object(Config\Cache), false)
#4 C:\wamp64\www\htmlproject\index.php(44): CodeIgniter\CodeIgniter->run()
#5 C:\wamp64\www\htmlproject\system\Commands\Server\rewrite.php(45): require_once('C:\\wamp64\\www\\h...')
#6 {main}
CRITICAL - 2021-10-28 15:52:35 --> Array to string conversion
#0 C:\wamp64\www\htmlproject\app\Controllers\Api.php(371): CodeIgniter\Debug\Exceptions->errorHandler(8, 'Array to string...', 'C:\\wamp64\\www\\h...', 371, Array)
#1 C:\wamp64\www\htmlproject\system\CodeIgniter.php(936): App\Controllers\Api->getWithdraws()
#2 C:\wamp64\www\htmlproject\system\CodeIgniter.php(432): CodeIgniter\CodeIgniter->runController(Object(App\Controllers\Api))
#3 C:\wamp64\www\htmlproject\system\CodeIgniter.php(333): CodeIgniter\CodeIgniter->handleRequest(NULL, Object(Config\Cache), false)
#4 C:\wamp64\www\htmlproject\index.php(44): CodeIgniter\CodeIgniter->run()
#5 C:\wamp64\www\htmlproject\system\Commands\Server\rewrite.php(45): require_once('C:\\wamp64\\www\\h...')
#6 {main}
CRITICAL - 2021-10-28 15:55:28 --> Array to string conversion
#0 C:\wamp64\www\htmlproject\app\Controllers\Api.php(371): CodeIgniter\Debug\Exceptions->errorHandler(8, 'Array to string...', 'C:\\wamp64\\www\\h...', 371, Array)
#1 C:\wamp64\www\htmlproject\system\CodeIgniter.php(936): App\Controllers\Api->getWithdraws()
#2 C:\wamp64\www\htmlproject\system\CodeIgniter.php(432): CodeIgniter\CodeIgniter->runController(Object(App\Controllers\Api))
#3 C:\wamp64\www\htmlproject\system\CodeIgniter.php(333): CodeIgniter\CodeIgniter->handleRequest(NULL, Object(Config\Cache), false)
#4 C:\wamp64\www\htmlproject\index.php(44): CodeIgniter\CodeIgniter->run()
#5 C:\wamp64\www\htmlproject\system\Commands\Server\rewrite.php(45): require_once('C:\\wamp64\\www\\h...')
#6 {main}
CRITICAL - 2021-10-28 15:55:43 --> Undefined index: id
#0 C:\wamp64\www\htmlproject\app\Controllers\Api.php(371): CodeIgniter\Debug\Exceptions->errorHandler(8, 'Undefined index...', 'C:\\wamp64\\www\\h...', 371, Array)
#1 C:\wamp64\www\htmlproject\system\CodeIgniter.php(936): App\Controllers\Api->getWithdraws()
#2 C:\wamp64\www\htmlproject\system\CodeIgniter.php(432): CodeIgniter\CodeIgniter->runController(Object(App\Controllers\Api))
#3 C:\wamp64\www\htmlproject\system\CodeIgniter.php(333): CodeIgniter\CodeIgniter->handleRequest(NULL, Object(Config\Cache), false)
#4 C:\wamp64\www\htmlproject\index.php(44): CodeIgniter\CodeIgniter->run()
#5 C:\wamp64\www\htmlproject\system\Commands\Server\rewrite.php(45): require_once('C:\\wamp64\\www\\h...')
#6 {main}
CRITICAL - 2021-10-28 15:56:06 --> Undefined index: id
#0 C:\wamp64\www\htmlproject\app\Controllers\Api.php(371): CodeIgniter\Debug\Exceptions->errorHandler(8, 'Undefined index...', 'C:\\wamp64\\www\\h...', 371, Array)
#1 C:\wamp64\www\htmlproject\system\CodeIgniter.php(936): App\Controllers\Api->getWithdraws()
#2 C:\wamp64\www\htmlproject\system\CodeIgniter.php(432): CodeIgniter\CodeIgniter->runController(Object(App\Controllers\Api))
#3 C:\wamp64\www\htmlproject\system\CodeIgniter.php(333): CodeIgniter\CodeIgniter->handleRequest(NULL, Object(Config\Cache), false)
#4 C:\wamp64\www\htmlproject\index.php(44): CodeIgniter\CodeIgniter->run()
#5 C:\wamp64\www\htmlproject\system\Commands\Server\rewrite.php(45): require_once('C:\\wamp64\\www\\h...')
#6 {main}
CRITICAL - 2021-10-28 15:56:30 --> Undefined index: id
#0 C:\wamp64\www\htmlproject\app\Controllers\Api.php(371): CodeIgniter\Debug\Exceptions->errorHandler(8, 'Undefined index...', 'C:\\wamp64\\www\\h...', 371, Array)
#1 C:\wamp64\www\htmlproject\system\CodeIgniter.php(936): App\Controllers\Api->getWithdraws()
#2 C:\wamp64\www\htmlproject\system\CodeIgniter.php(432): CodeIgniter\CodeIgniter->runController(Object(App\Controllers\Api))
#3 C:\wamp64\www\htmlproject\system\CodeIgniter.php(333): CodeIgniter\CodeIgniter->handleRequest(NULL, Object(Config\Cache), false)
#4 C:\wamp64\www\htmlproject\index.php(44): CodeIgniter\CodeIgniter->run()
#5 C:\wamp64\www\htmlproject\system\Commands\Server\rewrite.php(45): require_once('C:\\wamp64\\www\\h...')
#6 {main}
CRITICAL - 2021-10-28 15:57:25 --> Undefined index: id
#0 C:\wamp64\www\htmlproject\app\Controllers\Api.php(371): CodeIgniter\Debug\Exceptions->errorHandler(8, 'Undefined index...', 'C:\\wamp64\\www\\h...', 371, Array)
#1 C:\wamp64\www\htmlproject\system\CodeIgniter.php(936): App\Controllers\Api->getWithdraws()
#2 C:\wamp64\www\htmlproject\system\CodeIgniter.php(432): CodeIgniter\CodeIgniter->runController(Object(App\Controllers\Api))
#3 C:\wamp64\www\htmlproject\system\CodeIgniter.php(333): CodeIgniter\CodeIgniter->handleRequest(NULL, Object(Config\Cache), false)
#4 C:\wamp64\www\htmlproject\index.php(44): CodeIgniter\CodeIgniter->run()
#5 C:\wamp64\www\htmlproject\system\Commands\Server\rewrite.php(45): require_once('C:\\wamp64\\www\\h...')
#6 {main}
CRITICAL - 2021-10-28 15:57:29 --> Undefined index: id
#0 C:\wamp64\www\htmlproject\app\Controllers\Api.php(371): CodeIgniter\Debug\Exceptions->errorHandler(8, 'Undefined index...', 'C:\\wamp64\\www\\h...', 371, Array)
#1 C:\wamp64\www\htmlproject\system\CodeIgniter.php(936): App\Controllers\Api->getWithdraws()
#2 C:\wamp64\www\htmlproject\system\CodeIgniter.php(432): CodeIgniter\CodeIgniter->runController(Object(App\Controllers\Api))
#3 C:\wamp64\www\htmlproject\system\CodeIgniter.php(333): CodeIgniter\CodeIgniter->handleRequest(NULL, Object(Config\Cache), false)
#4 C:\wamp64\www\htmlproject\index.php(44): CodeIgniter\CodeIgniter->run()
#5 C:\wamp64\www\htmlproject\system\Commands\Server\rewrite.php(45): require_once('C:\\wamp64\\www\\h...')
#6 {main}
CRITICAL - 2021-10-28 15:57:30 --> Undefined index: id
#0 C:\wamp64\www\htmlproject\app\Controllers\Api.php(371): CodeIgniter\Debug\Exceptions->errorHandler(8, 'Undefined index...', 'C:\\wamp64\\www\\h...', 371, Array)
#1 C:\wamp64\www\htmlproject\system\CodeIgniter.php(936): App\Controllers\Api->getWithdraws()
#2 C:\wamp64\www\htmlproject\system\CodeIgniter.php(432): CodeIgniter\CodeIgniter->runController(Object(App\Controllers\Api))
#3 C:\wamp64\www\htmlproject\system\CodeIgniter.php(333): CodeIgniter\CodeIgniter->handleRequest(NULL, Object(Config\Cache), false)
#4 C:\wamp64\www\htmlproject\index.php(44): CodeIgniter\CodeIgniter->run()
#5 C:\wamp64\www\htmlproject\system\Commands\Server\rewrite.php(45): require_once('C:\\wamp64\\www\\h...')
#6 {main}
CRITICAL - 2021-10-28 15:57:30 --> Undefined index: id
#0 C:\wamp64\www\htmlproject\app\Controllers\Api.php(371): CodeIgniter\Debug\Exceptions->errorHandler(8, 'Undefined index...', 'C:\\wamp64\\www\\h...', 371, Array)
#1 C:\wamp64\www\htmlproject\system\CodeIgniter.php(936): App\Controllers\Api->getWithdraws()
#2 C:\wamp64\www\htmlproject\system\CodeIgniter.php(432): CodeIgniter\CodeIgniter->runController(Object(App\Controllers\Api))
#3 C:\wamp64\www\htmlproject\system\CodeIgniter.php(333): CodeIgniter\CodeIgniter->handleRequest(NULL, Object(Config\Cache), false)
#4 C:\wamp64\www\htmlproject\index.php(44): CodeIgniter\CodeIgniter->run()
#5 C:\wamp64\www\htmlproject\system\Commands\Server\rewrite.php(45): require_once('C:\\wamp64\\www\\h...')
#6 {main}
CRITICAL - 2021-10-28 15:58:00 --> Undefined index: id
#0 C:\wamp64\www\htmlproject\app\Controllers\Api.php(371): CodeIgniter\Debug\Exceptions->errorHandler(8, 'Undefined index...', 'C:\\wamp64\\www\\h...', 371, Array)
#1 C:\wamp64\www\htmlproject\system\CodeIgniter.php(936): App\Controllers\Api->getWithdraws()
#2 C:\wamp64\www\htmlproject\system\CodeIgniter.php(432): CodeIgniter\CodeIgniter->runController(Object(App\Controllers\Api))
#3 C:\wamp64\www\htmlproject\system\CodeIgniter.php(333): CodeIgniter\CodeIgniter->handleRequest(NULL, Object(Config\Cache), false)
#4 C:\wamp64\www\htmlproject\index.php(44): CodeIgniter\CodeIgniter->run()
#5 C:\wamp64\www\htmlproject\system\Commands\Server\rewrite.php(45): require_once('C:\\wamp64\\www\\h...')
#6 {main}
CRITICAL - 2021-10-28 16:06:37 --> Call to undefined method App\Models\Deposits::users
#0 C:\wamp64\www\htmlproject\app\Controllers\Api.php(374): CodeIgniter\Model->__call('users', Array)
#1 C:\wamp64\www\htmlproject\system\CodeIgniter.php(936): App\Controllers\Api->getWithdraws()
#2 C:\wamp64\www\htmlproject\system\CodeIgniter.php(432): CodeIgniter\CodeIgniter->runController(Object(App\Controllers\Api))
#3 C:\wamp64\www\htmlproject\system\CodeIgniter.php(333): CodeIgniter\CodeIgniter->handleRequest(NULL, Object(Config\Cache), false)
#4 C:\wamp64\www\htmlproject\index.php(44): CodeIgniter\CodeIgniter->run()
#5 C:\wamp64\www\htmlproject\system\Commands\Server\rewrite.php(45): require_once('C:\\wamp64\\www\\h...')
#6 {main}
CRITICAL - 2021-10-28 16:17:28 --> Call to undefined method App\Models\Deposits::users
#0 C:\wamp64\www\htmlproject\app\Controllers\Api.php(374): CodeIgniter\Model->__call('users', Array)
#1 C:\wamp64\www\htmlproject\system\CodeIgniter.php(936): App\Controllers\Api->getWithdraws()
#2 C:\wamp64\www\htmlproject\system\CodeIgniter.php(432): CodeIgniter\CodeIgniter->runController(Object(App\Controllers\Api))
#3 C:\wamp64\www\htmlproject\system\CodeIgniter.php(333): CodeIgniter\CodeIgniter->handleRequest(NULL, Object(Config\Cache), false)
#4 C:\wamp64\www\htmlproject\index.php(44): CodeIgniter\CodeIgniter->run()
#5 C:\wamp64\www\htmlproject\system\Commands\Server\rewrite.php(45): require_once('C:\\wamp64\\www\\h...')
#6 {main}
CRITICAL - 2021-10-28 16:24:27 --> Too few arguments to function App\Controllers\Api::getWithdraws(), 0 passed in C:\wamp64\www\htmlproject\system\CodeIgniter.php on line 936 and exactly 1 expected
#0 C:\wamp64\www\htmlproject\system\CodeIgniter.php(936): App\Controllers\Api->getWithdraws()
#1 C:\wamp64\www\htmlproject\system\CodeIgniter.php(432): CodeIgniter\CodeIgniter->runController(Object(App\Controllers\Api))
#2 C:\wamp64\www\htmlproject\system\CodeIgniter.php(333): CodeIgniter\CodeIgniter->handleRequest(NULL, Object(Config\Cache), false)
#3 C:\wamp64\www\htmlproject\index.php(44): CodeIgniter\CodeIgniter->run()
#4 C:\wamp64\www\htmlproject\system\Commands\Server\rewrite.php(45): require_once('C:\\wamp64\\www\\h...')
#5 {main}
CRITICAL - 2021-10-28 16:24:40 --> Too few arguments to function App\Controllers\Api::getWithdraws(), 0 passed in C:\wamp64\www\htmlproject\system\CodeIgniter.php on line 936 and exactly 1 expected
#0 C:\wamp64\www\htmlproject\system\CodeIgniter.php(936): App\Controllers\Api->getWithdraws()
#1 C:\wamp64\www\htmlproject\system\CodeIgniter.php(432): CodeIgniter\CodeIgniter->runController(Object(App\Controllers\Api))
#2 C:\wamp64\www\htmlproject\system\CodeIgniter.php(333): CodeIgniter\CodeIgniter->handleRequest(NULL, Object(Config\Cache), false)
#3 C:\wamp64\www\htmlproject\index.php(44): CodeIgniter\CodeIgniter->run()
#4 C:\wamp64\www\htmlproject\system\Commands\Server\rewrite.php(45): require_once('C:\\wamp64\\www\\h...')
#5 {main}
CRITICAL - 2021-10-28 16:24:53 --> Too few arguments to function App\Controllers\Api::getWithdraws(), 0 passed in C:\wamp64\www\htmlproject\system\CodeIgniter.php on line 936 and exactly 1 expected
#0 C:\wamp64\www\htmlproject\system\CodeIgniter.php(936): App\Controllers\Api->getWithdraws()
#1 C:\wamp64\www\htmlproject\system\CodeIgniter.php(432): CodeIgniter\CodeIgniter->runController(Object(App\Controllers\Api))
#2 C:\wamp64\www\htmlproject\system\CodeIgniter.php(333): CodeIgniter\CodeIgniter->handleRequest(NULL, Object(Config\Cache), false)
#3 C:\wamp64\www\htmlproject\index.php(44): CodeIgniter\CodeIgniter->run()
#4 C:\wamp64\www\htmlproject\system\Commands\Server\rewrite.php(45): require_once('C:\\wamp64\\www\\h...')
#5 {main}
CRITICAL - 2021-10-28 16:27:18 --> Too few arguments to function App\Controllers\Api::getWithdraws(), 0 passed in C:\wamp64\www\htmlproject\system\CodeIgniter.php on line 936 and exactly 1 expected
#0 C:\wamp64\www\htmlproject\system\CodeIgniter.php(936): App\Controllers\Api->getWithdraws()
#1 C:\wamp64\www\htmlproject\system\CodeIgniter.php(432): CodeIgniter\CodeIgniter->runController(Object(App\Controllers\Api))
#2 C:\wamp64\www\htmlproject\system\CodeIgniter.php(333): CodeIgniter\CodeIgniter->handleRequest(NULL, Object(Config\Cache), false)
#3 C:\wamp64\www\htmlproject\index.php(44): CodeIgniter\CodeIgniter->run()
#4 C:\wamp64\www\htmlproject\system\Commands\Server\rewrite.php(45): require_once('C:\\wamp64\\www\\h...')
#5 {main}
CRITICAL - 2021-10-28 16:30:52 --> Call to undefined method App\Models\Deposits::users
#0 C:\wamp64\www\htmlproject\app\Controllers\Api.php(377): CodeIgniter\Model->__call('users', Array)
#1 C:\wamp64\www\htmlproject\system\CodeIgniter.php(936): App\Controllers\Api->getWithdraws()
#2 C:\wamp64\www\htmlproject\system\CodeIgniter.php(432): CodeIgniter\CodeIgniter->runController(Object(App\Controllers\Api))
#3 C:\wamp64\www\htmlproject\system\CodeIgniter.php(333): CodeIgniter\CodeIgniter->handleRequest(NULL, Object(Config\Cache), false)
#4 C:\wamp64\www\htmlproject\index.php(44): CodeIgniter\CodeIgniter->run()
#5 C:\wamp64\www\htmlproject\system\Commands\Server\rewrite.php(45): require_once('C:\\wamp64\\www\\h...')
#6 {main}
CRITICAL - 2021-10-28 16:31:53 --> Call to undefined method App\Models\Deposits::users
#0 C:\wamp64\www\htmlproject\app\Controllers\Api.php(375): CodeIgniter\Model->__call('users', Array)
#1 C:\wamp64\www\htmlproject\system\CodeIgniter.php(936): App\Controllers\Api->getWithdraws()
#2 C:\wamp64\www\htmlproject\system\CodeIgniter.php(432): CodeIgniter\CodeIgniter->runController(Object(App\Controllers\Api))
#3 C:\wamp64\www\htmlproject\system\CodeIgniter.php(333): CodeIgniter\CodeIgniter->handleRequest(NULL, Object(Config\Cache), false)
#4 C:\wamp64\www\htmlproject\index.php(44): CodeIgniter\CodeIgniter->run()
#5 C:\wamp64\www\htmlproject\system\Commands\Server\rewrite.php(45): require_once('C:\\wamp64\\www\\h...')
#6 {main}
CRITICAL - 2021-10-28 16:55:23 --> Call to undefined method App\Models\Deposits::users
#0 C:\wamp64\www\htmlproject\app\Controllers\Api.php(376): CodeIgniter\Model->__call('users', Array)
#1 C:\wamp64\www\htmlproject\system\CodeIgniter.php(936): App\Controllers\Api->getWithdraws()
#2 C:\wamp64\www\htmlproject\system\CodeIgniter.php(432): CodeIgniter\CodeIgniter->runController(Object(App\Controllers\Api))
#3 C:\wamp64\www\htmlproject\system\CodeIgniter.php(333): CodeIgniter\CodeIgniter->handleRequest(NULL, Object(Config\Cache), false)
#4 C:\wamp64\www\htmlproject\index.php(44): CodeIgniter\CodeIgniter->run()
#5 C:\wamp64\www\htmlproject\system\Commands\Server\rewrite.php(45): require_once('C:\\wamp64\\www\\h...')
#6 {main}
ERROR - 2021-10-28 16:59:34 --> mysqli_sql_exception: Unknown column 'withdraws.id' in 'field list' in C:\wamp64\www\htmlproject\system\Database\MySQLi\Connection.php:314
Stack trace:
#0 C:\wamp64\www\htmlproject\system\Database\MySQLi\Connection.php(314): mysqli->query('SELECT `withdra...')
#1 C:\wamp64\www\htmlproject\system\Database\BaseConnection.php(713): CodeIgniter\Database\MySQLi\Connection->execute('SELECT `withdra...')
#2 C:\wamp64\www\htmlproject\system\Database\BaseConnection.php(641): CodeIgniter\Database\BaseConnection->simpleQuery('SELECT `withdra...')
#3 C:\wamp64\www\htmlproject\system\Database\BaseBuilder.php(1866): CodeIgniter\Database\BaseConnection->query('SELECT `withdra...', Array, false)
#4 C:\wamp64\www\htmlproject\system\Model.php(213): CodeIgniter\Database\BaseBuilder->get()
#5 C:\wamp64\www\htmlproject\system\BaseModel.php(583): CodeIgniter\Model->doFindAll(0, 0)
#6 C:\wamp64\www\htmlproject\app\Controllers\Api.php(376): CodeIgniter\BaseModel->findAll()
#7 C:\wamp64\www\htmlproject\system\CodeIgniter.php(936): App\Controllers\Api->getWithdraws()
#8 C:\wamp64\www\htmlproject\system\CodeIgniter.php(432): CodeIgniter\CodeIgniter->runController(Object(App\Controllers\Api))
#9 C:\wamp64\www\htmlproject\system\CodeIgniter.php(333): CodeIgniter\CodeIgniter->handleRequest(NULL, Object(Config\Cache), false)
#10 C:\wamp64\www\htmlproject\index.php(44): CodeIgniter\CodeIgniter->run()
#11 C:\wamp64\www\htmlproject\system\Commands\Server\rewrite.php(45): require_once('C:\\wamp64\\www\\h...')
#12 {main}
CRITICAL - 2021-10-28 16:59:34 --> Unknown column 'withdraws.id' in 'field list'
#0 C:\wamp64\www\htmlproject\system\Database\MySQLi\Connection.php(314): mysqli->query('SELECT `withdra...')
#1 C:\wamp64\www\htmlproject\system\Database\BaseConnection.php(713): CodeIgniter\Database\MySQLi\Connection->execute('SELECT `withdra...')
#2 C:\wamp64\www\htmlproject\system\Database\BaseConnection.php(641): CodeIgniter\Database\BaseConnection->simpleQuery('SELECT `withdra...')
#3 C:\wamp64\www\htmlproject\system\Database\BaseBuilder.php(1866): CodeIgniter\Database\BaseConnection->query('SELECT `withdra...', Array, false)
#4 C:\wamp64\www\htmlproject\system\Model.php(213): CodeIgniter\Database\BaseBuilder->get()
#5 C:\wamp64\www\htmlproject\system\BaseModel.php(583): CodeIgniter\Model->doFindAll(0, 0)
#6 C:\wamp64\www\htmlproject\app\Controllers\Api.php(376): CodeIgniter\BaseModel->findAll()
#7 C:\wamp64\www\htmlproject\system\CodeIgniter.php(936): App\Controllers\Api->getWithdraws()
#8 C:\wamp64\www\htmlproject\system\CodeIgniter.php(432): CodeIgniter\CodeIgniter->runController(Object(App\Controllers\Api))
#9 C:\wamp64\www\htmlproject\system\CodeIgniter.php(333): CodeIgniter\CodeIgniter->handleRequest(NULL, Object(Config\Cache), false)
#10 C:\wamp64\www\htmlproject\index.php(44): CodeIgniter\CodeIgniter->run()
#11 C:\wamp64\www\htmlproject\system\Commands\Server\rewrite.php(45): require_once('C:\\wamp64\\www\\h...')
#12 {main}
ERROR - 2021-10-28 17:08:53 --> mysqli_sql_exception: Unknown column 'status' in 'field list' in C:\wamp64\www\htmlproject\system\Database\MySQLi\Connection.php:314
Stack trace:
#0 C:\wamp64\www\htmlproject\system\Database\MySQLi\Connection.php(314): mysqli->query('SELECT `id`, `a...')
#1 C:\wamp64\www\htmlproject\system\Database\BaseConnection.php(713): CodeIgniter\Database\MySQLi\Connection->execute('SELECT `id`, `a...')
#2 C:\wamp64\www\htmlproject\system\Database\BaseConnection.php(641): CodeIgniter\Database\BaseConnection->simpleQuery('SELECT `id`, `a...')
#3 C:\wamp64\www\htmlproject\system\Database\BaseBuilder.php(1866): CodeIgniter\Database\BaseConnection->query('SELECT `id`, `a...', Array, false)
#4 C:\wamp64\www\htmlproject\system\Model.php(213): CodeIgniter\Database\BaseBuilder->get()
#5 C:\wamp64\www\htmlproject\system\BaseModel.php(583): CodeIgniter\Model->doFindAll(0, 0)
#6 C:\wamp64\www\htmlproject\app\Controllers\Api.php(376): CodeIgniter\BaseModel->findAll()
#7 C:\wamp64\www\htmlproject\system\CodeIgniter.php(936): App\Controllers\Api->getWithdraws()
#8 C:\wamp64\www\htmlproject\system\CodeIgniter.php(432): CodeIgniter\CodeIgniter->runController(Object(App\Controllers\Api))
#9 C:\wamp64\www\htmlproject\system\CodeIgniter.php(333): CodeIgniter\CodeIgniter->handleRequest(NULL, Object(Config\Cache), false)
#10 C:\wamp64\www\htmlproject\index.php(44): CodeIgniter\CodeIgniter->run()
#11 C:\wamp64\www\htmlproject\system\Commands\Server\rewrite.php(45): require_once('C:\\wamp64\\www\\h...')
#12 {main}
CRITICAL - 2021-10-28 17:08:53 --> Unknown column 'status' in 'field list'
#0 C:\wamp64\www\htmlproject\system\Database\MySQLi\Connection.php(314): mysqli->query('SELECT `id`, `a...')
#1 C:\wamp64\www\htmlproject\system\Database\BaseConnection.php(713): CodeIgniter\Database\MySQLi\Connection->execute('SELECT `id`, `a...')
#2 C:\wamp64\www\htmlproject\system\Database\BaseConnection.php(641): CodeIgniter\Database\BaseConnection->simpleQuery('SELECT `id`, `a...')
#3 C:\wamp64\www\htmlproject\system\Database\BaseBuilder.php(1866): CodeIgniter\Database\BaseConnection->query('SELECT `id`, `a...', Array, false)
#4 C:\wamp64\www\htmlproject\system\Model.php(213): CodeIgniter\Database\BaseBuilder->get()
#5 C:\wamp64\www\htmlproject\system\BaseModel.php(583): CodeIgniter\Model->doFindAll(0, 0)
#6 C:\wamp64\www\htmlproject\app\Controllers\Api.php(376): CodeIgniter\BaseModel->findAll()
#7 C:\wamp64\www\htmlproject\system\CodeIgniter.php(936): App\Controllers\Api->getWithdraws()
#8 C:\wamp64\www\htmlproject\system\CodeIgniter.php(432): CodeIgniter\CodeIgniter->runController(Object(App\Controllers\Api))
#9 C:\wamp64\www\htmlproject\system\CodeIgniter.php(333): CodeIgniter\CodeIgniter->handleRequest(NULL, Object(Config\Cache), false)
#10 C:\wamp64\www\htmlproject\index.php(44): CodeIgniter\CodeIgniter->run()
#11 C:\wamp64\www\htmlproject\system\Commands\Server\rewrite.php(45): require_once('C:\\wamp64\\www\\h...')
#12 {main}
CRITICAL - 2021-10-28 19:42:48 --> Array to string conversion
#0 C:\wamp64\www\htmlproject\app\Controllers\Api.php(375): CodeIgniter\Debug\Exceptions->errorHandler(8, 'Array to string...', 'C:\\wamp64\\www\\h...', 375, Array)
#1 C:\wamp64\www\htmlproject\system\CodeIgniter.php(936): App\Controllers\Api->getWithdraws()
#2 C:\wamp64\www\htmlproject\system\CodeIgniter.php(432): CodeIgniter\CodeIgniter->runController(Object(App\Controllers\Api))
#3 C:\wamp64\www\htmlproject\system\CodeIgniter.php(333): CodeIgniter\CodeIgniter->handleRequest(NULL, Object(Config\Cache), false)
#4 C:\wamp64\www\htmlproject\index.php(44): CodeIgniter\CodeIgniter->run()
#5 C:\wamp64\www\htmlproject\system\Commands\Server\rewrite.php(45): require_once('C:\\wamp64\\www\\h...')
#6 {main}
CRITICAL - 2021-10-28 21:47:15 --> Undefined offset: 0
#0 C:\wamp64\www\htmlproject\app\Controllers\Admin\Users.php(41): CodeIgniter\Debug\Exceptions->errorHandler(8, 'Undefined offse...', 'C:\\wamp64\\www\\h...', 41, Array)
#1 C:\wamp64\www\htmlproject\system\CodeIgniter.php(936): App\Controllers\Admin\Users->view('users', 'gtrx')
#2 C:\wamp64\www\htmlproject\system\CodeIgniter.php(432): CodeIgniter\CodeIgniter->runController(Object(App\Controllers\Admin\Users))
#3 C:\wamp64\www\htmlproject\system\CodeIgniter.php(333): CodeIgniter\CodeIgniter->handleRequest(NULL, Object(Config\Cache), false)
#4 C:\wamp64\www\htmlproject\index.php(44): CodeIgniter\CodeIgniter->run()
#5 C:\wamp64\www\htmlproject\system\Commands\Server\rewrite.php(45): require_once('C:\\wamp64\\www\\h...')
#6 {main}
CRITICAL - 2021-10-28 21:50:42 --> Undefined offset: 0
#0 C:\wamp64\www\htmlproject\app\Controllers\Admin\Users.php(41): CodeIgniter\Debug\Exceptions->errorHandler(8, 'Undefined offse...', 'C:\\wamp64\\www\\h...', 41, Array)
#1 C:\wamp64\www\htmlproject\system\CodeIgniter.php(936): App\Controllers\Admin\Users->view('users', 'gtrx')
#2 C:\wamp64\www\htmlproject\system\CodeIgniter.php(432): CodeIgniter\CodeIgniter->runController(Object(App\Controllers\Admin\Users))
#3 C:\wamp64\www\htmlproject\system\CodeIgniter.php(333): CodeIgniter\CodeIgniter->handleRequest(NULL, Object(Config\Cache), false)
#4 C:\wamp64\www\htmlproject\index.php(44): CodeIgniter\CodeIgniter->run()
#5 C:\wamp64\www\htmlproject\system\Commands\Server\rewrite.php(45): require_once('C:\\wamp64\\www\\h...')
#6 {main}
CRITICAL - 2021-10-28 22:44:37 --> Undefined offset: 0
#0 C:\wamp64\www\htmlproject\app\Controllers\Admin\Users.php(41): CodeIgniter\Debug\Exceptions->errorHandler(8, 'Undefined offse...', 'C:\\wamp64\\www\\h...', 41, Array)
#1 C:\wamp64\www\htmlproject\system\CodeIgniter.php(936): App\Controllers\Admin\Users->view('users', 'gtrx')
#2 C:\wamp64\www\htmlproject\system\CodeIgniter.php(432): CodeIgniter\CodeIgniter->runController(Object(App\Controllers\Admin\Users))
#3 C:\wamp64\www\htmlproject\system\CodeIgniter.php(333): CodeIgniter\CodeIgniter->handleRequest(NULL, Object(Config\Cache), false)
#4 C:\wamp64\www\htmlproject\index.php(44): CodeIgniter\CodeIgniter->run()
#5 C:\wamp64\www\htmlproject\system\Commands\Server\rewrite.php(45): require_once('C:\\wamp64\\www\\h...')
#6 {main}
CRITICAL - 2021-10-28 22:45:57 --> Undefined offset: 0
#0 C:\wamp64\www\htmlproject\app\Controllers\Admin\Users.php(41): CodeIgniter\Debug\Exceptions->errorHandler(8, 'Undefined offse...', 'C:\\wamp64\\www\\h...', 41, Array)
#1 C:\wamp64\www\htmlproject\system\CodeIgniter.php(936): App\Controllers\Admin\Users->view('users', 'gtrx')
#2 C:\wamp64\www\htmlproject\system\CodeIgniter.php(432): CodeIgniter\CodeIgniter->runController(Object(App\Controllers\Admin\Users))
#3 C:\wamp64\www\htmlproject\system\CodeIgniter.php(333): CodeIgniter\CodeIgniter->handleRequest(NULL, Object(Config\Cache), false)
#4 C:\wamp64\www\htmlproject\index.php(44): CodeIgniter\CodeIgniter->run()
#5 C:\wamp64\www\htmlproject\system\Commands\Server\rewrite.php(45): require_once('C:\\wamp64\\www\\h...')
#6 {main}
CRITICAL - 2021-10-28 23:16:57 --> Undefined offset: 0
#0 C:\wamp64\www\htmlproject\app\Controllers\Admin\Users.php(41): CodeIgniter\Debug\Exceptions->errorHandler(8, 'Undefined offse...', 'C:\\wamp64\\www\\h...', 41, Array)
#1 C:\wamp64\www\htmlproject\system\CodeIgniter.php(936): App\Controllers\Admin\Users->view('users', 'gtrx')
#2 C:\wamp64\www\htmlproject\system\CodeIgniter.php(432): CodeIgniter\CodeIgniter->runController(Object(App\Controllers\Admin\Users))
#3 C:\wamp64\www\htmlproject\system\CodeIgniter.php(333): CodeIgniter\CodeIgniter->handleRequest(NULL, Object(Config\Cache), false)
#4 C:\wamp64\www\htmlproject\index.php(44): CodeIgniter\CodeIgniter->run()
#5 C:\wamp64\www\htmlproject\system\Commands\Server\rewrite.php(45): require_once('C:\\wamp64\\www\\h...')
#6 {main}
CRITICAL - 2021-10-28 23:19:34 --> Undefined variable: id
#0 C:\wamp64\www\htmlproject\app\Controllers\Admin\Users.php(84): CodeIgniter\Debug\Exceptions->errorHandler(8, 'Undefined varia...', 'C:\\wamp64\\www\\h...', 84, Array)
#1 C:\wamp64\www\htmlproject\system\CodeIgniter.php(936): App\Controllers\Admin\Users->gtrx('15')
#2 C:\wamp64\www\htmlproject\system\CodeIgniter.php(432): CodeIgniter\CodeIgniter->runController(Object(App\Controllers\Admin\Users))
#3 C:\wamp64\www\htmlproject\system\CodeIgniter.php(333): CodeIgniter\CodeIgniter->handleRequest(NULL, Object(Config\Cache), false)
#4 C:\wamp64\www\htmlproject\index.php(44): CodeIgniter\CodeIgniter->run()
#5 C:\wamp64\www\htmlproject\system\Commands\Server\rewrite.php(45): require_once('C:\\wamp64\\www\\h...')
#6 {main}
CRITICAL - 2021-10-28 23:27:48 --> Undefined offset: 0
#0 C:\wamp64\www\htmlproject\app\Controllers\Admin\Users.php(41): CodeIgniter\Debug\Exceptions->errorHandler(8, 'Undefined offse...', 'C:\\wamp64\\www\\h...', 41, Array)
#1 C:\wamp64\www\htmlproject\system\CodeIgniter.php(936): App\Controllers\Admin\Users->view('users', 'gtrx')
#2 C:\wamp64\www\htmlproject\system\CodeIgniter.php(432): CodeIgniter\CodeIgniter->runController(Object(App\Controllers\Admin\Users))
#3 C:\wamp64\www\htmlproject\system\CodeIgniter.php(333): CodeIgniter\CodeIgniter->handleRequest(NULL, Object(Config\Cache), false)
#4 C:\wamp64\www\htmlproject\index.php(44): CodeIgniter\CodeIgniter->run()
#5 C:\wamp64\www\htmlproject\system\Commands\Server\rewrite.php(45): require_once('C:\\wamp64\\www\\h...')
#6 {main}
CRITICAL - 2021-10-28 23:28:20 --> Undefined offset: 0
#0 C:\wamp64\www\htmlproject\app\Controllers\Admin\Users.php(41): CodeIgniter\Debug\Exceptions->errorHandler(8, 'Undefined offse...', 'C:\\wamp64\\www\\h...', 41, Array)
#1 C:\wamp64\www\htmlproject\system\CodeIgniter.php(936): App\Controllers\Admin\Users->view('users', 'gtrx')
#2 C:\wamp64\www\htmlproject\system\CodeIgniter.php(432): CodeIgniter\CodeIgniter->runController(Object(App\Controllers\Admin\Users))
#3 C:\wamp64\www\htmlproject\system\CodeIgniter.php(333): CodeIgniter\CodeIgniter->handleRequest(NULL, Object(Config\Cache), false)
#4 C:\wamp64\www\htmlproject\index.php(44): CodeIgniter\CodeIgniter->run()
#5 C:\wamp64\www\htmlproject\system\Commands\Server\rewrite.php(45): require_once('C:\\wamp64\\www\\h...')
#6 {main}
CRITICAL - 2021-10-28 23:30:09 --> Undefined offset: 0
#0 C:\wamp64\www\htmlproject\app\Controllers\Admin\Users.php(41): CodeIgniter\Debug\Exceptions->errorHandler(8, 'Undefined offse...', 'C:\\wamp64\\www\\h...', 41, Array)
#1 C:\wamp64\www\htmlproject\system\CodeIgniter.php(936): App\Controllers\Admin\Users->view('users', 'gtrx')
#2 C:\wamp64\www\htmlproject\system\CodeIgniter.php(432): CodeIgniter\CodeIgniter->runController(Object(App\Controllers\Admin\Users))
#3 C:\wamp64\www\htmlproject\system\CodeIgniter.php(333): CodeIgniter\CodeIgniter->handleRequest(NULL, Object(Config\Cache), false)
#4 C:\wamp64\www\htmlproject\index.php(44): CodeIgniter\CodeIgniter->run()
#5 C:\wamp64\www\htmlproject\system\Commands\Server\rewrite.php(45): require_once('C:\\wamp64\\www\\h...')
#6 {main}
CRITICAL - 2021-10-28 23:31:25 --> Undefined offset: 0
#0 C:\wamp64\www\htmlproject\app\Controllers\Admin\Users.php(41): CodeIgniter\Debug\Exceptions->errorHandler(8, 'Undefined offse...', 'C:\\wamp64\\www\\h...', 41, Array)
#1 C:\wamp64\www\htmlproject\system\CodeIgniter.php(936): App\Controllers\Admin\Users->view('users', 'gtrx')
#2 C:\wamp64\www\htmlproject\system\CodeIgniter.php(432): CodeIgniter\CodeIgniter->runController(Object(App\Controllers\Admin\Users))
#3 C:\wamp64\www\htmlproject\system\CodeIgniter.php(333): CodeIgniter\CodeIgniter->handleRequest(NULL, Object(Config\Cache), false)
#4 C:\wamp64\www\htmlproject\index.php(44): CodeIgniter\CodeIgniter->run()
#5 C:\wamp64\www\htmlproject\system\Commands\Server\rewrite.php(45): require_once('C:\\wamp64\\www\\h...')
#6 {main}
