CRITICAL - 2021-12-16 00:47:26 --> Call to undefined method CodeIgniter\Database\MySQLi\Connection::select()
#0 C:\wamp64\www\htmlproject\app\Libraries\Auth.php(359): App\Models\AuthModel->recheckSession()
#1 C:\wamp64\www\htmlproject\app\Models\AuthModel.php(445): App\Libraries\Auth->loggedIn()
#2 C:\wamp64\www\htmlproject\app\Controllers\Auth.php(119): App\Models\AuthModel->deactivate(459)
#3 C:\wamp64\www\htmlproject\system\CodeIgniter.php(936): App\Controllers\Auth->mail_verify()
#4 C:\wamp64\www\htmlproject\system\CodeIgniter.php(432): CodeIgniter\CodeIgniter->runController(Object(App\Controllers\Auth))
#5 C:\wamp64\www\htmlproject\system\CodeIgniter.php(333): CodeIgniter\CodeIgniter->handleRequest(NULL, Object(Config\Cache), false)
#6 C:\wamp64\www\htmlproject\index.php(44): CodeIgniter\CodeIgniter->run()
#7 C:\wamp64\www\htmlproject\system\Commands\Server\rewrite.php(45): require_once('C:\\wamp64\\www\\h...')
#8 {main}
CRITICAL - 2021-12-16 00:58:49 --> Undefined offset: 1
#0 C:\wamp64\www\htmlproject\system\View\Cell.php(231): CodeIgniter\Debug\Exceptions->errorHandler(8, 'Undefined offse...', 'C:\\wamp64\\www\\h...', 231, Array)
#1 C:\wamp64\www\htmlproject\system\View\Cell.php(81): CodeIgniter\View\Cell->determineClass('Auth/email/mail...')
#2 C:\wamp64\www\htmlproject\system\Common.php(1238): CodeIgniter\View\Cell->render('Auth/email/mail...', Array, 0, NULL)
#3 C:\wamp64\www\htmlproject\app\Controllers\Auth.php(136): view_cell('Auth/email/mail...', Array)
#4 C:\wamp64\www\htmlproject\system\CodeIgniter.php(936): App\Controllers\Auth->mail_verify()
#5 C:\wamp64\www\htmlproject\system\CodeIgniter.php(432): CodeIgniter\CodeIgniter->runController(Object(App\Controllers\Auth))
#6 C:\wamp64\www\htmlproject\system\CodeIgniter.php(333): CodeIgniter\CodeIgniter->handleRequest(NULL, Object(Config\Cache), false)
#7 C:\wamp64\www\htmlproject\index.php(44): CodeIgniter\CodeIgniter->run()
#8 C:\wamp64\www\htmlproject\system\Commands\Server\rewrite.php(45): require_once('C:\\wamp64\\www\\h...')
#9 {main}
CRITICAL - 2021-12-16 07:24:15 --> Undefined property: App\Controllers\Auth::$session
#0 C:\wamp64\www\htmlproject\app\Controllers\Auth.php(111): CodeIgniter\Debug\Exceptions->errorHandler(8, 'Undefined prope...', 'C:\\wamp64\\www\\h...', 111, Array)
#1 C:\wamp64\www\htmlproject\system\CodeIgniter.php(936): App\Controllers\Auth->mail_verify()
#2 C:\wamp64\www\htmlproject\system\CodeIgniter.php(432): CodeIgniter\CodeIgniter->runController(Object(App\Controllers\Auth))
#3 C:\wamp64\www\htmlproject\system\CodeIgniter.php(333): CodeIgniter\CodeIgniter->handleRequest(NULL, Object(Config\Cache), false)
#4 C:\wamp64\www\htmlproject\index.php(44): CodeIgniter\CodeIgniter->run()
#5 C:\wamp64\www\htmlproject\system\Commands\Server\rewrite.php(45): require_once('C:\\wamp64\\www\\h...')
#6 {main}
CRITICAL - 2021-12-16 20:22:44 --> Undefined property: App\Controllers\Auth::$session
#0 C:\wamp64\www\htmlproject\app\Controllers\Auth.php(111): CodeIgniter\Debug\Exceptions->errorHandler(8, 'Undefined prope...', 'C:\\wamp64\\www\\h...', 111, Array)
#1 C:\wamp64\www\htmlproject\system\CodeIgniter.php(936): App\Controllers\Auth->mail_verify()
#2 C:\wamp64\www\htmlproject\system\CodeIgniter.php(432): CodeIgniter\CodeIgniter->runController(Object(App\Controllers\Auth))
#3 C:\wamp64\www\htmlproject\system\CodeIgniter.php(333): CodeIgniter\CodeIgniter->handleRequest(NULL, Object(Config\Cache), false)
#4 C:\wamp64\www\htmlproject\index.php(44): CodeIgniter\CodeIgniter->run()
#5 C:\wamp64\www\htmlproject\system\Commands\Server\rewrite.php(45): require_once('C:\\wamp64\\www\\h...')
#6 {main}
CRITICAL - 2021-12-16 20:24:55 --> Call to undefined method Config\Services::flashdata()
#0 C:\wamp64\www\htmlproject\system\CodeIgniter.php(936): App\Controllers\Auth->mail_verify()
#1 C:\wamp64\www\htmlproject\system\CodeIgniter.php(432): CodeIgniter\CodeIgniter->runController(Object(App\Controllers\Auth))
#2 C:\wamp64\www\htmlproject\system\CodeIgniter.php(333): CodeIgniter\CodeIgniter->handleRequest(NULL, Object(Config\Cache), false)
#3 C:\wamp64\www\htmlproject\index.php(44): CodeIgniter\CodeIgniter->run()
#4 C:\wamp64\www\htmlproject\system\Commands\Server\rewrite.php(45): require_once('C:\\wamp64\\www\\h...')
#5 {main}
CRITICAL - 2021-12-16 20:38:53 --> Call to undefined method Config\Services::setFlashdata()
#0 C:\wamp64\www\htmlproject\system\CodeIgniter.php(936): App\Controllers\Auth->mail_verify()
#1 C:\wamp64\www\htmlproject\system\CodeIgniter.php(432): CodeIgniter\CodeIgniter->runController(Object(App\Controllers\Auth))
#2 C:\wamp64\www\htmlproject\system\CodeIgniter.php(333): CodeIgniter\CodeIgniter->handleRequest(NULL, Object(Config\Cache), false)
#3 C:\wamp64\www\htmlproject\index.php(44): CodeIgniter\CodeIgniter->run()
#4 C:\wamp64\www\htmlproject\system\Commands\Server\rewrite.php(45): require_once('C:\\wamp64\\www\\h...')
#5 {main}
CRITICAL - 2021-12-16 20:39:20 --> Call to undefined method Config\Services::getFlashdata()
#0 C:\wamp64\www\htmlproject\system\CodeIgniter.php(936): App\Controllers\Auth->mail_verify()
#1 C:\wamp64\www\htmlproject\system\CodeIgniter.php(432): CodeIgniter\CodeIgniter->runController(Object(App\Controllers\Auth))
#2 C:\wamp64\www\htmlproject\system\CodeIgniter.php(333): CodeIgniter\CodeIgniter->handleRequest(NULL, Object(Config\Cache), false)
#3 C:\wamp64\www\htmlproject\index.php(44): CodeIgniter\CodeIgniter->run()
#4 C:\wamp64\www\htmlproject\system\Commands\Server\rewrite.php(45): require_once('C:\\wamp64\\www\\h...')
#5 {main}
