ERROR - 2021-12-31 00:40:26 --> mysqli_sql_exception: Unknown column 'total' in 'field list' in C:\wamp64\www\htmlproject\system\Database\MySQLi\Connection.php:314
Stack trace:
#0 C:\wamp64\www\htmlproject\system\Database\MySQLi\Connection.php(314): mysqli->query('SELECT SUM(`tot...')
#1 C:\wamp64\www\htmlproject\system\Database\BaseConnection.php(713): CodeIgniter\Database\MySQLi\Connection->execute('SELECT SUM(`tot...')
#2 C:\wamp64\www\htmlproject\system\Database\BaseConnection.php(641): CodeIgniter\Database\BaseConnection->simpleQuery('SELECT SUM(`tot...')
#3 C:\wamp64\www\htmlproject\system\Database\BaseBuilder.php(1866): CodeIgniter\Database\BaseConnection->query('SELECT SUM(`tot...', Array, false)
#4 C:\wamp64\www\htmlproject\system\Model.php(836): CodeIgniter\Database\BaseBuilder->get()
#5 C:\wamp64\www\htmlproject\app\Controllers\Admin\Withdraws.php(150): CodeIgniter\Model->__call('get', Array)
#6 C:\wamp64\www\htmlproject\system\CodeIgniter.php(936): App\Controllers\Admin\Withdraws->getTotalWithdrawals()
#7 C:\wamp64\www\htmlproject\system\CodeIgniter.php(432): CodeIgniter\CodeIgniter->runController(Object(App\Controllers\Admin\Withdraws))
#8 C:\wamp64\www\htmlproject\system\CodeIgniter.php(333): CodeIgniter\CodeIgniter->handleRequest(NULL, Object(Config\Cache), false)
#9 C:\wamp64\www\htmlproject\index.php(44): CodeIgniter\CodeIgniter->run()
#10 C:\wamp64\www\htmlproject\system\Commands\Server\rewrite.php(45): require_once('C:\\wamp64\\www\\h...')
#11 {main}
CRITICAL - 2021-12-31 00:40:26 --> Unknown column 'total' in 'field list'
#0 C:\wamp64\www\htmlproject\system\Database\MySQLi\Connection.php(314): mysqli->query('SELECT SUM(`tot...')
#1 C:\wamp64\www\htmlproject\system\Database\BaseConnection.php(713): CodeIgniter\Database\MySQLi\Connection->execute('SELECT SUM(`tot...')
#2 C:\wamp64\www\htmlproject\system\Database\BaseConnection.php(641): CodeIgniter\Database\BaseConnection->simpleQuery('SELECT SUM(`tot...')
#3 C:\wamp64\www\htmlproject\system\Database\BaseBuilder.php(1866): CodeIgniter\Database\BaseConnection->query('SELECT SUM(`tot...', Array, false)
#4 C:\wamp64\www\htmlproject\system\Model.php(836): CodeIgniter\Database\BaseBuilder->get()
#5 C:\wamp64\www\htmlproject\app\Controllers\Admin\Withdraws.php(150): CodeIgniter\Model->__call('get', Array)
#6 C:\wamp64\www\htmlproject\system\CodeIgniter.php(936): App\Controllers\Admin\Withdraws->getTotalWithdrawals()
#7 C:\wamp64\www\htmlproject\system\CodeIgniter.php(432): CodeIgniter\CodeIgniter->runController(Object(App\Controllers\Admin\Withdraws))
#8 C:\wamp64\www\htmlproject\system\CodeIgniter.php(333): CodeIgniter\CodeIgniter->handleRequest(NULL, Object(Config\Cache), false)
#9 C:\wamp64\www\htmlproject\index.php(44): CodeIgniter\CodeIgniter->run()
#10 C:\wamp64\www\htmlproject\system\Commands\Server\rewrite.php(45): require_once('C:\\wamp64\\www\\h...')
#11 {main}
ERROR - 2021-12-31 00:41:03 --> mysqli_sql_exception: Unknown column 'total' in 'field list' in C:\wamp64\www\htmlproject\system\Database\MySQLi\Connection.php:314
Stack trace:
#0 C:\wamp64\www\htmlproject\system\Database\MySQLi\Connection.php(314): mysqli->query('SELECT SUM(`tot...')
#1 C:\wamp64\www\htmlproject\system\Database\BaseConnection.php(713): CodeIgniter\Database\MySQLi\Connection->execute('SELECT SUM(`tot...')
#2 C:\wamp64\www\htmlproject\system\Database\BaseConnection.php(641): CodeIgniter\Database\BaseConnection->simpleQuery('SELECT SUM(`tot...')
#3 C:\wamp64\www\htmlproject\system\Database\BaseBuilder.php(1866): CodeIgniter\Database\BaseConnection->query('SELECT SUM(`tot...', Array, false)
#4 C:\wamp64\www\htmlproject\system\Model.php(836): CodeIgniter\Database\BaseBuilder->get()
#5 C:\wamp64\www\htmlproject\app\Controllers\Admin\Withdraws.php(150): CodeIgniter\Model->__call('get', Array)
#6 C:\wamp64\www\htmlproject\system\CodeIgniter.php(936): App\Controllers\Admin\Withdraws->getTotalWithdrawals()
#7 C:\wamp64\www\htmlproject\system\CodeIgniter.php(432): CodeIgniter\CodeIgniter->runController(Object(App\Controllers\Admin\Withdraws))
#8 C:\wamp64\www\htmlproject\system\CodeIgniter.php(333): CodeIgniter\CodeIgniter->handleRequest(NULL, Object(Config\Cache), false)
#9 C:\wamp64\www\htmlproject\index.php(44): CodeIgniter\CodeIgniter->run()
#10 C:\wamp64\www\htmlproject\system\Commands\Server\rewrite.php(45): require_once('C:\\wamp64\\www\\h...')
#11 {main}
CRITICAL - 2021-12-31 00:41:03 --> Unknown column 'total' in 'field list'
#0 C:\wamp64\www\htmlproject\system\Database\MySQLi\Connection.php(314): mysqli->query('SELECT SUM(`tot...')
#1 C:\wamp64\www\htmlproject\system\Database\BaseConnection.php(713): CodeIgniter\Database\MySQLi\Connection->execute('SELECT SUM(`tot...')
#2 C:\wamp64\www\htmlproject\system\Database\BaseConnection.php(641): CodeIgniter\Database\BaseConnection->simpleQuery('SELECT SUM(`tot...')
#3 C:\wamp64\www\htmlproject\system\Database\BaseBuilder.php(1866): CodeIgniter\Database\BaseConnection->query('SELECT SUM(`tot...', Array, false)
#4 C:\wamp64\www\htmlproject\system\Model.php(836): CodeIgniter\Database\BaseBuilder->get()
#5 C:\wamp64\www\htmlproject\app\Controllers\Admin\Withdraws.php(150): CodeIgniter\Model->__call('get', Array)
#6 C:\wamp64\www\htmlproject\system\CodeIgniter.php(936): App\Controllers\Admin\Withdraws->getTotalWithdrawals()
#7 C:\wamp64\www\htmlproject\system\CodeIgniter.php(432): CodeIgniter\CodeIgniter->runController(Object(App\Controllers\Admin\Withdraws))
#8 C:\wamp64\www\htmlproject\system\CodeIgniter.php(333): CodeIgniter\CodeIgniter->handleRequest(NULL, Object(Config\Cache), false)
#9 C:\wamp64\www\htmlproject\index.php(44): CodeIgniter\CodeIgniter->run()
#10 C:\wamp64\www\htmlproject\system\Commands\Server\rewrite.php(45): require_once('C:\\wamp64\\www\\h...')
#11 {main}
ERROR - 2021-12-31 00:41:31 --> mysqli_sql_exception: Unknown column 'total' in 'field list' in C:\wamp64\www\htmlproject\system\Database\MySQLi\Connection.php:314
Stack trace:
#0 C:\wamp64\www\htmlproject\system\Database\MySQLi\Connection.php(314): mysqli->query('SELECT SUM(`tot...')
#1 C:\wamp64\www\htmlproject\system\Database\BaseConnection.php(713): CodeIgniter\Database\MySQLi\Connection->execute('SELECT SUM(`tot...')
#2 C:\wamp64\www\htmlproject\system\Database\BaseConnection.php(641): CodeIgniter\Database\BaseConnection->simpleQuery('SELECT SUM(`tot...')
#3 C:\wamp64\www\htmlproject\system\Database\BaseBuilder.php(1866): CodeIgniter\Database\BaseConnection->query('SELECT SUM(`tot...', Array, false)
#4 C:\wamp64\www\htmlproject\system\Model.php(836): CodeIgniter\Database\BaseBuilder->get()
#5 C:\wamp64\www\htmlproject\app\Controllers\Admin\Withdraws.php(150): CodeIgniter\Model->__call('get', Array)
#6 C:\wamp64\www\htmlproject\system\CodeIgniter.php(936): App\Controllers\Admin\Withdraws->getTotalWithdrawals()
#7 C:\wamp64\www\htmlproject\system\CodeIgniter.php(432): CodeIgniter\CodeIgniter->runController(Object(App\Controllers\Admin\Withdraws))
#8 C:\wamp64\www\htmlproject\system\CodeIgniter.php(333): CodeIgniter\CodeIgniter->handleRequest(NULL, Object(Config\Cache), false)
#9 C:\wamp64\www\htmlproject\index.php(44): CodeIgniter\CodeIgniter->run()
#10 C:\wamp64\www\htmlproject\system\Commands\Server\rewrite.php(45): require_once('C:\\wamp64\\www\\h...')
#11 {main}
CRITICAL - 2021-12-31 00:41:31 --> Unknown column 'total' in 'field list'
#0 C:\wamp64\www\htmlproject\system\Database\MySQLi\Connection.php(314): mysqli->query('SELECT SUM(`tot...')
#1 C:\wamp64\www\htmlproject\system\Database\BaseConnection.php(713): CodeIgniter\Database\MySQLi\Connection->execute('SELECT SUM(`tot...')
#2 C:\wamp64\www\htmlproject\system\Database\BaseConnection.php(641): CodeIgniter\Database\BaseConnection->simpleQuery('SELECT SUM(`tot...')
#3 C:\wamp64\www\htmlproject\system\Database\BaseBuilder.php(1866): CodeIgniter\Database\BaseConnection->query('SELECT SUM(`tot...', Array, false)
#4 C:\wamp64\www\htmlproject\system\Model.php(836): CodeIgniter\Database\BaseBuilder->get()
#5 C:\wamp64\www\htmlproject\app\Controllers\Admin\Withdraws.php(150): CodeIgniter\Model->__call('get', Array)
#6 C:\wamp64\www\htmlproject\system\CodeIgniter.php(936): App\Controllers\Admin\Withdraws->getTotalWithdrawals()
#7 C:\wamp64\www\htmlproject\system\CodeIgniter.php(432): CodeIgniter\CodeIgniter->runController(Object(App\Controllers\Admin\Withdraws))
#8 C:\wamp64\www\htmlproject\system\CodeIgniter.php(333): CodeIgniter\CodeIgniter->handleRequest(NULL, Object(Config\Cache), false)
#9 C:\wamp64\www\htmlproject\index.php(44): CodeIgniter\CodeIgniter->run()
#10 C:\wamp64\www\htmlproject\system\Commands\Server\rewrite.php(45): require_once('C:\\wamp64\\www\\h...')
#11 {main}
ERROR - 2021-12-31 00:42:40 --> mysqli_sql_exception: Unknown column 'end_time' in 'where clause' in C:\wamp64\www\htmlproject\system\Database\MySQLi\Connection.php:314
Stack trace:
#0 C:\wamp64\www\htmlproject\system\Database\MySQLi\Connection.php(314): mysqli->query('SELECT SUM(`amo...')
#1 C:\wamp64\www\htmlproject\system\Database\BaseConnection.php(713): CodeIgniter\Database\MySQLi\Connection->execute('SELECT SUM(`amo...')
#2 C:\wamp64\www\htmlproject\system\Database\BaseConnection.php(641): CodeIgniter\Database\BaseConnection->simpleQuery('SELECT SUM(`amo...')
#3 C:\wamp64\www\htmlproject\system\Database\BaseBuilder.php(1866): CodeIgniter\Database\BaseConnection->query('SELECT SUM(`amo...', Array, false)
#4 C:\wamp64\www\htmlproject\system\Model.php(836): CodeIgniter\Database\BaseBuilder->get()
#5 C:\wamp64\www\htmlproject\app\Controllers\Admin\Withdraws.php(150): CodeIgniter\Model->__call('get', Array)
#6 C:\wamp64\www\htmlproject\system\CodeIgniter.php(936): App\Controllers\Admin\Withdraws->getTotalWithdrawals()
#7 C:\wamp64\www\htmlproject\system\CodeIgniter.php(432): CodeIgniter\CodeIgniter->runController(Object(App\Controllers\Admin\Withdraws))
#8 C:\wamp64\www\htmlproject\system\CodeIgniter.php(333): CodeIgniter\CodeIgniter->handleRequest(NULL, Object(Config\Cache), false)
#9 C:\wamp64\www\htmlproject\index.php(44): CodeIgniter\CodeIgniter->run()
#10 C:\wamp64\www\htmlproject\system\Commands\Server\rewrite.php(45): require_once('C:\\wamp64\\www\\h...')
#11 {main}
CRITICAL - 2021-12-31 00:42:40 --> Unknown column 'end_time' in 'where clause'
#0 C:\wamp64\www\htmlproject\system\Database\MySQLi\Connection.php(314): mysqli->query('SELECT SUM(`amo...')
#1 C:\wamp64\www\htmlproject\system\Database\BaseConnection.php(713): CodeIgniter\Database\MySQLi\Connection->execute('SELECT SUM(`amo...')
#2 C:\wamp64\www\htmlproject\system\Database\BaseConnection.php(641): CodeIgniter\Database\BaseConnection->simpleQuery('SELECT SUM(`amo...')
#3 C:\wamp64\www\htmlproject\system\Database\BaseBuilder.php(1866): CodeIgniter\Database\BaseConnection->query('SELECT SUM(`amo...', Array, false)
#4 C:\wamp64\www\htmlproject\system\Model.php(836): CodeIgniter\Database\BaseBuilder->get()
#5 C:\wamp64\www\htmlproject\app\Controllers\Admin\Withdraws.php(150): CodeIgniter\Model->__call('get', Array)
#6 C:\wamp64\www\htmlproject\system\CodeIgniter.php(936): App\Controllers\Admin\Withdraws->getTotalWithdrawals()
#7 C:\wamp64\www\htmlproject\system\CodeIgniter.php(432): CodeIgniter\CodeIgniter->runController(Object(App\Controllers\Admin\Withdraws))
#8 C:\wamp64\www\htmlproject\system\CodeIgniter.php(333): CodeIgniter\CodeIgniter->handleRequest(NULL, Object(Config\Cache), false)
#9 C:\wamp64\www\htmlproject\index.php(44): CodeIgniter\CodeIgniter->run()
#10 C:\wamp64\www\htmlproject\system\Commands\Server\rewrite.php(45): require_once('C:\\wamp64\\www\\h...')
#11 {main}
CRITICAL - 2021-12-31 08:33:34 --> Undefined offset: 0
#0 C:\wamp64\www\htmlproject\app\Entities\Deposit.php(22): CodeIgniter\Debug\Exceptions->errorHandler(8, 'Undefined offse...', 'C:\\wamp64\\www\\h...', 22, Array)
#1 C:\wamp64\www\htmlproject\system\Entity.php(300): App\Entities\Deposit->getUser()
#2 C:\wamp64\www\htmlproject\app\Views\Admin\Deposits\index.php(40): CodeIgniter\Entity->__get('user')
#3 C:\wamp64\www\htmlproject\system\View\View.php(220): include('C:\\wamp64\\www\\h...')
#4 C:\wamp64\www\htmlproject\system\View\View.php(222): CodeIgniter\View\View->CodeIgniter\View\{closure}()
#5 C:\wamp64\www\htmlproject\system\Common.php(1217): CodeIgniter\View\View->render('Admin/Deposits/...', Array, true)
#6 C:\wamp64\www\htmlproject\app\Controllers\AdminController.php(36): view('Admin/Deposits/...', Array)
#7 C:\wamp64\www\htmlproject\app\Controllers\Admin\Deposits.php(27): App\Controllers\AdminController->_renderPage('Deposits/index', Array)
#8 C:\wamp64\www\htmlproject\system\CodeIgniter.php(936): App\Controllers\Admin\Deposits->index()
#9 C:\wamp64\www\htmlproject\system\CodeIgniter.php(432): CodeIgniter\CodeIgniter->runController(Object(App\Controllers\Admin\Deposits))
#10 C:\wamp64\www\htmlproject\system\CodeIgniter.php(333): CodeIgniter\CodeIgniter->handleRequest(NULL, Object(Config\Cache), false)
#11 C:\wamp64\www\htmlproject\index.php(44): CodeIgniter\CodeIgniter->run()
#12 C:\wamp64\www\htmlproject\system\Commands\Server\rewrite.php(45): require_once('C:\\wamp64\\www\\h...')
#13 {main}
CRITICAL - 2021-12-31 08:41:09 --> Undefined offset: 0
#0 C:\wamp64\www\htmlproject\app\Entities\Deposit.php(22): CodeIgniter\Debug\Exceptions->errorHandler(8, 'Undefined offse...', 'C:\\wamp64\\www\\h...', 22, Array)
#1 C:\wamp64\www\htmlproject\system\Entity.php(300): App\Entities\Deposit->getUser()
#2 C:\wamp64\www\htmlproject\app\Views\Admin\Deposits\index.php(40): CodeIgniter\Entity->__get('user')
#3 C:\wamp64\www\htmlproject\system\View\View.php(220): include('C:\\wamp64\\www\\h...')
#4 C:\wamp64\www\htmlproject\system\View\View.php(222): CodeIgniter\View\View->CodeIgniter\View\{closure}()
#5 C:\wamp64\www\htmlproject\system\Common.php(1217): CodeIgniter\View\View->render('Admin/Deposits/...', Array, true)
#6 C:\wamp64\www\htmlproject\app\Controllers\AdminController.php(36): view('Admin/Deposits/...', Array)
#7 C:\wamp64\www\htmlproject\app\Controllers\Admin\Deposits.php(27): App\Controllers\AdminController->_renderPage('Deposits/index', Array)
#8 C:\wamp64\www\htmlproject\system\CodeIgniter.php(936): App\Controllers\Admin\Deposits->index()
#9 C:\wamp64\www\htmlproject\system\CodeIgniter.php(432): CodeIgniter\CodeIgniter->runController(Object(App\Controllers\Admin\Deposits))
#10 C:\wamp64\www\htmlproject\system\CodeIgniter.php(333): CodeIgniter\CodeIgniter->handleRequest(NULL, Object(Config\Cache), false)
#11 C:\wamp64\www\htmlproject\index.php(44): CodeIgniter\CodeIgniter->run()
#12 C:\wamp64\www\htmlproject\system\Commands\Server\rewrite.php(45): require_once('C:\\wamp64\\www\\h...')
#13 {main}
CRITICAL - 2021-12-31 08:41:12 --> Undefined offset: 0
#0 C:\wamp64\www\htmlproject\app\Entities\Deposit.php(22): CodeIgniter\Debug\Exceptions->errorHandler(8, 'Undefined offse...', 'C:\\wamp64\\www\\h...', 22, Array)
#1 C:\wamp64\www\htmlproject\system\Entity.php(300): App\Entities\Deposit->getUser()
#2 C:\wamp64\www\htmlproject\app\Views\Admin\Deposits\index.php(40): CodeIgniter\Entity->__get('user')
#3 C:\wamp64\www\htmlproject\system\View\View.php(220): include('C:\\wamp64\\www\\h...')
#4 C:\wamp64\www\htmlproject\system\View\View.php(222): CodeIgniter\View\View->CodeIgniter\View\{closure}()
#5 C:\wamp64\www\htmlproject\system\Common.php(1217): CodeIgniter\View\View->render('Admin/Deposits/...', Array, true)
#6 C:\wamp64\www\htmlproject\app\Controllers\AdminController.php(36): view('Admin/Deposits/...', Array)
#7 C:\wamp64\www\htmlproject\app\Controllers\Admin\Deposits.php(27): App\Controllers\AdminController->_renderPage('Deposits/index', Array)
#8 C:\wamp64\www\htmlproject\system\CodeIgniter.php(936): App\Controllers\Admin\Deposits->index()
#9 C:\wamp64\www\htmlproject\system\CodeIgniter.php(432): CodeIgniter\CodeIgniter->runController(Object(App\Controllers\Admin\Deposits))
#10 C:\wamp64\www\htmlproject\system\CodeIgniter.php(333): CodeIgniter\CodeIgniter->handleRequest(NULL, Object(Config\Cache), false)
#11 C:\wamp64\www\htmlproject\index.php(44): CodeIgniter\CodeIgniter->run()
#12 C:\wamp64\www\htmlproject\system\Commands\Server\rewrite.php(45): require_once('C:\\wamp64\\www\\h...')
#13 {main}
CRITICAL - 2021-12-31 08:45:33 --> Undefined index: avatar
#0 C:\wamp64\www\htmlproject\app\Controllers\Admin\Deposits.php(172): CodeIgniter\Debug\Exceptions->errorHandler(8, 'Undefined index...', 'C:\\wamp64\\www\\h...', 172, Array)
#1 C:\wamp64\www\htmlproject\system\CodeIgniter.php(936): App\Controllers\Admin\Deposits->getDepo()
#2 C:\wamp64\www\htmlproject\system\CodeIgniter.php(432): CodeIgniter\CodeIgniter->runController(Object(App\Controllers\Admin\Deposits))
#3 C:\wamp64\www\htmlproject\system\CodeIgniter.php(333): CodeIgniter\CodeIgniter->handleRequest(NULL, Object(Config\Cache), false)
#4 C:\wamp64\www\htmlproject\index.php(44): CodeIgniter\CodeIgniter->run()
#5 C:\wamp64\www\htmlproject\system\Commands\Server\rewrite.php(45): require_once('C:\\wamp64\\www\\h...')
#6 {main}
CRITICAL - 2021-12-31 08:48:12 --> Undefined index: avatar
#0 C:\wamp64\www\htmlproject\app\Controllers\Admin\Deposits.php(172): CodeIgniter\Debug\Exceptions->errorHandler(8, 'Undefined index...', 'C:\\wamp64\\www\\h...', 172, Array)
#1 C:\wamp64\www\htmlproject\system\CodeIgniter.php(936): App\Controllers\Admin\Deposits->getDepo()
#2 C:\wamp64\www\htmlproject\system\CodeIgniter.php(432): CodeIgniter\CodeIgniter->runController(Object(App\Controllers\Admin\Deposits))
#3 C:\wamp64\www\htmlproject\system\CodeIgniter.php(333): CodeIgniter\CodeIgniter->handleRequest(NULL, Object(Config\Cache), false)
#4 C:\wamp64\www\htmlproject\index.php(44): CodeIgniter\CodeIgniter->run()
#5 C:\wamp64\www\htmlproject\system\Commands\Server\rewrite.php(45): require_once('C:\\wamp64\\www\\h...')
#6 {main}
