ERROR - 2021-12-29 06:27:08 --> mysqli_sql_exception: Cannot delete or update a parent row: a foreign key constraint fails (`tuma`.`investments`, CONSTRAINT `investments_ibfk_3` FOREIGN KEY (`plan`) REFERENCES `plans` (`id`) ON DELETE NO ACTION ON UPDATE NO ACTION) in C:\wamp64\www\htmlproject\system\Database\MySQLi\Connection.php:314
Stack trace:
#0 C:\wamp64\www\htmlproject\system\Database\MySQLi\Connection.php(314): mysqli->query('DELETE FROM `pl...')
#1 C:\wamp64\www\htmlproject\system\Database\BaseConnection.php(713): CodeIgniter\Database\MySQLi\Connection->execute('DELETE FROM `pl...')
#2 C:\wamp64\www\htmlproject\system\Database\BaseConnection.php(641): CodeIgniter\Database\BaseConnection->simpleQuery('DELETE FROM `pl...')
#3 C:\wamp64\www\htmlproject\system\Database\BaseBuilder.php(2864): CodeIgniter\Database\BaseConnection->query('DELETE FROM `pl...', Array, false)
#4 C:\wamp64\www\htmlproject\system\Model.php(422): CodeIgniter\Database\BaseBuilder->delete()
#5 C:\wamp64\www\htmlproject\system\BaseModel.php(1009): CodeIgniter\Model->doDelete(Array, false)
#6 C:\wamp64\www\htmlproject\app\Controllers\Admin\Plans.php(47): CodeIgniter\BaseModel->delete(Array)
#7 C:\wamp64\www\htmlproject\system\CodeIgniter.php(936): App\Controllers\Admin\Plans->delete('7')
#8 C:\wamp64\www\htmlproject\system\CodeIgniter.php(432): CodeIgniter\CodeIgniter->runController(Object(App\Controllers\Admin\Plans))
#9 C:\wamp64\www\htmlproject\system\CodeIgniter.php(333): CodeIgniter\CodeIgniter->handleRequest(NULL, Object(Config\Cache), false)
#10 C:\wamp64\www\htmlproject\index.php(44): CodeIgniter\CodeIgniter->run()
#11 C:\wamp64\www\htmlproject\system\Commands\Server\rewrite.php(45): require_once('C:\\wamp64\\www\\h...')
#12 {main}
CRITICAL - 2021-12-29 06:27:08 --> Cannot delete or update a parent row: a foreign key constraint fails (`tuma`.`investments`, CONSTRAINT `investments_ibfk_3` FOREIGN KEY (`plan`) REFERENCES `plans` (`id`) ON DELETE NO ACTION ON UPDATE NO ACTION)
#0 C:\wamp64\www\htmlproject\system\Database\MySQLi\Connection.php(314): mysqli->query('DELETE FROM `pl...')
#1 C:\wamp64\www\htmlproject\system\Database\BaseConnection.php(713): CodeIgniter\Database\MySQLi\Connection->execute('DELETE FROM `pl...')
#2 C:\wamp64\www\htmlproject\system\Database\BaseConnection.php(641): CodeIgniter\Database\BaseConnection->simpleQuery('DELETE FROM `pl...')
#3 C:\wamp64\www\htmlproject\system\Database\BaseBuilder.php(2864): CodeIgniter\Database\BaseConnection->query('DELETE FROM `pl...', Array, false)
#4 C:\wamp64\www\htmlproject\system\Model.php(422): CodeIgniter\Database\BaseBuilder->delete()
#5 C:\wamp64\www\htmlproject\system\BaseModel.php(1009): CodeIgniter\Model->doDelete(Array, false)
#6 C:\wamp64\www\htmlproject\app\Controllers\Admin\Plans.php(47): CodeIgniter\BaseModel->delete(Array)
#7 C:\wamp64\www\htmlproject\system\CodeIgniter.php(936): App\Controllers\Admin\Plans->delete('7')
#8 C:\wamp64\www\htmlproject\system\CodeIgniter.php(432): CodeIgniter\CodeIgniter->runController(Object(App\Controllers\Admin\Plans))
#9 C:\wamp64\www\htmlproject\system\CodeIgniter.php(333): CodeIgniter\CodeIgniter->handleRequest(NULL, Object(Config\Cache), false)
#10 C:\wamp64\www\htmlproject\index.php(44): CodeIgniter\CodeIgniter->run()
#11 C:\wamp64\www\htmlproject\system\Commands\Server\rewrite.php(45): require_once('C:\\wamp64\\www\\h...')
#12 {main}
CRITICAL - 2021-12-29 17:59:16 --> Cannot use isset() on the result of an expression (you can use "null !== expression" instead)
#0 [internal function]: CodeIgniter\Debug\Exceptions->shutdownHandler()
#1 {main}
CRITICAL - 2021-12-29 18:09:32 --> There is no data to insert.
#0 C:\wamp64\www\htmlproject\system\BaseModel.php(735): CodeIgniter\Database\Exceptions\DataException::forEmptyDataset('insert')
#1 C:\wamp64\www\htmlproject\system\Model.php(705): CodeIgniter\BaseModel->insert(Array, false)
#2 C:\wamp64\www\htmlproject\system\BaseModel.php(667): CodeIgniter\Model->insert(Array, false)
#3 C:\wamp64\www\htmlproject\app\Controllers\Admin\Plans.php(73): CodeIgniter\BaseModel->save(Array)
#4 C:\wamp64\www\htmlproject\system\CodeIgniter.php(936): App\Controllers\Admin\Plans->edit('6')
#5 C:\wamp64\www\htmlproject\system\CodeIgniter.php(432): CodeIgniter\CodeIgniter->runController(Object(App\Controllers\Admin\Plans))
#6 C:\wamp64\www\htmlproject\system\CodeIgniter.php(333): CodeIgniter\CodeIgniter->handleRequest(NULL, Object(Config\Cache), false)
#7 C:\wamp64\www\htmlproject\index.php(44): CodeIgniter\CodeIgniter->run()
#8 C:\wamp64\www\htmlproject\system\Commands\Server\rewrite.php(45): require_once('C:\\wamp64\\www\\h...')
#9 {main}
CRITICAL - 2021-12-29 19:11:51 --> Call to undefined function App\Controllers\Admin\route()
#0 C:\wamp64\www\htmlproject\system\CodeIgniter.php(936): App\Controllers\Admin\Plans->edit('1')
#1 C:\wamp64\www\htmlproject\system\CodeIgniter.php(432): CodeIgniter\CodeIgniter->runController(Object(App\Controllers\Admin\Plans))
#2 C:\wamp64\www\htmlproject\system\CodeIgniter.php(333): CodeIgniter\CodeIgniter->handleRequest(NULL, Object(Config\Cache), false)
#3 C:\wamp64\www\htmlproject\index.php(44): CodeIgniter\CodeIgniter->run()
#4 C:\wamp64\www\htmlproject\system\Commands\Server\rewrite.php(45): require_once('C:\\wamp64\\www\\h...')
#5 {main}
CRITICAL - 2021-12-29 19:13:04 --> Call to undefined method CodeIgniter\HTTP\IncomingRequest::route()
#0 C:\wamp64\www\htmlproject\system\CodeIgniter.php(936): App\Controllers\Admin\Plans->edit('1')
#1 C:\wamp64\www\htmlproject\system\CodeIgniter.php(432): CodeIgniter\CodeIgniter->runController(Object(App\Controllers\Admin\Plans))
#2 C:\wamp64\www\htmlproject\system\CodeIgniter.php(333): CodeIgniter\CodeIgniter->handleRequest(NULL, Object(Config\Cache), false)
#3 C:\wamp64\www\htmlproject\index.php(44): CodeIgniter\CodeIgniter->run()
#4 C:\wamp64\www\htmlproject\system\Commands\Server\rewrite.php(45): require_once('C:\\wamp64\\www\\h...')
#5 {main}
CRITICAL - 2021-12-29 19:14:27 -->  route cannot be found while reverse-routing.
#0 C:\wamp64\www\htmlproject\system\HTTP\RedirectResponse.php(63): CodeIgniter\HTTP\Exceptions\HTTPException::forInvalidRedirectRoute('')
#1 C:\wamp64\www\htmlproject\app\Controllers\Admin\Plans.php(74): CodeIgniter\HTTP\RedirectResponse->route(false)
#2 C:\wamp64\www\htmlproject\system\CodeIgniter.php(936): App\Controllers\Admin\Plans->edit('1')
#3 C:\wamp64\www\htmlproject\system\CodeIgniter.php(432): CodeIgniter\CodeIgniter->runController(Object(App\Controllers\Admin\Plans))
#4 C:\wamp64\www\htmlproject\system\CodeIgniter.php(333): CodeIgniter\CodeIgniter->handleRequest(NULL, Object(Config\Cache), false)
#5 C:\wamp64\www\htmlproject\index.php(44): CodeIgniter\CodeIgniter->run()
#6 C:\wamp64\www\htmlproject\system\Commands\Server\rewrite.php(45): require_once('C:\\wamp64\\www\\h...')
#7 {main}
CRITICAL - 2021-12-29 19:14:58 -->  route cannot be found while reverse-routing.
#0 C:\wamp64\www\htmlproject\system\HTTP\RedirectResponse.php(63): CodeIgniter\HTTP\Exceptions\HTTPException::forInvalidRedirectRoute('')
#1 C:\wamp64\www\htmlproject\app\Controllers\Admin\Plans.php(74): CodeIgniter\HTTP\RedirectResponse->route(false)
#2 C:\wamp64\www\htmlproject\system\CodeIgniter.php(936): App\Controllers\Admin\Plans->edit('1')
#3 C:\wamp64\www\htmlproject\system\CodeIgniter.php(432): CodeIgniter\CodeIgniter->runController(Object(App\Controllers\Admin\Plans))
#4 C:\wamp64\www\htmlproject\system\CodeIgniter.php(333): CodeIgniter\CodeIgniter->handleRequest(NULL, Object(Config\Cache), false)
#5 C:\wamp64\www\htmlproject\index.php(44): CodeIgniter\CodeIgniter->run()
#6 C:\wamp64\www\htmlproject\system\Commands\Server\rewrite.php(45): require_once('C:\\wamp64\\www\\h...')
#7 {main}
CRITICAL - 2021-12-29 19:16:58 -->  route cannot be found while reverse-routing.
#0 C:\wamp64\www\htmlproject\system\HTTP\RedirectResponse.php(63): CodeIgniter\HTTP\Exceptions\HTTPException::forInvalidRedirectRoute('')
#1 C:\wamp64\www\htmlproject\app\Controllers\Admin\Plans.php(74): CodeIgniter\HTTP\RedirectResponse->route(false)
#2 C:\wamp64\www\htmlproject\system\CodeIgniter.php(936): App\Controllers\Admin\Plans->edit('1')
#3 C:\wamp64\www\htmlproject\system\CodeIgniter.php(432): CodeIgniter\CodeIgniter->runController(Object(App\Controllers\Admin\Plans))
#4 C:\wamp64\www\htmlproject\system\CodeIgniter.php(333): CodeIgniter\CodeIgniter->handleRequest(NULL, Object(Config\Cache), false)
#5 C:\wamp64\www\htmlproject\index.php(44): CodeIgniter\CodeIgniter->run()
#6 C:\wamp64\www\htmlproject\system\Commands\Server\rewrite.php(45): require_once('C:\\wamp64\\www\\h...')
#7 {main}
CRITICAL - 2021-12-29 19:17:16 -->  route cannot be found while reverse-routing.
#0 C:\wamp64\www\htmlproject\system\HTTP\RedirectResponse.php(63): CodeIgniter\HTTP\Exceptions\HTTPException::forInvalidRedirectRoute('')
#1 C:\wamp64\www\htmlproject\app\Controllers\Admin\Plans.php(74): CodeIgniter\HTTP\RedirectResponse->route(false)
#2 C:\wamp64\www\htmlproject\system\CodeIgniter.php(936): App\Controllers\Admin\Plans->edit('1')
#3 C:\wamp64\www\htmlproject\system\CodeIgniter.php(432): CodeIgniter\CodeIgniter->runController(Object(App\Controllers\Admin\Plans))
#4 C:\wamp64\www\htmlproject\system\CodeIgniter.php(333): CodeIgniter\CodeIgniter->handleRequest(NULL, Object(Config\Cache), false)
#5 C:\wamp64\www\htmlproject\index.php(44): CodeIgniter\CodeIgniter->run()
#6 C:\wamp64\www\htmlproject\system\Commands\Server\rewrite.php(45): require_once('C:\\wamp64\\www\\h...')
#7 {main}
CRITICAL - 2021-12-29 19:17:48 -->  route cannot be found while reverse-routing.
#0 C:\wamp64\www\htmlproject\system\HTTP\RedirectResponse.php(63): CodeIgniter\HTTP\Exceptions\HTTPException::forInvalidRedirectRoute('')
#1 C:\wamp64\www\htmlproject\app\Controllers\Admin\Plans.php(74): CodeIgniter\HTTP\RedirectResponse->route(false)
#2 C:\wamp64\www\htmlproject\system\CodeIgniter.php(936): App\Controllers\Admin\Plans->edit('1')
#3 C:\wamp64\www\htmlproject\system\CodeIgniter.php(432): CodeIgniter\CodeIgniter->runController(Object(App\Controllers\Admin\Plans))
#4 C:\wamp64\www\htmlproject\system\CodeIgniter.php(333): CodeIgniter\CodeIgniter->handleRequest(NULL, Object(Config\Cache), false)
#5 C:\wamp64\www\htmlproject\index.php(44): CodeIgniter\CodeIgniter->run()
#6 C:\wamp64\www\htmlproject\system\Commands\Server\rewrite.php(45): require_once('C:\\wamp64\\www\\h...')
#7 {main}
CRITICAL - 2021-12-29 19:20:31 --> Too few arguments to function App\Controllers\Admin\Plans::edit(), 0 passed in C:\wamp64\www\htmlproject\system\CodeIgniter.php on line 936 and exactly 1 expected
#0 C:\wamp64\www\htmlproject\system\CodeIgniter.php(936): App\Controllers\Admin\Plans->edit()
#1 C:\wamp64\www\htmlproject\system\CodeIgniter.php(432): CodeIgniter\CodeIgniter->runController(Object(App\Controllers\Admin\Plans))
#2 C:\wamp64\www\htmlproject\system\CodeIgniter.php(333): CodeIgniter\CodeIgniter->handleRequest(NULL, Object(Config\Cache), false)
#3 C:\wamp64\www\htmlproject\index.php(44): CodeIgniter\CodeIgniter->run()
#4 C:\wamp64\www\htmlproject\system\Commands\Server\rewrite.php(45): require_once('C:\\wamp64\\www\\h...')
#5 {main}
CRITICAL - 2021-12-29 19:20:45 --> Too few arguments to function App\Controllers\Admin\Plans::edit(), 0 passed in C:\wamp64\www\htmlproject\system\CodeIgniter.php on line 936 and exactly 1 expected
#0 C:\wamp64\www\htmlproject\system\CodeIgniter.php(936): App\Controllers\Admin\Plans->edit()
#1 C:\wamp64\www\htmlproject\system\CodeIgniter.php(432): CodeIgniter\CodeIgniter->runController(Object(App\Controllers\Admin\Plans))
#2 C:\wamp64\www\htmlproject\system\CodeIgniter.php(333): CodeIgniter\CodeIgniter->handleRequest(NULL, Object(Config\Cache), false)
#3 C:\wamp64\www\htmlproject\index.php(44): CodeIgniter\CodeIgniter->run()
#4 C:\wamp64\www\htmlproject\system\Commands\Server\rewrite.php(45): require_once('C:\\wamp64\\www\\h...')
#5 {main}
CRITICAL - 2021-12-29 22:14:25 --> Call to undefined method App\Models\AuthModel::orLike()
#0 C:\wamp64\www\htmlproject\system\CodeIgniter.php(936): App\Controllers\Admin\Users->gtsr()
#1 C:\wamp64\www\htmlproject\system\CodeIgniter.php(432): CodeIgniter\CodeIgniter->runController(Object(App\Controllers\Admin\Users))
#2 C:\wamp64\www\htmlproject\system\CodeIgniter.php(333): CodeIgniter\CodeIgniter->handleRequest(NULL, Object(Config\Cache), false)
#3 C:\wamp64\www\htmlproject\index.php(44): CodeIgniter\CodeIgniter->run()
#4 C:\wamp64\www\htmlproject\system\Commands\Server\rewrite.php(45): require_once('C:\\wamp64\\www\\h...')
#5 {main}
CRITICAL - 2021-12-29 22:15:56 --> Call to undefined method App\Models\AuthModel::or_like()
#0 C:\wamp64\www\htmlproject\system\CodeIgniter.php(936): App\Controllers\Admin\Users->gtsr()
#1 C:\wamp64\www\htmlproject\system\CodeIgniter.php(432): CodeIgniter\CodeIgniter->runController(Object(App\Controllers\Admin\Users))
#2 C:\wamp64\www\htmlproject\system\CodeIgniter.php(333): CodeIgniter\CodeIgniter->handleRequest(NULL, Object(Config\Cache), false)
#3 C:\wamp64\www\htmlproject\index.php(44): CodeIgniter\CodeIgniter->run()
#4 C:\wamp64\www\htmlproject\system\Commands\Server\rewrite.php(45): require_once('C:\\wamp64\\www\\h...')
#5 {main}
CRITICAL - 2021-12-29 22:20:48 --> Call to undefined method App\Models\AuthModel::orWhere()
#0 C:\wamp64\www\htmlproject\system\CodeIgniter.php(936): App\Controllers\Admin\Users->gtsr()
#1 C:\wamp64\www\htmlproject\system\CodeIgniter.php(432): CodeIgniter\CodeIgniter->runController(Object(App\Controllers\Admin\Users))
#2 C:\wamp64\www\htmlproject\system\CodeIgniter.php(333): CodeIgniter\CodeIgniter->handleRequest(NULL, Object(Config\Cache), false)
#3 C:\wamp64\www\htmlproject\index.php(44): CodeIgniter\CodeIgniter->run()
#4 C:\wamp64\www\htmlproject\system\Commands\Server\rewrite.php(45): require_once('C:\\wamp64\\www\\h...')
#5 {main}
CRITICAL - 2021-12-29 22:25:43 --> Call to a member function orWhere() on array
#0 C:\wamp64\www\htmlproject\system\CodeIgniter.php(936): App\Controllers\Admin\Users->gtsr()
#1 C:\wamp64\www\htmlproject\system\CodeIgniter.php(432): CodeIgniter\CodeIgniter->runController(Object(App\Controllers\Admin\Users))
#2 C:\wamp64\www\htmlproject\system\CodeIgniter.php(333): CodeIgniter\CodeIgniter->handleRequest(NULL, Object(Config\Cache), false)
#3 C:\wamp64\www\htmlproject\index.php(44): CodeIgniter\CodeIgniter->run()
#4 C:\wamp64\www\htmlproject\system\Commands\Server\rewrite.php(45): require_once('C:\\wamp64\\www\\h...')
#5 {main}
CRITICAL - 2021-12-29 22:27:15 --> Call to undefined method App\Models\Users::users
#0 C:\wamp64\www\htmlproject\app\Controllers\Admin\Users.php(111): CodeIgniter\Model->__call('users', Array)
#1 C:\wamp64\www\htmlproject\system\CodeIgniter.php(936): App\Controllers\Admin\Users->gtsr()
#2 C:\wamp64\www\htmlproject\system\CodeIgniter.php(432): CodeIgniter\CodeIgniter->runController(Object(App\Controllers\Admin\Users))
#3 C:\wamp64\www\htmlproject\system\CodeIgniter.php(333): CodeIgniter\CodeIgniter->handleRequest(NULL, Object(Config\Cache), false)
#4 C:\wamp64\www\htmlproject\index.php(44): CodeIgniter\CodeIgniter->run()
#5 C:\wamp64\www\htmlproject\system\Commands\Server\rewrite.php(45): require_once('C:\\wamp64\\www\\h...')
#6 {main}
CRITICAL - 2021-12-29 22:27:41 --> count(): Parameter must be an array or an object that implements Countable
#0 [internal function]: CodeIgniter\Debug\Exceptions->errorHandler(2, 'count(): Parame...', 'C:\\wamp64\\www\\h...', 110, Array)
#1 C:\wamp64\www\htmlproject\app\Controllers\Admin\Users.php(110): count(Object(App\Models\Users))
#2 C:\wamp64\www\htmlproject\system\CodeIgniter.php(936): App\Controllers\Admin\Users->gtsr()
#3 C:\wamp64\www\htmlproject\system\CodeIgniter.php(432): CodeIgniter\CodeIgniter->runController(Object(App\Controllers\Admin\Users))
#4 C:\wamp64\www\htmlproject\system\CodeIgniter.php(333): CodeIgniter\CodeIgniter->handleRequest(NULL, Object(Config\Cache), false)
#5 C:\wamp64\www\htmlproject\index.php(44): CodeIgniter\CodeIgniter->run()
#6 C:\wamp64\www\htmlproject\system\Commands\Server\rewrite.php(45): require_once('C:\\wamp64\\www\\h...')
#7 {main}
CRITICAL - 2021-12-29 22:49:39 --> Call to undefined method App\Models\AuthModel::orWhere()
#0 C:\wamp64\www\htmlproject\system\CodeIgniter.php(936): App\Controllers\Admin\Users->gtsr()
#1 C:\wamp64\www\htmlproject\system\CodeIgniter.php(432): CodeIgniter\CodeIgniter->runController(Object(App\Controllers\Admin\Users))
#2 C:\wamp64\www\htmlproject\system\CodeIgniter.php(333): CodeIgniter\CodeIgniter->handleRequest(NULL, Object(Config\Cache), false)
#3 C:\wamp64\www\htmlproject\index.php(44): CodeIgniter\CodeIgniter->run()
#4 C:\wamp64\www\htmlproject\system\Commands\Server\rewrite.php(45): require_once('C:\\wamp64\\www\\h...')
#5 {main}
CRITICAL - 2021-12-29 23:27:54 --> Call to undefined method App\Models\AuthModel::findAll()
#0 C:\wamp64\www\htmlproject\system\CodeIgniter.php(936): App\Controllers\Admin\Users->gtsr()
#1 C:\wamp64\www\htmlproject\system\CodeIgniter.php(432): CodeIgniter\CodeIgniter->runController(Object(App\Controllers\Admin\Users))
#2 C:\wamp64\www\htmlproject\system\CodeIgniter.php(333): CodeIgniter\CodeIgniter->handleRequest(NULL, Object(Config\Cache), false)
#3 C:\wamp64\www\htmlproject\index.php(44): CodeIgniter\CodeIgniter->run()
#4 C:\wamp64\www\htmlproject\system\Commands\Server\rewrite.php(45): require_once('C:\\wamp64\\www\\h...')
#5 {main}
CRITICAL - 2021-12-29 23:32:44 --> Call to a member function like() on array
#0 C:\wamp64\www\htmlproject\system\CodeIgniter.php(936): App\Controllers\Admin\Users->gtsr()
#1 C:\wamp64\www\htmlproject\system\CodeIgniter.php(432): CodeIgniter\CodeIgniter->runController(Object(App\Controllers\Admin\Users))
#2 C:\wamp64\www\htmlproject\system\CodeIgniter.php(333): CodeIgniter\CodeIgniter->handleRequest(NULL, Object(Config\Cache), false)
#3 C:\wamp64\www\htmlproject\index.php(44): CodeIgniter\CodeIgniter->run()
#4 C:\wamp64\www\htmlproject\system\Commands\Server\rewrite.php(45): require_once('C:\\wamp64\\www\\h...')
#5 {main}
CRITICAL - 2021-12-29 23:33:36 --> syntax error, unexpected ';', expecting ')'
#0 C:\wamp64\www\htmlproject\system\Router\Router.php(170): CodeIgniter\Router\Router->autoRoute('admin/users/gts...')
#1 C:\wamp64\www\htmlproject\system\CodeIgniter.php(816): CodeIgniter\Router\Router->handle('admin/users/gts...')
#2 C:\wamp64\www\htmlproject\system\CodeIgniter.php(385): CodeIgniter\CodeIgniter->tryToRouteIt(Object(CodeIgniter\Router\RouteCollection))
#3 C:\wamp64\www\htmlproject\system\CodeIgniter.php(333): CodeIgniter\CodeIgniter->handleRequest(NULL, Object(Config\Cache), false)
#4 C:\wamp64\www\htmlproject\index.php(44): CodeIgniter\CodeIgniter->run()
#5 C:\wamp64\www\htmlproject\system\Commands\Server\rewrite.php(45): require_once('C:\\wamp64\\www\\h...')
#6 {main}
